FUSE library version: 2.9.4
unique: 1, opcode: INIT (26), nodeid: 0, insize: 56, pid: 0
INIT: 7.26
flags=0x001ffffb
max_readahead=0x00020000
   INIT: 7.19
   flags=0x00000000
   max_readahead=0x00020000
   max_write=0x00020000
   max_background=0
   congestion_threshold=0
   unique: 1, success, outsize: 40
unique: 2, opcode: LOOKUP (1), nodeid: 1, insize: 46, pid: 7789
========== yfs::readdir(dir: 1) ==========
end of yfs::readdir()

isfile: 2 is a dir
getattr 0000000000000002 0
isfile: 2 is a dir
isdir: 2 is a dir
getdir 0000000000000002
   getattr -> 1542439906 1542439906 1542439906
   unique: 2, success, outsize: 144
unique: 3, opcode: ACCESS (34), nodeid: 2, insize: 48, pid: 7789
   unique: 3, error: -38 (Function not implemented), outsize: 16
unique: 4, opcode: LOOKUP (1), nodeid: 1, insize: 46, pid: 7790
========== yfs::readdir(dir: 1) ==========
end of yfs::readdir()

isfile: 2 is a dir
getattr 0000000000000002 0
isfile: 2 is a dir
isdir: 2 is a dir
getdir 0000000000000002
   getattr -> 1542439906 1542439906 1542439906
   unique: 4, success, outsize: 144
unique: 5, opcode: LOOKUP (1), nodeid: 2, insize: 45, pid: 7790
========== yfs::readdir(dir: 2) ==========
end of yfs::readdir()

   unique: 5, error: -2 (No such file or directory), outsize: 16
unique: 6, opcode: CREATE (35), nodeid: 2, insize: 61, pid: 7790
=============== fuseserver_create(parent: 2, name: xx-0) ===============
=============== fuseserver_createhelper(parent:	2, name:	xx-0 ===============
create, parent:2, name:xx-0
========== yfs::readdir(dir: 2) ==========
end of yfs::readdir()

isfile: 4 is a file
getattr 0000000000000004 1
isfile: 4 is a file
getfile 0000000000000004
getfile 0000000000000004 -> sz 0
   getattr -> 0
end of fuseserver_createhelper()

   unique: 6, success, outsize: 160
OK: create returns.
unique: 7, opcode: GETXATTR (22), nodeid: 4, insize: 68, pid: 7790
   unique: 7, error: -38 (Function not implemented), outsize: 16
unique: 8, opcode: WRITE (16), nodeid: 4, insize: 84, pid: 7790
   unique: 8, success, outsize: 24
unique: 9, opcode: FLUSH (25), nodeid: 4, insize: 64, pid: 7790
   unique: 9, error: -38 (Function not implemented), outsize: 16
unique: 10, opcode: RELEASE (18), nodeid: 4, insize: 64, pid: 0
   unique: 10, success, outsize: 16
unique: 11, opcode: LOOKUP (1), nodeid: 1, insize: 46, pid: 7790
========== yfs::readdir(dir: 1) ==========
end of yfs::readdir()

isfile: 2 is a dir
getattr 0000000000000002 0
isfile: 2 is a dir
isdir: 2 is a dir
getdir 0000000000000002
   getattr -> 1542439908 1542439908 1542439908
   unique: 11, success, outsize: 144
unique: 12, opcode: LOOKUP (1), nodeid: 2, insize: 45, pid: 7790
========== yfs::readdir(dir: 2) ==========
end of yfs::readdir()

   unique: 12, error: -2 (No such file or directory), outsize: 16
unique: 13, opcode: CREATE (35), nodeid: 2, insize: 61, pid: 7790
=============== fuseserver_create(parent: 2, name: xx-1) ===============
=============== fuseserver_createhelper(parent:	2, name:	xx-1 ===============
create, parent:2, name:xx-1
========== yfs::readdir(dir: 2) ==========
end of yfs::readdir()

isfile: 6 is a file
getattr 0000000000000006 1
isfile: 6 is a file
getfile 0000000000000006
getfile 0000000000000006 -> sz 0
   getattr -> 0
end of fuseserver_createhelper()

   unique: 13, success, outsize: 160
OK: create returns.
unique: 14, opcode: WRITE (16), nodeid: 6, insize: 84, pid: 7790
   unique: 14, success, outsize: 24
unique: 15, opcode: RELEASE (18), nodeid: 6, insize: 64, pid: 0
   unique: 15, success, outsize: 16
unique: 16, opcode: LOOKUP (1), nodeid: 1, insize: 46, pid: 7790
========== yfs::readdir(dir: 1) ==========
end of yfs::readdir()

isfile: 2 is a dir
getattr 0000000000000002 0
isfile: 2 is a dir
isdir: 2 is a dir
getdir 0000000000000002
   getattr -> 1542439908 1542439908 1542439908
   unique: 16, success, outsize: 144
unique: 17, opcode: LOOKUP (1), nodeid: 2, insize: 45, pid: 7790
========== yfs::readdir(dir: 2) ==========
end of yfs::readdir()

   unique: 17, error: -2 (No such file or directory), outsize: 16
unique: 18, opcode: CREATE (35), nodeid: 2, insize: 61, pid: 7790
=============== fuseserver_create(parent: 2, name: xx-2) ===============
=============== fuseserver_createhelper(parent:	2, name:	xx-2 ===============
create, parent:2, name:xx-2
========== yfs::readdir(dir: 2) ==========
end of yfs::readdir()

isfile: 8 is a file
getattr 0000000000000008 1
isfile: 8 is a file
getfile 0000000000000008
getfile 0000000000000008 -> sz 0
   getattr -> 0
end of fuseserver_createhelper()

   unique: 18, success, outsize: 160
OK: create returns.
unique: 19, opcode: WRITE (16), nodeid: 8, insize: 84, pid: 7790
   unique: 19, success, outsize: 24
unique: 20, opcode: RELEASE (18), nodeid: 8, insize: 64, pid: 0
   unique: 20, success, outsize: 16
unique: 21, opcode: LOOKUP (1), nodeid: 1, insize: 46, pid: 7790
========== yfs::readdir(dir: 1) ==========
end of yfs::readdir()

isfile: 2 is a dir
getattr 0000000000000002 0
isfile: 2 is a dir
isdir: 2 is a dir
getdir 0000000000000002
   getattr -> 1542439908 1542439908 1542439908
   unique: 21, success, outsize: 144
unique: 22, opcode: LOOKUP (1), nodeid: 2, insize: 45, pid: 7790
========== yfs::readdir(dir: 2) ==========
end of yfs::readdir()

   unique: 22, error: -2 (No such file or directory), outsize: 16
unique: 23, opcode: CREATE (35), nodeid: 2, insize: 61, pid: 7790
=============== fuseserver_create(parent: 2, name: xx-3) ===============
=============== fuseserver_createhelper(parent:	2, name:	xx-3 ===============
create, parent:2, name:xx-3
========== yfs::readdir(dir: 2) ==========
end of yfs::readdir()

isfile: 10 is a file
getattr 000000000000000a 1
isfile: 10 is a file
getfile 000000000000000a
getfile 000000000000000a -> sz 0
   getattr -> 0
end of fuseserver_createhelper()

   unique: 23, success, outsize: 160
OK: create returns.
unique: 24, opcode: WRITE (16), nodeid: 10, insize: 84, pid: 7790
   unique: 24, success, outsize: 24
unique: 25, opcode: RELEASE (18), nodeid: 10, insize: 64, pid: 0
   unique: 25, success, outsize: 16
unique: 26, opcode: LOOKUP (1), nodeid: 1, insize: 46, pid: 7790
========== yfs::readdir(dir: 1) ==========
end of yfs::readdir()

isfile: 2 is a dir
getattr 0000000000000002 0
isfile: 2 is a dir
isdir: 2 is a dir
getdir 0000000000000002
   getattr -> 1542439908 1542439908 1542439908
   unique: 26, success, outsize: 144
unique: 27, opcode: LOOKUP (1), nodeid: 2, insize: 45, pid: 7790
========== yfs::readdir(dir: 2) ==========
end of yfs::readdir()

   unique: 27, error: -2 (No such file or directory), outsize: 16
unique: 28, opcode: CREATE (35), nodeid: 2, insize: 61, pid: 7790
=============== fuseserver_create(parent: 2, name: xx-4) ===============
=============== fuseserver_createhelper(parent:	2, name:	xx-4 ===============
create, parent:2, name:xx-4
========== yfs::readdir(dir: 2) ==========
end of yfs::readdir()

isfile: 12 is a file
getattr 000000000000000c 1
isfile: 12 is a file
getfile 000000000000000c
getfile 000000000000000c -> sz 0
   getattr -> 0
end of fuseserver_createhelper()

   unique: 28, success, outsize: 160
OK: create returns.
unique: 29, opcode: WRITE (16), nodeid: 12, insize: 84, pid: 7790
   unique: 29, success, outsize: 24
unique: 30, opcode: RELEASE (18), nodeid: 12, insize: 64, pid: 0
   unique: 30, success, outsize: 16
unique: 31, opcode: LOOKUP (1), nodeid: 1, insize: 46, pid: 7790
========== yfs::readdir(dir: 1) ==========
end of yfs::readdir()

isfile: 2 is a dir
getattr 0000000000000002 0
isfile: 2 is a dir
isdir: 2 is a dir
getdir 0000000000000002
   getattr -> 1542439908 1542439908 1542439908
   unique: 31, success, outsize: 144
unique: 32, opcode: LOOKUP (1), nodeid: 2, insize: 45, pid: 7790
========== yfs::readdir(dir: 2) ==========
end of yfs::readdir()

   unique: 32, error: -2 (No such file or directory), outsize: 16
unique: 33, opcode: CREATE (35), nodeid: 2, insize: 61, pid: 7790
=============== fuseserver_create(parent: 2, name: xx-5) ===============
=============== fuseserver_createhelper(parent:	2, name:	xx-5 ===============
create, parent:2, name:xx-5
========== yfs::readdir(dir: 2) ==========
end of yfs::readdir()

isfile: 14 is a file
getattr 000000000000000e 1
isfile: 14 is a file
getfile 000000000000000e
getfile 000000000000000e -> sz 0
   getattr -> 0
end of fuseserver_createhelper()

   unique: 33, success, outsize: 160
OK: create returns.
unique: 34, opcode: WRITE (16), nodeid: 14, insize: 84, pid: 7790
   unique: 34, success, outsize: 24
unique: 35, opcode: RELEASE (18), nodeid: 14, insize: 64, pid: 0
   unique: 35, success, outsize: 16
unique: 36, opcode: LOOKUP (1), nodeid: 1, insize: 46, pid: 7790
========== yfs::readdir(dir: 1) ==========
end of yfs::readdir()

isfile: 2 is a dir
getattr 0000000000000002 0
isfile: 2 is a dir
isdir: 2 is a dir
getdir 0000000000000002
   getattr -> 1542439908 1542439908 1542439908
   unique: 36, success, outsize: 144
unique: 37, opcode: LOOKUP (1), nodeid: 2, insize: 45, pid: 7790
========== yfs::readdir(dir: 2) ==========
end of yfs::readdir()

   unique: 37, error: -2 (No such file or directory), outsize: 16
unique: 38, opcode: CREATE (35), nodeid: 2, insize: 61, pid: 7790
=============== fuseserver_create(parent: 2, name: xx-6) ===============
=============== fuseserver_createhelper(parent:	2, name:	xx-6 ===============
create, parent:2, name:xx-6
========== yfs::readdir(dir: 2) ==========
end of yfs::readdir()

isfile: 16 is a file
getattr 0000000000000010 1
isfile: 16 is a file
getfile 0000000000000010
getfile 0000000000000010 -> sz 0
   getattr -> 0
end of fuseserver_createhelper()

   unique: 38, success, outsize: 160
OK: create returns.
unique: 39, opcode: WRITE (16), nodeid: 16, insize: 84, pid: 7790
   unique: 39, success, outsize: 24
unique: 40, opcode: RELEASE (18), nodeid: 16, insize: 64, pid: 0
   unique: 40, success, outsize: 16
unique: 41, opcode: LOOKUP (1), nodeid: 1, insize: 46, pid: 7790
========== yfs::readdir(dir: 1) ==========
end of yfs::readdir()

isfile: 2 is a dir
getattr 0000000000000002 0
isfile: 2 is a dir
isdir: 2 is a dir
getdir 0000000000000002
   getattr -> 1542439908 1542439908 1542439908
   unique: 41, success, outsize: 144
unique: 42, opcode: LOOKUP (1), nodeid: 2, insize: 45, pid: 7790
========== yfs::readdir(dir: 2) ==========
end of yfs::readdir()

   unique: 42, error: -2 (No such file or directory), outsize: 16
unique: 43, opcode: CREATE (35), nodeid: 2, insize: 61, pid: 7790
=============== fuseserver_create(parent: 2, name: xx-7) ===============
=============== fuseserver_createhelper(parent:	2, name:	xx-7 ===============
create, parent:2, name:xx-7
========== yfs::readdir(dir: 2) ==========
end of yfs::readdir()

isfile: 18 is a file
getattr 0000000000000012 1
isfile: 18 is a file
getfile 0000000000000012
getfile 0000000000000012 -> sz 0
   getattr -> 0
end of fuseserver_createhelper()

   unique: 43, success, outsize: 160
OK: create returns.
unique: 44, opcode: WRITE (16), nodeid: 18, insize: 84, pid: 7790
   unique: 44, success, outsize: 24
unique: 45, opcode: RELEASE (18), nodeid: 18, insize: 64, pid: 0
   unique: 45, success, outsize: 16
unique: 46, opcode: LOOKUP (1), nodeid: 1, insize: 46, pid: 7790
========== yfs::readdir(dir: 1) ==========
end of yfs::readdir()

isfile: 2 is a dir
getattr 0000000000000002 0
isfile: 2 is a dir
isdir: 2 is a dir
getdir 0000000000000002
   getattr -> 1542439908 1542439908 1542439908
   unique: 46, success, outsize: 144
unique: 47, opcode: LOOKUP (1), nodeid: 2, insize: 45, pid: 7790
========== yfs::readdir(dir: 2) ==========
end of yfs::readdir()

   unique: 47, error: -2 (No such file or directory), outsize: 16
unique: 48, opcode: CREATE (35), nodeid: 2, insize: 61, pid: 7790
=============== fuseserver_create(parent: 2, name: xx-8) ===============
=============== fuseserver_createhelper(parent:	2, name:	xx-8 ===============
create, parent:2, name:xx-8
========== yfs::readdir(dir: 2) ==========
end of yfs::readdir()

isfile: 20 is a file
getattr 0000000000000014 1
isfile: 20 is a file
getfile 0000000000000014
getfile 0000000000000014 -> sz 0
   getattr -> 0
end of fuseserver_createhelper()

   unique: 48, success, outsize: 160
OK: create returns.
unique: 49, opcode: WRITE (16), nodeid: 20, insize: 84, pid: 7790
   unique: 49, success, outsize: 24
unique: 50, opcode: RELEASE (18), nodeid: 20, insize: 64, pid: 0
   unique: 50, success, outsize: 16
unique: 51, opcode: LOOKUP (1), nodeid: 1, insize: 46, pid: 7790
========== yfs::readdir(dir: 1) ==========
end of yfs::readdir()

isfile: 2 is a dir
getattr 0000000000000002 0
isfile: 2 is a dir
isdir: 2 is a dir
getdir 0000000000000002
   getattr -> 1542439908 1542439908 1542439908
   unique: 51, success, outsize: 144
unique: 52, opcode: LOOKUP (1), nodeid: 2, insize: 45, pid: 7790
========== yfs::readdir(dir: 2) ==========
end of yfs::readdir()

   unique: 52, error: -2 (No such file or directory), outsize: 16
unique: 53, opcode: CREATE (35), nodeid: 2, insize: 61, pid: 7790
=============== fuseserver_create(parent: 2, name: xx-9) ===============
=============== fuseserver_createhelper(parent:	2, name:	xx-9 ===============
create, parent:2, name:xx-9
========== yfs::readdir(dir: 2) ==========
end of yfs::readdir()

isfile: 22 is a file
getattr 0000000000000016 1
isfile: 22 is a file
getfile 0000000000000016
getfile 0000000000000016 -> sz 0
   getattr -> 0
end of fuseserver_createhelper()

   unique: 53, success, outsize: 160
OK: create returns.
unique: 54, opcode: WRITE (16), nodeid: 22, insize: 84, pid: 7790
   unique: 54, success, outsize: 24
unique: 55, opcode: RELEASE (18), nodeid: 22, insize: 64, pid: 0
   unique: 55, success, outsize: 16
unique: 56, opcode: LOOKUP (1), nodeid: 1, insize: 46, pid: 7789
========== yfs::readdir(dir: 1) ==========
end of yfs::readdir()

isfile: 2 is a dir
getattr 0000000000000002 0
isfile: 2 is a dir
isdir: 2 is a dir
getdir 0000000000000002
   getattr -> 1542439912 1542439908 1542439908
   unique: 56, success, outsize: 144
unique: 57, opcode: LOOKUP (1), nodeid: 2, insize: 45, pid: 7789
========== yfs::readdir(dir: 2) ==========
end of yfs::readdir()

isfile: 3 is a file
getattr 0000000000000003 1
isfile: 3 is a file
getfile 0000000000000003
getfile 0000000000000003 -> sz 4
   getattr -> 4
   unique: 57, success, outsize: 144
unique: 58, opcode: OPEN (14), nodeid: 3, insize: 48, pid: 7789
   unique: 58, success, outsize: 32
unique: 59, opcode: READ (15), nodeid: 3, insize: 80, pid: 7789
   unique: 59, success, outsize: 20
unique: 60, opcode: RELEASE (18), nodeid: 3, insize: 64, pid: 0
   unique: 60, success, outsize: 16
unique: 61, opcode: LOOKUP (1), nodeid: 1, insize: 46, pid: 7789
========== yfs::readdir(dir: 1) ==========
end of yfs::readdir()

isfile: 2 is a dir
getattr 0000000000000002 0
isfile: 2 is a dir
isdir: 2 is a dir
getdir 0000000000000002
   getattr -> 1542439912 1542439908 1542439908
   unique: 61, success, outsize: 144
unique: 62, opcode: LOOKUP (1), nodeid: 2, insize: 45, pid: 7789
========== yfs::readdir(dir: 2) ==========
end of yfs::readdir()

isfile: 5 is a file
getattr 0000000000000005 1
isfile: 5 is a file
getfile 0000000000000005
getfile 0000000000000005 -> sz 4
   getattr -> 4
   unique: 62, success, outsize: 144
unique: 63, opcode: OPEN (14), nodeid: 5, insize: 48, pid: 7789
   unique: 63, success, outsize: 32
unique: 64, opcode: READ (15), nodeid: 5, insize: 80, pid: 7789
   unique: 64, success, outsize: 20
unique: 65, opcode: RELEASE (18), nodeid: 5, insize: 64, pid: 0
   unique: 65, success, outsize: 16
unique: 66, opcode: LOOKUP (1), nodeid: 1, insize: 46, pid: 7789
========== yfs::readdir(dir: 1) ==========
end of yfs::readdir()

isfile: 2 is a dir
getattr 0000000000000002 0
isfile: 2 is a dir
isdir: 2 is a dir
getdir 0000000000000002
   getattr -> 1542439912 1542439908 1542439908
   unique: 66, success, outsize: 144
unique: 67, opcode: LOOKUP (1), nodeid: 2, insize: 45, pid: 7789
========== yfs::readdir(dir: 2) ==========
end of yfs::readdir()

isfile: 7 is a file
getattr 0000000000000007 1
isfile: 7 is a file
getfile 0000000000000007
getfile 0000000000000007 -> sz 4
   getattr -> 4
   unique: 67, success, outsize: 144
unique: 68, opcode: OPEN (14), nodeid: 7, insize: 48, pid: 7789
   unique: 68, success, outsize: 32
unique: 69, opcode: READ (15), nodeid: 7, insize: 80, pid: 7789
   unique: 69, success, outsize: 20
unique: 70, opcode: RELEASE (18), nodeid: 7, insize: 64, pid: 0
   unique: 70, success, outsize: 16
unique: 71, opcode: LOOKUP (1), nodeid: 1, insize: 46, pid: 7789
========== yfs::readdir(dir: 1) ==========
end of yfs::readdir()

isfile: 2 is a dir
getattr 0000000000000002 0
isfile: 2 is a dir
isdir: 2 is a dir
getdir 0000000000000002
   getattr -> 1542439912 1542439908 1542439908
   unique: 71, success, outsize: 144
unique: 72, opcode: LOOKUP (1), nodeid: 2, insize: 45, pid: 7789
========== yfs::readdir(dir: 2) ==========
end of yfs::readdir()

isfile: 9 is a file
getattr 0000000000000009 1
isfile: 9 is a file
getfile 0000000000000009
getfile 0000000000000009 -> sz 4
   getattr -> 4
   unique: 72, success, outsize: 144
unique: 73, opcode: OPEN (14), nodeid: 9, insize: 48, pid: 7789
   unique: 73, success, outsize: 32
unique: 74, opcode: READ (15), nodeid: 9, insize: 80, pid: 7789
   unique: 74, success, outsize: 20
unique: 75, opcode: RELEASE (18), nodeid: 9, insize: 64, pid: 0
   unique: 75, success, outsize: 16
unique: 76, opcode: LOOKUP (1), nodeid: 1, insize: 46, pid: 7789
========== yfs::readdir(dir: 1) ==========
end of yfs::readdir()

isfile: 2 is a dir
getattr 0000000000000002 0
isfile: 2 is a dir
isdir: 2 is a dir
getdir 0000000000000002
   getattr -> 1542439912 1542439908 1542439908
   unique: 76, success, outsize: 144
unique: 77, opcode: LOOKUP (1), nodeid: 2, insize: 45, pid: 7789
========== yfs::readdir(dir: 2) ==========
end of yfs::readdir()

isfile: 11 is a file
getattr 000000000000000b 1
isfile: 11 is a file
getfile 000000000000000b
getfile 000000000000000b -> sz 4
   getattr -> 4
   unique: 77, success, outsize: 144
unique: 78, opcode: OPEN (14), nodeid: 11, insize: 48, pid: 7789
   unique: 78, success, outsize: 32
unique: 79, opcode: READ (15), nodeid: 11, insize: 80, pid: 7789
   unique: 79, success, outsize: 20
unique: 80, opcode: RELEASE (18), nodeid: 11, insize: 64, pid: 0
   unique: 80, success, outsize: 16
unique: 81, opcode: LOOKUP (1), nodeid: 1, insize: 46, pid: 7789
========== yfs::readdir(dir: 1) ==========
end of yfs::readdir()

isfile: 2 is a dir
getattr 0000000000000002 0
isfile: 2 is a dir
isdir: 2 is a dir
getdir 0000000000000002
   getattr -> 1542439912 1542439908 1542439908
   unique: 81, success, outsize: 144
unique: 82, opcode: LOOKUP (1), nodeid: 2, insize: 45, pid: 7789
========== yfs::readdir(dir: 2) ==========
end of yfs::readdir()

isfile: 13 is a file
getattr 000000000000000d 1
isfile: 13 is a file
getfile 000000000000000d
getfile 000000000000000d -> sz 4
   getattr -> 4
   unique: 82, success, outsize: 144
unique: 83, opcode: OPEN (14), nodeid: 13, insize: 48, pid: 7789
   unique: 83, success, outsize: 32
unique: 84, opcode: READ (15), nodeid: 13, insize: 80, pid: 7789
   unique: 84, success, outsize: 20
unique: 85, opcode: RELEASE (18), nodeid: 13, insize: 64, pid: 0
   unique: 85, success, outsize: 16
unique: 86, opcode: LOOKUP (1), nodeid: 1, insize: 46, pid: 7789
========== yfs::readdir(dir: 1) ==========
end of yfs::readdir()

isfile: 2 is a dir
getattr 0000000000000002 0
isfile: 2 is a dir
isdir: 2 is a dir
getdir 0000000000000002
   getattr -> 1542439912 1542439908 1542439908
   unique: 86, success, outsize: 144
unique: 87, opcode: LOOKUP (1), nodeid: 2, insize: 45, pid: 7789
========== yfs::readdir(dir: 2) ==========
end of yfs::readdir()

isfile: 15 is a file
getattr 000000000000000f 1
isfile: 15 is a file
getfile 000000000000000f
getfile 000000000000000f -> sz 4
   getattr -> 4
   unique: 87, success, outsize: 144
unique: 88, opcode: OPEN (14), nodeid: 15, insize: 48, pid: 7789
   unique: 88, success, outsize: 32
unique: 89, opcode: READ (15), nodeid: 15, insize: 80, pid: 7789
   unique: 89, success, outsize: 20
unique: 90, opcode: RELEASE (18), nodeid: 15, insize: 64, pid: 0
   unique: 90, success, outsize: 16
unique: 91, opcode: LOOKUP (1), nodeid: 1, insize: 46, pid: 7789
========== yfs::readdir(dir: 1) ==========
end of yfs::readdir()

isfile: 2 is a dir
getattr 0000000000000002 0
isfile: 2 is a dir
isdir: 2 is a dir
getdir 0000000000000002
   getattr -> 1542439912 1542439908 1542439908
   unique: 91, success, outsize: 144
unique: 92, opcode: LOOKUP (1), nodeid: 2, insize: 45, pid: 7789
========== yfs::readdir(dir: 2) ==========
end of yfs::readdir()

isfile: 17 is a file
getattr 0000000000000011 1
isfile: 17 is a file
getfile 0000000000000011
getfile 0000000000000011 -> sz 4
   getattr -> 4
   unique: 92, success, outsize: 144
unique: 93, opcode: OPEN (14), nodeid: 17, insize: 48, pid: 7789
   unique: 93, success, outsize: 32
unique: 94, opcode: READ (15), nodeid: 17, insize: 80, pid: 7789
   unique: 94, success, outsize: 20
unique: 95, opcode: RELEASE (18), nodeid: 17, insize: 64, pid: 0
   unique: 95, success, outsize: 16
unique: 96, opcode: LOOKUP (1), nodeid: 1, insize: 46, pid: 7789
========== yfs::readdir(dir: 1) ==========
end of yfs::readdir()

isfile: 2 is a dir
getattr 0000000000000002 0
isfile: 2 is a dir
isdir: 2 is a dir
getdir 0000000000000002
   getattr -> 1542439912 1542439908 1542439908
   unique: 96, success, outsize: 144
unique: 97, opcode: LOOKUP (1), nodeid: 2, insize: 45, pid: 7789
========== yfs::readdir(dir: 2) ==========
end of yfs::readdir()

isfile: 19 is a file
getattr 0000000000000013 1
isfile: 19 is a file
getfile 0000000000000013
getfile 0000000000000013 -> sz 4
   getattr -> 4
   unique: 97, success, outsize: 144
unique: 98, opcode: OPEN (14), nodeid: 19, insize: 48, pid: 7789
   unique: 98, success, outsize: 32
unique: 99, opcode: READ (15), nodeid: 19, insize: 80, pid: 7789
   unique: 99, success, outsize: 20
unique: 100, opcode: RELEASE (18), nodeid: 19, insize: 64, pid: 0
   unique: 100, success, outsize: 16
unique: 101, opcode: LOOKUP (1), nodeid: 1, insize: 46, pid: 7789
========== yfs::readdir(dir: 1) ==========
end of yfs::readdir()

isfile: 2 is a dir
getattr 0000000000000002 0
isfile: 2 is a dir
isdir: 2 is a dir
getdir 0000000000000002
   getattr -> 1542439912 1542439908 1542439908
   unique: 101, success, outsize: 144
unique: 102, opcode: LOOKUP (1), nodeid: 2, insize: 45, pid: 7789
========== yfs::readdir(dir: 2) ==========
end of yfs::readdir()

isfile: 21 is a file
getattr 0000000000000015 1
isfile: 21 is a file
getfile 0000000000000015
getfile 0000000000000015 -> sz 4
   getattr -> 4
   unique: 102, success, outsize: 144
unique: 103, opcode: OPEN (14), nodeid: 21, insize: 48, pid: 7789
   unique: 103, success, outsize: 32
unique: 104, opcode: READ (15), nodeid: 21, insize: 80, pid: 7789
   unique: 104, success, outsize: 20
unique: 105, opcode: RELEASE (18), nodeid: 21, insize: 64, pid: 0
   unique: 105, success, outsize: 16
unique: 106, opcode: LOOKUP (1), nodeid: 1, insize: 46, pid: 7791
========== yfs::readdir(dir: 1) ==========
end of yfs::readdir()

isfile: 2 is a dir
getattr 0000000000000002 0
isfile: 2 is a dir
isdir: 2 is a dir
getdir 0000000000000002
   getattr -> 1542439915 1542439915 1542439915
   unique: 106, success, outsize: 144
unique: 107, opcode: LOOKUP (1), nodeid: 2, insize: 45, pid: 7791
========== yfs::readdir(dir: 2) ==========
end of yfs::readdir()

   unique: 107, error: -2 (No such file or directory), outsize: 16
unique: 108, opcode: CREATE (35), nodeid: 2, insize: 61, pid: 7791
=============== fuseserver_create(parent: 2, name: zz-0) ===============
=============== fuseserver_createhelper(parent:	2, name:	zz-0 ===============
create, parent:2, name:zz-0
========== yfs::readdir(dir: 2) ==========
end of yfs::readdir()

isfile: 3 is a file
getattr 0000000000000003 1
isfile: 3 is a file
getfile 0000000000000003
getfile 0000000000000003 -> sz 0
   getattr -> 0
end of fuseserver_createhelper()

   unique: 108, success, outsize: 160
OK: create returns.
unique: 109, opcode: WRITE (16), nodeid: 3, insize: 84, pid: 7791
   unique: 109, success, outsize: 24
unique: 110, opcode: RELEASE (18), nodeid: 3, insize: 64, pid: 0
   unique: 110, success, outsize: 16
unique: 111, opcode: LOOKUP (1), nodeid: 1, insize: 46, pid: 7791
========== yfs::readdir(dir: 1) ==========
end of yfs::readdir()

isfile: 2 is a dir
getattr 0000000000000002 0
isfile: 2 is a dir
isdir: 2 is a dir
getdir 0000000000000002
   getattr -> 1542439916 1542439916 1542439916
   unique: 111, success, outsize: 144
unique: 112, opcode: LOOKUP (1), nodeid: 2, insize: 45, pid: 7791
========== yfs::readdir(dir: 2) ==========
end of yfs::readdir()

   unique: 112, error: -2 (No such file or directory), outsize: 16
unique: 113, opcode: CREATE (35), nodeid: 2, insize: 61, pid: 7791
=============== fuseserver_create(parent: 2, name: zz-1) ===============
=============== fuseserver_createhelper(parent:	2, name:	zz-1 ===============
create, parent:2, name:zz-1
========== yfs::readdir(dir: 2) ==========
end of yfs::readdir()

ERROR yfs::create dir already has name
   unique: 113, error: -17 (File exists), outsize: 16
unique: 114, opcode: LOOKUP (1), nodeid: 1, insize: 46, pid: 7791
========== yfs::readdir(dir: 1) ==========
end of yfs::readdir()

isfile: 2 is a dir
getattr 0000000000000002 0
isfile: 2 is a dir
isdir: 2 is a dir
getdir 0000000000000002
   getattr -> 1542439916 1542439916 1542439916
   unique: 114, success, outsize: 144
unique: 115, opcode: LOOKUP (1), nodeid: 2, insize: 45, pid: 7791
========== yfs::readdir(dir: 2) ==========
end of yfs::readdir()

   unique: 115, error: -2 (No such file or directory), outsize: 16
unique: 116, opcode: CREATE (35), nodeid: 2, insize: 61, pid: 7791
=============== fuseserver_create(parent: 2, name: zz-2) ===============
=============== fuseserver_createhelper(parent:	2, name:	zz-2 ===============
create, parent:2, name:zz-2
========== yfs::readdir(dir: 2) ==========
end of yfs::readdir()

isfile: 5 is a file
getattr 0000000000000005 1
isfile: 5 is a file
getfile 0000000000000005
getfile 0000000000000005 -> sz 0
   getattr -> 0
end of fuseserver_createhelper()

   unique: 116, success, outsize: 160
OK: create returns.
unique: 117, opcode: WRITE (16), nodeid: 5, insize: 84, pid: 7791
   unique: 117, success, outsize: 24
unique: 118, opcode: RELEASE (18), nodeid: 5, insize: 64, pid: 0
   unique: 118, success, outsize: 16
unique: 119, opcode: LOOKUP (1), nodeid: 1, insize: 46, pid: 7791
========== yfs::readdir(dir: 1) ==========
end of yfs::readdir()

isfile: 2 is a dir
getattr 0000000000000002 0
isfile: 2 is a dir
isdir: 2 is a dir
getdir 0000000000000002
   getattr -> 1542439916 1542439916 1542439916
   unique: 119, success, outsize: 144
unique: 120, opcode: LOOKUP (1), nodeid: 2, insize: 45, pid: 7791
========== yfs::readdir(dir: 2) ==========
end of yfs::readdir()

   unique: 120, error: -2 (No such file or directory), outsize: 16
unique: 121, opcode: CREATE (35), nodeid: 2, insize: 61, pid: 7791
=============== fuseserver_create(parent: 2, name: zz-3) ===============
=============== fuseserver_createhelper(parent:	2, name:	zz-3 ===============
create, parent:2, name:zz-3
========== yfs::readdir(dir: 2) ==========
end of yfs::readdir()

isfile: 6 is a file
getattr 0000000000000006 1
isfile: 6 is a file
getfile 0000000000000006
getfile 0000000000000006 -> sz 0
   getattr -> 0
end of fuseserver_createhelper()

   unique: 121, success, outsize: 160
OK: create returns.
unique: 122, opcode: WRITE (16), nodeid: 6, insize: 84, pid: 7791
   unique: 122, success, outsize: 24
unique: 123, opcode: RELEASE (18), nodeid: 6, insize: 64, pid: 0
   unique: 123, success, outsize: 16
unique: 124, opcode: LOOKUP (1), nodeid: 1, insize: 46, pid: 7791
========== yfs::readdir(dir: 1) ==========
end of yfs::readdir()

isfile: 2 is a dir
getattr 0000000000000002 0
isfile: 2 is a dir
isdir: 2 is a dir
getdir 0000000000000002
   getattr -> 1542439916 1542439916 1542439916
   unique: 124, success, outsize: 144
unique: 125, opcode: LOOKUP (1), nodeid: 2, insize: 45, pid: 7791
========== yfs::readdir(dir: 2) ==========
end of yfs::readdir()

isfile: 7 is a file
getattr 0000000000000007 1
isfile: 7 is a file
getfile 0000000000000007
getfile 0000000000000007 -> sz 0
   getattr -> 0
   unique: 125, success, outsize: 144
unique: 126, opcode: OPEN (14), nodeid: 7, insize: 48, pid: 7791
   unique: 126, success, outsize: 32
unique: 127, opcode: SETATTR (4), nodeid: 7, insize: 128, pid: 7791
fuseserver_setattr 0x8
   fuseserver_setattr set size to 0
isfile: 7 is a file
getattr 0000000000000007 1
isfile: 7 is a file
getfile 0000000000000007
getfile 0000000000000007 -> sz 4
   getattr -> 4
   unique: 127, success, outsize: 120
unique: 128, opcode: WRITE (16), nodeid: 7, insize: 84, pid: 7791
   unique: 128, success, outsize: 24
unique: 129, opcode: RELEASE (18), nodeid: 7, insize: 64, pid: 0
   unique: 129, success, outsize: 16
unique: 130, opcode: LOOKUP (1), nodeid: 1, insize: 46, pid: 7791
========== yfs::readdir(dir: 1) ==========
end of yfs::readdir()

isfile: 2 is a dir
getattr 0000000000000002 0
isfile: 2 is a dir
isdir: 2 is a dir
getdir 0000000000000002
   getattr -> 1542439916 1542439916 1542439916
   unique: 130, success, outsize: 144
unique: 131, opcode: LOOKUP (1), nodeid: 2, insize: 45, pid: 7791
========== yfs::readdir(dir: 2) ==========
end of yfs::readdir()

isfile: 8 is a file
getattr 0000000000000008 1
isfile: 8 is a file
getfile 0000000000000008
getfile 0000000000000008 -> sz 0
   getattr -> 0
   unique: 131, success, outsize: 144
unique: 132, opcode: OPEN (14), nodeid: 8, insize: 48, pid: 7791
   unique: 132, success, outsize: 32
unique: 133, opcode: SETATTR (4), nodeid: 8, insize: 128, pid: 7791
fuseserver_setattr 0x8
   fuseserver_setattr set size to 0
isfile: 8 is a file
getattr 0000000000000008 1
isfile: 8 is a file
getfile 0000000000000008
getfile 0000000000000008 -> sz 4
   getattr -> 4
   unique: 133, success, outsize: 120
unique: 134, opcode: WRITE (16), nodeid: 8, insize: 84, pid: 7791
   unique: 134, success, outsize: 24
unique: 135, opcode: RELEASE (18), nodeid: 8, insize: 64, pid: 0
   unique: 135, success, outsize: 16
unique: 136, opcode: LOOKUP (1), nodeid: 1, insize: 46, pid: 7791
========== yfs::readdir(dir: 1) ==========
end of yfs::readdir()

isfile: 2 is a dir
getattr 0000000000000002 0
isfile: 2 is a dir
isdir: 2 is a dir
getdir 0000000000000002
   getattr -> 1542439916 1542439916 1542439916
   unique: 136, success, outsize: 144
unique: 137, opcode: LOOKUP (1), nodeid: 2, insize: 45, pid: 7791
========== yfs::readdir(dir: 2) ==========
end of yfs::readdir()

isfile: 9 is a file
getattr 0000000000000009 1
isfile: 9 is a file
getfile 0000000000000009
getfile 0000000000000009 -> sz 0
   getattr -> 0
   unique: 137, success, outsize: 144
unique: 138, opcode: OPEN (14), nodeid: 9, insize: 48, pid: 7791
   unique: 138, success, outsize: 32
unique: 139, opcode: SETATTR (4), nodeid: 9, insize: 128, pid: 7791
fuseserver_setattr 0x8
   fuseserver_setattr set size to 0
isfile: 9 is a file
getattr 0000000000000009 1
isfile: 9 is a file
getfile 0000000000000009
getfile 0000000000000009 -> sz 0
   getattr -> 0
   unique: 139, success, outsize: 120
unique: 140, opcode: WRITE (16), nodeid: 9, insize: 84, pid: 7791
   unique: 140, success, outsize: 24
unique: 141, opcode: RELEASE (18), nodeid: 9, insize: 64, pid: 0
   unique: 141, success, outsize: 16
unique: 142, opcode: LOOKUP (1), nodeid: 1, insize: 46, pid: 7791
========== yfs::readdir(dir: 1) ==========
end of yfs::readdir()

isfile: 2 is a dir
getattr 0000000000000002 0
isfile: 2 is a dir
isdir: 2 is a dir
getdir 0000000000000002
   getattr -> 1542439916 1542439916 1542439916
   unique: 142, success, outsize: 144
unique: 143, opcode: LOOKUP (1), nodeid: 2, insize: 45, pid: 7791
========== yfs::readdir(dir: 2) ==========
end of yfs::readdir()

isfile: 10 is a file
getattr 000000000000000a 1
isfile: 10 is a file
getfile 000000000000000a
getfile 000000000000000a -> sz 0
   getattr -> 0
   unique: 143, success, outsize: 144
unique: 144, opcode: OPEN (14), nodeid: 10, insize: 48, pid: 7791
   unique: 144, success, outsize: 32
unique: 145, opcode: SETATTR (4), nodeid: 10, insize: 128, pid: 7791
fuseserver_setattr 0x8
   fuseserver_setattr set size to 0
isfile: 10 is a file
getattr 000000000000000a 1
isfile: 10 is a file
getfile 000000000000000a
getfile 000000000000000a -> sz 0
   getattr -> 0
   unique: 145, success, outsize: 120
unique: 146, opcode: WRITE (16), nodeid: 10, insize: 84, pid: 7791
   unique: 146, success, outsize: 24
unique: 147, opcode: RELEASE (18), nodeid: 10, insize: 64, pid: 0
   unique: 147, success, outsize: 16
unique: 148, opcode: LOOKUP (1), nodeid: 1, insize: 46, pid: 7791
========== yfs::readdir(dir: 1) ==========
end of yfs::readdir()

isfile: 2 is a dir
getattr 0000000000000002 0
isfile: 2 is a dir
isdir: 2 is a dir
getdir 0000000000000002
   getattr -> 1542439916 1542439916 1542439916
   unique: 148, success, outsize: 144
unique: 149, opcode: LOOKUP (1), nodeid: 2, insize: 45, pid: 7791
========== yfs::readdir(dir: 2) ==========
end of yfs::readdir()

isfile: 11 is a file
getattr 000000000000000b 1
isfile: 11 is a file
getfile 000000000000000b
getfile 000000000000000b -> sz 0
   getattr -> 0
   unique: 149, success, outsize: 144
unique: 150, opcode: OPEN (14), nodeid: 11, insize: 48, pid: 7791
   unique: 150, success, outsize: 32
unique: 151, opcode: SETATTR (4), nodeid: 11, insize: 128, pid: 7791
fuseserver_setattr 0x8
   fuseserver_setattr set size to 0
isfile: 11 is a file
getattr 000000000000000b 1
isfile: 11 is a file
getfile 000000000000000b
getfile 000000000000000b -> sz 0
   getattr -> 0
   unique: 151, success, outsize: 120
unique: 152, opcode: WRITE (16), nodeid: 11, insize: 84, pid: 7791
   unique: 152, success, outsize: 24
unique: 153, opcode: RELEASE (18), nodeid: 11, insize: 64, pid: 0
   unique: 153, success, outsize: 16
unique: 154, opcode: LOOKUP (1), nodeid: 1, insize: 46, pid: 7791
========== yfs::readdir(dir: 1) ==========
end of yfs::readdir()

isfile: 2 is a dir
getattr 0000000000000002 0
isfile: 2 is a dir
isdir: 2 is a dir
getdir 0000000000000002
   getattr -> 1542439916 1542439916 1542439916
   unique: 154, success, outsize: 144
unique: 155, opcode: LOOKUP (1), nodeid: 2, insize: 45, pid: 7791
========== yfs::readdir(dir: 2) ==========
end of yfs::readdir()

isfile: 12 is a file
getattr 000000000000000c 1
isfile: 12 is a file
getfile 000000000000000c
getfile 000000000000000c -> sz 0
   getattr -> 0
   unique: 155, success, outsize: 144
unique: 156, opcode: OPEN (14), nodeid: 12, insize: 48, pid: 7791
   unique: 156, success, outsize: 32
unique: 157, opcode: SETATTR (4), nodeid: 12, insize: 128, pid: 7791
fuseserver_setattr 0x8
   fuseserver_setattr set size to 0
isfile: 12 is a file
getattr 000000000000000c 1
isfile: 12 is a file
getfile 000000000000000c
getfile 000000000000000c -> sz 4
   getattr -> 4
   unique: 157, success, outsize: 120
unique: 158, opcode: WRITE (16), nodeid: 12, insize: 84, pid: 7791
   unique: 158, success, outsize: 24
unique: 159, opcode: RELEASE (18), nodeid: 12, insize: 64, pid: 0
   unique: 159, success, outsize: 16
unique: 160, opcode: LOOKUP (1), nodeid: 1, insize: 46, pid: 7789
========== yfs::readdir(dir: 1) ==========
end of yfs::readdir()

isfile: 2 is a dir
getattr 0000000000000002 0
isfile: 2 is a dir
isdir: 2 is a dir
getdir 0000000000000002
   getattr -> 1542439920 1542439916 1542439916
   unique: 160, success, outsize: 144
unique: 161, opcode: LOOKUP (1), nodeid: 2, insize: 45, pid: 7789
========== yfs::readdir(dir: 2) ==========
end of yfs::readdir()

isfile: 3 is a file
getattr 0000000000000003 1
isfile: 3 is a file
getfile 0000000000000003
getfile 0000000000000003 -> sz 4
   getattr -> 4
   unique: 161, success, outsize: 144
unique: 162, opcode: OPEN (14), nodeid: 3, insize: 48, pid: 7789
   unique: 162, success, outsize: 32
unique: 163, opcode: READ (15), nodeid: 3, insize: 80, pid: 7789
   unique: 163, success, outsize: 20
unique: 164, opcode: RELEASE (18), nodeid: 3, insize: 64, pid: 0
   unique: 164, success, outsize: 16
unique: 165, opcode: LOOKUP (1), nodeid: 1, insize: 46, pid: 7789
========== yfs::readdir(dir: 1) ==========
end of yfs::readdir()

isfile: 2 is a dir
getattr 0000000000000002 0
isfile: 2 is a dir
isdir: 2 is a dir
getdir 0000000000000002
   getattr -> 1542439920 1542439916 1542439916
   unique: 165, success, outsize: 144
unique: 166, opcode: LOOKUP (1), nodeid: 2, insize: 45, pid: 7789
========== yfs::readdir(dir: 2) ==========
end of yfs::readdir()

isfile: 4 is a file
getattr 0000000000000004 1
isfile: 4 is a file
getfile 0000000000000004
getfile 0000000000000004 -> sz 4
   getattr -> 4
   unique: 166, success, outsize: 144
unique: 167, opcode: OPEN (14), nodeid: 4, insize: 48, pid: 7789
   unique: 167, success, outsize: 32
unique: 168, opcode: READ (15), nodeid: 4, insize: 80, pid: 7789
   unique: 168, success, outsize: 20
unique: 169, opcode: RELEASE (18), nodeid: 4, insize: 64, pid: 0
   unique: 169, success, outsize: 16
unique: 170, opcode: LOOKUP (1), nodeid: 1, insize: 46, pid: 7789
========== yfs::readdir(dir: 1) ==========
end of yfs::readdir()

isfile: 2 is a dir
getattr 0000000000000002 0
isfile: 2 is a dir
isdir: 2 is a dir
getdir 0000000000000002
   getattr -> 1542439920 1542439916 1542439916
   unique: 170, success, outsize: 144
unique: 171, opcode: LOOKUP (1), nodeid: 2, insize: 45, pid: 7789
========== yfs::readdir(dir: 2) ==========
end of yfs::readdir()

isfile: 5 is a file
getattr 0000000000000005 1
isfile: 5 is a file
getfile 0000000000000005
getfile 0000000000000005 -> sz 4
   getattr -> 4
   unique: 171, success, outsize: 144
unique: 172, opcode: OPEN (14), nodeid: 5, insize: 48, pid: 7789
   unique: 172, success, outsize: 32
unique: 173, opcode: READ (15), nodeid: 5, insize: 80, pid: 7789
   unique: 173, success, outsize: 20
unique: 174, opcode: RELEASE (18), nodeid: 5, insize: 64, pid: 0
   unique: 174, success, outsize: 16
unique: 175, opcode: LOOKUP (1), nodeid: 1, insize: 46, pid: 7789
========== yfs::readdir(dir: 1) ==========
end of yfs::readdir()

isfile: 2 is a dir
getattr 0000000000000002 0
isfile: 2 is a dir
isdir: 2 is a dir
getdir 0000000000000002
   getattr -> 1542439920 1542439916 1542439916
   unique: 175, success, outsize: 144
unique: 176, opcode: LOOKUP (1), nodeid: 2, insize: 45, pid: 7789
========== yfs::readdir(dir: 2) ==========
end of yfs::readdir()

isfile: 6 is a file
getattr 0000000000000006 1
isfile: 6 is a file
getfile 0000000000000006
getfile 0000000000000006 -> sz 4
   getattr -> 4
   unique: 176, success, outsize: 144
unique: 177, opcode: OPEN (14), nodeid: 6, insize: 48, pid: 7789
   unique: 177, success, outsize: 32
unique: 178, opcode: READ (15), nodeid: 6, insize: 80, pid: 7789
   unique: 178, success, outsize: 20
unique: 179, opcode: RELEASE (18), nodeid: 6, insize: 64, pid: 0
   unique: 179, success, outsize: 16
unique: 180, opcode: LOOKUP (1), nodeid: 1, insize: 46, pid: 7789
========== yfs::readdir(dir: 1) ==========
end of yfs::readdir()

isfile: 2 is a dir
getattr 0000000000000002 0
isfile: 2 is a dir
isdir: 2 is a dir
getdir 0000000000000002
   getattr -> 1542439920 1542439916 1542439916
   unique: 180, success, outsize: 144
unique: 181, opcode: LOOKUP (1), nodeid: 2, insize: 45, pid: 7789
========== yfs::readdir(dir: 2) ==========
end of yfs::readdir()

isfile: 7 is a file
getattr 0000000000000007 1
isfile: 7 is a file
getfile 0000000000000007
getfile 0000000000000007 -> sz 4
   getattr -> 4
   unique: 181, success, outsize: 144
unique: 182, opcode: OPEN (14), nodeid: 7, insize: 48, pid: 7789
   unique: 182, success, outsize: 32
unique: 183, opcode: READ (15), nodeid: 7, insize: 80, pid: 7789
   unique: 183, success, outsize: 20
unique: 184, opcode: RELEASE (18), nodeid: 7, insize: 64, pid: 0
   unique: 184, success, outsize: 16
unique: 185, opcode: LOOKUP (1), nodeid: 1, insize: 46, pid: 7789
========== yfs::readdir(dir: 1) ==========
end of yfs::readdir()

isfile: 2 is a dir
getattr 0000000000000002 0
isfile: 2 is a dir
isdir: 2 is a dir
getdir 0000000000000002
   getattr -> 1542439920 1542439916 1542439916
   unique: 185, success, outsize: 144
unique: 186, opcode: LOOKUP (1), nodeid: 2, insize: 45, pid: 7789
========== yfs::readdir(dir: 2) ==========
end of yfs::readdir()

isfile: 8 is a file
getattr 0000000000000008 1
isfile: 8 is a file
getfile 0000000000000008
getfile 0000000000000008 -> sz 4
   getattr -> 4
   unique: 186, success, outsize: 144
unique: 187, opcode: OPEN (14), nodeid: 8, insize: 48, pid: 7789
   unique: 187, success, outsize: 32
unique: 188, opcode: READ (15), nodeid: 8, insize: 80, pid: 7789
   unique: 188, success, outsize: 20
unique: 189, opcode: RELEASE (18), nodeid: 8, insize: 64, pid: 0
   unique: 189, success, outsize: 16
unique: 190, opcode: LOOKUP (1), nodeid: 1, insize: 46, pid: 7789
========== yfs::readdir(dir: 1) ==========
end of yfs::readdir()

isfile: 2 is a dir
getattr 0000000000000002 0
isfile: 2 is a dir
isdir: 2 is a dir
getdir 0000000000000002
   getattr -> 1542439920 1542439916 1542439916
   unique: 190, success, outsize: 144
unique: 191, opcode: LOOKUP (1), nodeid: 2, insize: 45, pid: 7789
========== yfs::readdir(dir: 2) ==========
end of yfs::readdir()

isfile: 9 is a file
getattr 0000000000000009 1
isfile: 9 is a file
getfile 0000000000000009
getfile 0000000000000009 -> sz 4
   getattr -> 4
   unique: 191, success, outsize: 144
unique: 192, opcode: OPEN (14), nodeid: 9, insize: 48, pid: 7789
   unique: 192, success, outsize: 32
unique: 193, opcode: READ (15), nodeid: 9, insize: 80, pid: 7789
   unique: 193, success, outsize: 20
unique: 194, opcode: RELEASE (18), nodeid: 9, insize: 64, pid: 0
   unique: 194, success, outsize: 16
unique: 195, opcode: LOOKUP (1), nodeid: 1, insize: 46, pid: 7789
========== yfs::readdir(dir: 1) ==========
end of yfs::readdir()

isfile: 2 is a dir
getattr 0000000000000002 0
isfile: 2 is a dir
isdir: 2 is a dir
getdir 0000000000000002
   getattr -> 1542439920 1542439916 1542439916
   unique: 195, success, outsize: 144
unique: 196, opcode: LOOKUP (1), nodeid: 2, insize: 45, pid: 7789
========== yfs::readdir(dir: 2) ==========
end of yfs::readdir()

isfile: 10 is a file
getattr 000000000000000a 1
isfile: 10 is a file
getfile 000000000000000a
getfile 000000000000000a -> sz 4
   getattr -> 4
   unique: 196, success, outsize: 144
unique: 197, opcode: OPEN (14), nodeid: 10, insize: 48, pid: 7789
   unique: 197, success, outsize: 32
unique: 198, opcode: READ (15), nodeid: 10, insize: 80, pid: 7789
   unique: 198, success, outsize: 20
unique: 199, opcode: RELEASE (18), nodeid: 10, insize: 64, pid: 0
   unique: 199, success, outsize: 16
unique: 200, opcode: LOOKUP (1), nodeid: 1, insize: 46, pid: 7789
========== yfs::readdir(dir: 1) ==========
end of yfs::readdir()

isfile: 2 is a dir
getattr 0000000000000002 0
isfile: 2 is a dir
isdir: 2 is a dir
getdir 0000000000000002
   getattr -> 1542439920 1542439916 1542439916
   unique: 200, success, outsize: 144
unique: 201, opcode: LOOKUP (1), nodeid: 2, insize: 45, pid: 7789
========== yfs::readdir(dir: 2) ==========
end of yfs::readdir()

isfile: 11 is a file
getattr 000000000000000b 1
isfile: 11 is a file
getfile 000000000000000b
getfile 000000000000000b -> sz 4
   getattr -> 4
   unique: 201, success, outsize: 144
unique: 202, opcode: OPEN (14), nodeid: 11, insize: 48, pid: 7789
   unique: 202, success, outsize: 32
unique: 203, opcode: READ (15), nodeid: 11, insize: 80, pid: 7789
   unique: 203, success, outsize: 20
unique: 204, opcode: RELEASE (18), nodeid: 11, insize: 64, pid: 0
   unique: 204, success, outsize: 16
unique: 205, opcode: LOOKUP (1), nodeid: 1, insize: 46, pid: 7789
========== yfs::readdir(dir: 1) ==========
end of yfs::readdir()

isfile: 2 is a dir
getattr 0000000000000002 0
isfile: 2 is a dir
isdir: 2 is a dir
getdir 0000000000000002
   getattr -> 1542439920 1542439916 1542439916
   unique: 205, success, outsize: 144
unique: 206, opcode: LOOKUP (1), nodeid: 2, insize: 45, pid: 7789
========== yfs::readdir(dir: 2) ==========
end of yfs::readdir()

isfile: 12 is a file
getattr 000000000000000c 1
isfile: 12 is a file
getfile 000000000000000c
getfile 000000000000000c -> sz 4
   getattr -> 4
   unique: 206, success, outsize: 144
unique: 207, opcode: OPEN (14), nodeid: 12, insize: 48, pid: 7789
   unique: 207, success, outsize: 32
unique: 208, opcode: READ (15), nodeid: 12, insize: 80, pid: 7789
   unique: 208, success, outsize: 20
unique: 209, opcode: RELEASE (18), nodeid: 12, insize: 64, pid: 0
   unique: 209, success, outsize: 16
unique: 210, opcode: LOOKUP (1), nodeid: 1, insize: 46, pid: 7789
========== yfs::readdir(dir: 1) ==========
end of yfs::readdir()

isfile: 2 is a dir
getattr 0000000000000002 0
isfile: 2 is a dir
isdir: 2 is a dir
getdir 0000000000000002
   getattr -> 1542439922 1542439922 1542439922
   unique: 210, success, outsize: 144
unique: 211, opcode: LOOKUP (1), nodeid: 2, insize: 45, pid: 7789
========== yfs::readdir(dir: 2) ==========
end of yfs::readdir()

   unique: 211, error: -2 (No such file or directory), outsize: 16
unique: 212, opcode: CREATE (35), nodeid: 2, insize: 61, pid: 7789
=============== fuseserver_create(parent: 2, name: x2-0) ===============
=============== fuseserver_createhelper(parent:	2, name:	x2-0 ===============
create, parent:2, name:x2-0
========== yfs::readdir(dir: 2) ==========
end of yfs::readdir()

isfile: 8 is a file
getattr 0000000000000008 1
isfile: 8 is a file
getfile 0000000000000008
getfile 0000000000000008 -> sz 0
   getattr -> 0
end of fuseserver_createhelper()

   unique: 212, success, outsize: 160
OK: create returns.
unique: 213, opcode: WRITE (16), nodeid: 8, insize: 84, pid: 7789
   unique: 213, success, outsize: 24
unique: 214, opcode: RELEASE (18), nodeid: 8, insize: 64, pid: 0
   unique: 214, success, outsize: 16
unique: 215, opcode: LOOKUP (1), nodeid: 1, insize: 46, pid: 7789
========== yfs::readdir(dir: 1) ==========
end of yfs::readdir()

isfile: 2 is a dir
getattr 0000000000000002 0
isfile: 2 is a dir
isdir: 2 is a dir
getdir 0000000000000002
   getattr -> 1542439923 1542439923 1542439923
   unique: 215, success, outsize: 144
unique: 216, opcode: LOOKUP (1), nodeid: 2, insize: 45, pid: 7789
========== yfs::readdir(dir: 2) ==========
end of yfs::readdir()

   unique: 216, error: -2 (No such file or directory), outsize: 16
unique: 217, opcode: CREATE (35), nodeid: 2, insize: 61, pid: 7789
=============== fuseserver_create(parent: 2, name: x2-1) ===============
=============== fuseserver_createhelper(parent:	2, name:	x2-1 ===============
create, parent:2, name:x2-1
========== yfs::readdir(dir: 2) ==========
end of yfs::readdir()

isfile: 9 is a file
getattr 0000000000000009 1
isfile: 9 is a file
getfile 0000000000000009
getfile 0000000000000009 -> sz 0
   getattr -> 0
end of fuseserver_createhelper()

   unique: 217, success, outsize: 160
OK: create returns.
unique: 218, opcode: WRITE (16), nodeid: 9, insize: 84, pid: 7789
   unique: 218, success, outsize: 24
unique: 219, opcode: RELEASE (18), nodeid: 9, insize: 64, pid: 0
   unique: 219, success, outsize: 16
unique: 220, opcode: LOOKUP (1), nodeid: 1, insize: 46, pid: 7789
========== yfs::readdir(dir: 1) ==========
end of yfs::readdir()

isfile: 2 is a dir
getattr 0000000000000002 0
isfile: 2 is a dir
isdir: 2 is a dir
getdir 0000000000000002
   getattr -> 1542439923 1542439923 1542439923
   unique: 220, success, outsize: 144
unique: 221, opcode: LOOKUP (1), nodeid: 2, insize: 45, pid: 7789
========== yfs::readdir(dir: 2) ==========
end of yfs::readdir()

   unique: 221, error: -2 (No such file or directory), outsize: 16
unique: 222, opcode: CREATE (35), nodeid: 2, insize: 61, pid: 7789
=============== fuseserver_create(parent: 2, name: x2-2) ===============
=============== fuseserver_createhelper(parent:	2, name:	x2-2 ===============
create, parent:2, name:x2-2
========== yfs::readdir(dir: 2) ==========
end of yfs::readdir()

isfile: 10 is a file
getattr 000000000000000a 1
isfile: 10 is a file
getfile 000000000000000a
getfile 000000000000000a -> sz 0
   getattr -> 0
end of fuseserver_createhelper()

   unique: 222, success, outsize: 160
OK: create returns.
unique: 223, opcode: WRITE (16), nodeid: 10, insize: 84, pid: 7789
   unique: 223, success, outsize: 24
unique: 224, opcode: RELEASE (18), nodeid: 10, insize: 64, pid: 0
   unique: 224, success, outsize: 16
unique: 225, opcode: LOOKUP (1), nodeid: 1, insize: 46, pid: 7789
========== yfs::readdir(dir: 1) ==========
end of yfs::readdir()

isfile: 2 is a dir
getattr 0000000000000002 0
isfile: 2 is a dir
isdir: 2 is a dir
getdir 0000000000000002
   getattr -> 1542439923 1542439923 1542439923
   unique: 225, success, outsize: 144
unique: 226, opcode: LOOKUP (1), nodeid: 2, insize: 45, pid: 7789
========== yfs::readdir(dir: 2) ==========
end of yfs::readdir()

   unique: 226, error: -2 (No such file or directory), outsize: 16
unique: 227, opcode: CREATE (35), nodeid: 2, insize: 61, pid: 7789
=============== fuseserver_create(parent: 2, name: x2-3) ===============
=============== fuseserver_createhelper(parent:	2, name:	x2-3 ===============
create, parent:2, name:x2-3
========== yfs::readdir(dir: 2) ==========
end of yfs::readdir()

isfile: 11 is a file
getattr 000000000000000b 1
isfile: 11 is a file
getfile 000000000000000b
getfile 000000000000000b -> sz 0
   getattr -> 0
end of fuseserver_createhelper()

   unique: 227, success, outsize: 160
OK: create returns.
unique: 228, opcode: WRITE (16), nodeid: 11, insize: 84, pid: 7789
   unique: 228, success, outsize: 24
unique: 229, opcode: RELEASE (18), nodeid: 11, insize: 64, pid: 0
   unique: 229, success, outsize: 16
unique: 230, opcode: LOOKUP (1), nodeid: 1, insize: 46, pid: 7789
========== yfs::readdir(dir: 1) ==========
end of yfs::readdir()

isfile: 2 is a dir
getattr 0000000000000002 0
isfile: 2 is a dir
isdir: 2 is a dir
getdir 0000000000000002
   getattr -> 1542439924 1542439924 1542439924
   unique: 230, success, outsize: 144
unique: 231, opcode: LOOKUP (1), nodeid: 2, insize: 45, pid: 7789
========== yfs::readdir(dir: 2) ==========
end of yfs::readdir()

   unique: 231, error: -2 (No such file or directory), outsize: 16
unique: 232, opcode: CREATE (35), nodeid: 2, insize: 61, pid: 7789
=============== fuseserver_create(parent: 2, name: x2-4) ===============
=============== fuseserver_createhelper(parent:	2, name:	x2-4 ===============
create, parent:2, name:x2-4
========== yfs::readdir(dir: 2) ==========
end of yfs::readdir()

isfile: 12 is a file
getattr 000000000000000c 1
isfile: 12 is a file
getfile 000000000000000c
getfile 000000000000000c -> sz 0
   getattr -> 0
end of fuseserver_createhelper()

   unique: 232, success, outsize: 160
OK: create returns.
unique: 233, opcode: WRITE (16), nodeid: 12, insize: 84, pid: 7789
   unique: 233, success, outsize: 24
unique: 234, opcode: RELEASE (18), nodeid: 12, insize: 64, pid: 0
   unique: 234, success, outsize: 16
unique: 235, opcode: LOOKUP (1), nodeid: 1, insize: 46, pid: 7792
========== yfs::readdir(dir: 1) ==========
end of yfs::readdir()

isfile: 2 is a dir
getattr 0000000000000002 0
isfile: 2 is a dir
isdir: 2 is a dir
getdir 0000000000000002
   getattr -> 1542439924 1542439924 1542439924
   unique: 235, success, outsize: 144
unique: 236, opcode: LOOKUP (1), nodeid: 2, insize: 45, pid: 7792
========== yfs::readdir(dir: 2) ==========
end of yfs::readdir()

isfile: 3 is a file
getattr 0000000000000003 1
isfile: 3 is a file
getfile 0000000000000003
getfile 0000000000000003 -> sz 4
   getattr -> 4
   unique: 236, success, outsize: 144
unique: 237, opcode: UNLINK (10), nodeid: 2, insize: 45, pid: 7792
========= yfs::unlink(parent: 2, name: x1-0 ==========
========== yfs::readdir(dir: 2) ==========
end of yfs::readdir()

isdir: 3 is a file
   unique: 237, success, outsize: 16
unique: 238, opcode: LOOKUP (1), nodeid: 1, insize: 46, pid: 7792
========== yfs::readdir(dir: 1) ==========
end of yfs::readdir()

isfile: 2 is a dir
getattr 0000000000000002 0
isfile: 2 is a dir
isdir: 2 is a dir
getdir 0000000000000002
   getattr -> 1542439925 1542439925 1542439925
   unique: 238, success, outsize: 144
unique: 239, opcode: LOOKUP (1), nodeid: 2, insize: 45, pid: 7792
========== yfs::readdir(dir: 2) ==========
end of yfs::readdir()

isfile: 4 is a file
getattr 0000000000000004 1
isfile: 4 is a file
getfile 0000000000000004
getfile 0000000000000004 -> sz 4
   getattr -> 4
   unique: 239, success, outsize: 144
unique: 240, opcode: UNLINK (10), nodeid: 2, insize: 45, pid: 7792
========= yfs::unlink(parent: 2, name: x1-1 ==========
========== yfs::readdir(dir: 2) ==========
end of yfs::readdir()

isdir: 4 is a file
   unique: 240, success, outsize: 16
unique: 241, opcode: LOOKUP (1), nodeid: 1, insize: 46, pid: 7792
========== yfs::readdir(dir: 1) ==========
end of yfs::readdir()

isfile: 2 is a dir
getattr 0000000000000002 0
isfile: 2 is a dir
isdir: 2 is a dir
getdir 0000000000000002
   getattr -> 1542439925 1542439925 1542439925
   unique: 241, success, outsize: 144
unique: 242, opcode: LOOKUP (1), nodeid: 2, insize: 45, pid: 7792
========== yfs::readdir(dir: 2) ==========
end of yfs::readdir()

isfile: 5 is a file
getattr 0000000000000005 1
isfile: 5 is a file
getfile 0000000000000005
getfile 0000000000000005 -> sz 4
   getattr -> 4
   unique: 242, success, outsize: 144
unique: 243, opcode: UNLINK (10), nodeid: 2, insize: 45, pid: 7792
========= yfs::unlink(parent: 2, name: x1-2 ==========
========== yfs::readdir(dir: 2) ==========
end of yfs::readdir()

isdir: 5 is a file
   unique: 243, success, outsize: 16
unique: 244, opcode: LOOKUP (1), nodeid: 1, insize: 46, pid: 7792
========== yfs::readdir(dir: 1) ==========
end of yfs::readdir()

isfile: 2 is a dir
getattr 0000000000000002 0
isfile: 2 is a dir
isdir: 2 is a dir
getdir 0000000000000002
   getattr -> 1542439925 1542439925 1542439925
   unique: 244, success, outsize: 144
unique: 245, opcode: LOOKUP (1), nodeid: 2, insize: 45, pid: 7792
========== yfs::readdir(dir: 2) ==========
end of yfs::readdir()

isfile: 6 is a file
getattr 0000000000000006 1
isfile: 6 is a file
getfile 0000000000000006
getfile 0000000000000006 -> sz 4
   getattr -> 4
   unique: 245, success, outsize: 144
unique: 246, opcode: UNLINK (10), nodeid: 2, insize: 45, pid: 7792
========= yfs::unlink(parent: 2, name: x1-3 ==========
========== yfs::readdir(dir: 2) ==========
end of yfs::readdir()

isdir: 6 is a file
   unique: 246, success, outsize: 16
unique: 247, opcode: LOOKUP (1), nodeid: 1, insize: 46, pid: 7792
========== yfs::readdir(dir: 1) ==========
end of yfs::readdir()

isfile: 2 is a dir
getattr 0000000000000002 0
isfile: 2 is a dir
isdir: 2 is a dir
getdir 0000000000000002
   getattr -> 1542439925 1542439925 1542439925
   unique: 247, success, outsize: 144
unique: 248, opcode: LOOKUP (1), nodeid: 2, insize: 45, pid: 7792
========== yfs::readdir(dir: 2) ==========
end of yfs::readdir()

isfile: 7 is a file
getattr 0000000000000007 1
isfile: 7 is a file
getfile 0000000000000007
getfile 0000000000000007 -> sz 4
   getattr -> 4
   unique: 248, success, outsize: 144
unique: 249, opcode: UNLINK (10), nodeid: 2, insize: 45, pid: 7792
========= yfs::unlink(parent: 2, name: x1-4 ==========
========== yfs::readdir(dir: 2) ==========
end of yfs::readdir()

isdir: 7 is a file
   unique: 249, success, outsize: 16
unique: 250, opcode: LOOKUP (1), nodeid: 1, insize: 46, pid: 7789
========== yfs::readdir(dir: 1) ==========
end of yfs::readdir()

isfile: 2 is a dir
getattr 0000000000000002 0
isfile: 2 is a dir
isdir: 2 is a dir
getdir 0000000000000002
   getattr -> 1542439926 1542439926 1542439926
   unique: 250, success, outsize: 144
unique: 251, opcode: LOOKUP (1), nodeid: 2, insize: 45, pid: 7789
========== yfs::readdir(dir: 2) ==========
end of yfs::readdir()

isfile: 8 is a file
getattr 0000000000000008 1
isfile: 8 is a file
getfile 0000000000000008
getfile 0000000000000008 -> sz 4
   getattr -> 4
   unique: 251, success, outsize: 144
unique: 252, opcode: UNLINK (10), nodeid: 2, insize: 45, pid: 7789
========= yfs::unlink(parent: 2, name: x2-0 ==========
========== yfs::readdir(dir: 2) ==========
end of yfs::readdir()

isdir: 8 is a file
   unique: 252, success, outsize: 16
unique: 253, opcode: LOOKUP (1), nodeid: 1, insize: 46, pid: 7789
========== yfs::readdir(dir: 1) ==========
end of yfs::readdir()

isfile: 2 is a dir
getattr 0000000000000002 0
isfile: 2 is a dir
isdir: 2 is a dir
getdir 0000000000000002
   getattr -> 1542439927 1542439927 1542439927
   unique: 253, success, outsize: 144
unique: 254, opcode: LOOKUP (1), nodeid: 2, insize: 45, pid: 7789
========== yfs::readdir(dir: 2) ==========
end of yfs::readdir()

isfile: 9 is a file
getattr 0000000000000009 1
isfile: 9 is a file
getfile 0000000000000009
getfile 0000000000000009 -> sz 4
   getattr -> 4
   unique: 254, success, outsize: 144
unique: 255, opcode: UNLINK (10), nodeid: 2, insize: 45, pid: 7789
========= yfs::unlink(parent: 2, name: x2-1 ==========
========== yfs::readdir(dir: 2) ==========
end of yfs::readdir()

isdir: 9 is a file
   unique: 255, success, outsize: 16
unique: 256, opcode: LOOKUP (1), nodeid: 1, insize: 46, pid: 7789
========== yfs::readdir(dir: 1) ==========
end of yfs::readdir()

isfile: 2 is a dir
getattr 0000000000000002 0
isfile: 2 is a dir
isdir: 2 is a dir
getdir 0000000000000002
   getattr -> 1542439927 1542439927 1542439927
   unique: 256, success, outsize: 144
unique: 257, opcode: LOOKUP (1), nodeid: 2, insize: 45, pid: 7789
========== yfs::readdir(dir: 2) ==========
end of yfs::readdir()

isfile: 10 is a file
getattr 000000000000000a 1
isfile: 10 is a file
getfile 000000000000000a
getfile 000000000000000a -> sz 4
   getattr -> 4
   unique: 257, success, outsize: 144
unique: 258, opcode: UNLINK (10), nodeid: 2, insize: 45, pid: 7789
========= yfs::unlink(parent: 2, name: x2-2 ==========
========== yfs::readdir(dir: 2) ==========
end of yfs::readdir()

isdir: 10 is a file
   unique: 258, success, outsize: 16
unique: 259, opcode: LOOKUP (1), nodeid: 1, insize: 46, pid: 7789
========== yfs::readdir(dir: 1) ==========
end of yfs::readdir()

isfile: 2 is a dir
getattr 0000000000000002 0
isfile: 2 is a dir
isdir: 2 is a dir
getdir 0000000000000002
   getattr -> 1542439927 1542439927 1542439927
   unique: 259, success, outsize: 144
unique: 260, opcode: LOOKUP (1), nodeid: 2, insize: 45, pid: 7789
========== yfs::readdir(dir: 2) ==========
end of yfs::readdir()

isfile: 11 is a file
getattr 000000000000000b 1
isfile: 11 is a file
getfile 000000000000000b
getfile 000000000000000b -> sz 4
   getattr -> 4
   unique: 260, success, outsize: 144
unique: 261, opcode: UNLINK (10), nodeid: 2, insize: 45, pid: 7789
========= yfs::unlink(parent: 2, name: x2-3 ==========
========== yfs::readdir(dir: 2) ==========
end of yfs::readdir()

isdir: 11 is a file
   unique: 261, success, outsize: 16
unique: 262, opcode: LOOKUP (1), nodeid: 1, insize: 46, pid: 7789
========== yfs::readdir(dir: 1) ==========
end of yfs::readdir()

isfile: 2 is a dir
getattr 0000000000000002 0
isfile: 2 is a dir
isdir: 2 is a dir
getdir 0000000000000002
   getattr -> 1542439927 1542439927 1542439927
   unique: 262, success, outsize: 144
unique: 263, opcode: LOOKUP (1), nodeid: 2, insize: 45, pid: 7789
========== yfs::readdir(dir: 2) ==========
end of yfs::readdir()

isfile: 12 is a file
getattr 000000000000000c 1
isfile: 12 is a file
getfile 000000000000000c
getfile 000000000000000c -> sz 4
   getattr -> 4
   unique: 263, success, outsize: 144
unique: 264, opcode: UNLINK (10), nodeid: 2, insize: 45, pid: 7789
========= yfs::unlink(parent: 2, name: x2-4 ==========
========== yfs::readdir(dir: 2) ==========
end of yfs::readdir()

isdir: 12 is a file
   unique: 264, success, outsize: 16
unique: 265, opcode: LOOKUP (1), nodeid: 1, insize: 46, pid: 7789
========== yfs::readdir(dir: 1) ==========
end of yfs::readdir()

isfile: 2 is a dir
getattr 0000000000000002 0
isfile: 2 is a dir
isdir: 2 is a dir
getdir 0000000000000002
   getattr -> 1542439927 1542439927 1542439927
   unique: 265, success, outsize: 144
unique: 266, opcode: LOOKUP (1), nodeid: 2, insize: 45, pid: 7789
========== yfs::readdir(dir: 2) ==========
end of yfs::readdir()

isfile: 13 is a file
getattr 000000000000000d 1
isfile: 13 is a file
getfile 000000000000000d
getfile 000000000000000d -> sz 4
   getattr -> 4
   unique: 266, success, outsize: 144
unique: 267, opcode: UNLINK (10), nodeid: 2, insize: 45, pid: 7789
========= yfs::unlink(parent: 2, name: x4-0 ==========
========== yfs::readdir(dir: 2) ==========
end of yfs::readdir()

isdir: 13 is a file
   unique: 267, success, outsize: 16
unique: 268, opcode: LOOKUP (1), nodeid: 1, insize: 46, pid: 7789
========== yfs::readdir(dir: 1) ==========
end of yfs::readdir()

isfile: 2 is a dir
getattr 0000000000000002 0
isfile: 2 is a dir
isdir: 2 is a dir
getdir 0000000000000002
   getattr -> 1542439928 1542439928 1542439928
   unique: 268, success, outsize: 144
unique: 269, opcode: LOOKUP (1), nodeid: 2, insize: 45, pid: 7789
========== yfs::readdir(dir: 2) ==========
end of yfs::readdir()

   unique: 269, error: -2 (No such file or directory), outsize: 16
fuse: failed to unmount /home/stu/devlop/lab1/yfs2: Invalid argument
