FUSE library version: 2.9.4
unique: 1, opcode: INIT (26), nodeid: 0, insize: 56, pid: 0
INIT: 7.26
flags=0x001ffffb
max_readahead=0x00020000
   INIT: 7.19
   flags=0x00000000
   max_readahead=0x00020000
   max_write=0x00020000
   max_background=0
   congestion_threshold=0
   unique: 1, success, outsize: 40
unique: 2, opcode: LOOKUP (1), nodeid: 1, insize: 46, pid: 7789
========== yfs::readdir(dir: 1) ==========
end of yfs::readdir()

   unique: 2, error: -2 (No such file or directory), outsize: 16
unique: 3, opcode: MKDIR (9), nodeid: 1, insize: 54, pid: 7789
=============== fuseserver_createhelper(parent:	1, name:	d7789 ===============
mkdir, parent:1, name:d7789
========== yfs::readdir(dir: 1) ==========
end of yfs::readdir()

end of create()

isfile: 2 is a dir
getattr 0000000000000002 0
isfile: 2 is a dir
isdir: 2 is a dir
getdir 0000000000000002
   getattr -> 1542439906 1542439906 1542439906
end of fuseserver_createhelper()

   unique: 3, success, outsize: 144
unique: 4, opcode: LOOKUP (1), nodeid: 1, insize: 46, pid: 7789
========== yfs::readdir(dir: 1) ==========
end of yfs::readdir()

isfile: 2 is a dir
getattr 0000000000000002 0
isfile: 2 is a dir
isdir: 2 is a dir
getdir 0000000000000002
   getattr -> 1542439906 1542439906 1542439906
   unique: 4, success, outsize: 144
unique: 5, opcode: LOOKUP (1), nodeid: 2, insize: 45, pid: 7789
========== yfs::readdir(dir: 2) ==========
end of yfs::readdir()

   unique: 5, error: -2 (No such file or directory), outsize: 16
unique: 6, opcode: CREATE (35), nodeid: 2, insize: 61, pid: 7789
=============== fuseserver_create(parent: 2, name: yy-0) ===============
=============== fuseserver_createhelper(parent:	2, name:	yy-0 ===============
create, parent:2, name:yy-0
========== yfs::readdir(dir: 2) ==========
end of yfs::readdir()

isfile: 3 is a file
getattr 0000000000000003 1
isfile: 3 is a file
getfile 0000000000000003
getfile 0000000000000003 -> sz 0
   getattr -> 0
end of fuseserver_createhelper()

   unique: 6, success, outsize: 160
OK: create returns.
unique: 7, opcode: GETXATTR (22), nodeid: 3, insize: 68, pid: 7789
   unique: 7, error: -38 (Function not implemented), outsize: 16
unique: 8, opcode: WRITE (16), nodeid: 3, insize: 84, pid: 7789
   unique: 8, success, outsize: 24
unique: 9, opcode: FLUSH (25), nodeid: 3, insize: 64, pid: 7789
   unique: 9, error: -38 (Function not implemented), outsize: 16
unique: 10, opcode: RELEASE (18), nodeid: 3, insize: 64, pid: 0
   unique: 10, success, outsize: 16
unique: 11, opcode: LOOKUP (1), nodeid: 1, insize: 46, pid: 7789
========== yfs::readdir(dir: 1) ==========
end of yfs::readdir()

isfile: 2 is a dir
getattr 0000000000000002 0
isfile: 2 is a dir
isdir: 2 is a dir
getdir 0000000000000002
   getattr -> 1542439908 1542439908 1542439908
   unique: 11, success, outsize: 144
unique: 12, opcode: LOOKUP (1), nodeid: 2, insize: 45, pid: 7789
========== yfs::readdir(dir: 2) ==========
end of yfs::readdir()

   unique: 12, error: -2 (No such file or directory), outsize: 16
unique: 13, opcode: CREATE (35), nodeid: 2, insize: 61, pid: 7789
=============== fuseserver_create(parent: 2, name: yy-1) ===============
=============== fuseserver_createhelper(parent:	2, name:	yy-1 ===============
create, parent:2, name:yy-1
========== yfs::readdir(dir: 2) ==========
end of yfs::readdir()

isfile: 5 is a file
getattr 0000000000000005 1
isfile: 5 is a file
getfile 0000000000000005
getfile 0000000000000005 -> sz 0
   getattr -> 0
end of fuseserver_createhelper()

   unique: 13, success, outsize: 160
OK: create returns.
unique: 14, opcode: WRITE (16), nodeid: 5, insize: 84, pid: 7789
   unique: 14, success, outsize: 24
unique: 15, opcode: RELEASE (18), nodeid: 5, insize: 64, pid: 0
   unique: 15, success, outsize: 16
unique: 16, opcode: LOOKUP (1), nodeid: 1, insize: 46, pid: 7789
========== yfs::readdir(dir: 1) ==========
end of yfs::readdir()

isfile: 2 is a dir
getattr 0000000000000002 0
isfile: 2 is a dir
isdir: 2 is a dir
getdir 0000000000000002
   getattr -> 1542439908 1542439908 1542439908
   unique: 16, success, outsize: 144
unique: 17, opcode: LOOKUP (1), nodeid: 2, insize: 45, pid: 7789
========== yfs::readdir(dir: 2) ==========
end of yfs::readdir()

   unique: 17, error: -2 (No such file or directory), outsize: 16
unique: 18, opcode: CREATE (35), nodeid: 2, insize: 61, pid: 7789
=============== fuseserver_create(parent: 2, name: yy-2) ===============
=============== fuseserver_createhelper(parent:	2, name:	yy-2 ===============
create, parent:2, name:yy-2
========== yfs::readdir(dir: 2) ==========
end of yfs::readdir()

isfile: 7 is a file
getattr 0000000000000007 1
isfile: 7 is a file
getfile 0000000000000007
getfile 0000000000000007 -> sz 0
   getattr -> 0
end of fuseserver_createhelper()

   unique: 18, success, outsize: 160
OK: create returns.
unique: 19, opcode: WRITE (16), nodeid: 7, insize: 84, pid: 7789
   unique: 19, success, outsize: 24
unique: 20, opcode: RELEASE (18), nodeid: 7, insize: 64, pid: 0
   unique: 20, success, outsize: 16
unique: 21, opcode: LOOKUP (1), nodeid: 1, insize: 46, pid: 7789
========== yfs::readdir(dir: 1) ==========
end of yfs::readdir()

isfile: 2 is a dir
getattr 0000000000000002 0
isfile: 2 is a dir
isdir: 2 is a dir
getdir 0000000000000002
   getattr -> 1542439908 1542439908 1542439908
   unique: 21, success, outsize: 144
unique: 22, opcode: LOOKUP (1), nodeid: 2, insize: 45, pid: 7789
========== yfs::readdir(dir: 2) ==========
end of yfs::readdir()

   unique: 22, error: -2 (No such file or directory), outsize: 16
unique: 23, opcode: CREATE (35), nodeid: 2, insize: 61, pid: 7789
=============== fuseserver_create(parent: 2, name: yy-3) ===============
=============== fuseserver_createhelper(parent:	2, name:	yy-3 ===============
create, parent:2, name:yy-3
========== yfs::readdir(dir: 2) ==========
end of yfs::readdir()

isfile: 9 is a file
getattr 0000000000000009 1
isfile: 9 is a file
getfile 0000000000000009
getfile 0000000000000009 -> sz 0
   getattr -> 0
end of fuseserver_createhelper()

   unique: 23, success, outsize: 160
OK: create returns.
unique: 24, opcode: WRITE (16), nodeid: 9, insize: 84, pid: 7789
   unique: 24, success, outsize: 24
unique: 25, opcode: RELEASE (18), nodeid: 9, insize: 64, pid: 0
   unique: 25, success, outsize: 16
unique: 26, opcode: LOOKUP (1), nodeid: 1, insize: 46, pid: 7789
========== yfs::readdir(dir: 1) ==========
end of yfs::readdir()

isfile: 2 is a dir
getattr 0000000000000002 0
isfile: 2 is a dir
isdir: 2 is a dir
getdir 0000000000000002
   getattr -> 1542439908 1542439908 1542439908
   unique: 26, success, outsize: 144
unique: 27, opcode: LOOKUP (1), nodeid: 2, insize: 45, pid: 7789
========== yfs::readdir(dir: 2) ==========
end of yfs::readdir()

   unique: 27, error: -2 (No such file or directory), outsize: 16
unique: 28, opcode: CREATE (35), nodeid: 2, insize: 61, pid: 7789
=============== fuseserver_create(parent: 2, name: yy-4) ===============
=============== fuseserver_createhelper(parent:	2, name:	yy-4 ===============
create, parent:2, name:yy-4
========== yfs::readdir(dir: 2) ==========
end of yfs::readdir()

isfile: 11 is a file
getattr 000000000000000b 1
isfile: 11 is a file
getfile 000000000000000b
getfile 000000000000000b -> sz 0
   getattr -> 0
end of fuseserver_createhelper()

   unique: 28, success, outsize: 160
OK: create returns.
unique: 29, opcode: WRITE (16), nodeid: 11, insize: 84, pid: 7789
   unique: 29, success, outsize: 24
unique: 30, opcode: RELEASE (18), nodeid: 11, insize: 64, pid: 0
   unique: 30, success, outsize: 16
unique: 31, opcode: LOOKUP (1), nodeid: 1, insize: 46, pid: 7789
========== yfs::readdir(dir: 1) ==========
end of yfs::readdir()

isfile: 2 is a dir
getattr 0000000000000002 0
isfile: 2 is a dir
isdir: 2 is a dir
getdir 0000000000000002
   getattr -> 1542439908 1542439908 1542439908
   unique: 31, success, outsize: 144
unique: 32, opcode: LOOKUP (1), nodeid: 2, insize: 45, pid: 7789
========== yfs::readdir(dir: 2) ==========
end of yfs::readdir()

   unique: 32, error: -2 (No such file or directory), outsize: 16
unique: 33, opcode: CREATE (35), nodeid: 2, insize: 61, pid: 7789
=============== fuseserver_create(parent: 2, name: yy-5) ===============
=============== fuseserver_createhelper(parent:	2, name:	yy-5 ===============
create, parent:2, name:yy-5
========== yfs::readdir(dir: 2) ==========
end of yfs::readdir()

isfile: 13 is a file
getattr 000000000000000d 1
isfile: 13 is a file
getfile 000000000000000d
getfile 000000000000000d -> sz 0
   getattr -> 0
end of fuseserver_createhelper()

   unique: 33, success, outsize: 160
OK: create returns.
unique: 34, opcode: WRITE (16), nodeid: 13, insize: 84, pid: 7789
   unique: 34, success, outsize: 24
unique: 35, opcode: RELEASE (18), nodeid: 13, insize: 64, pid: 0
   unique: 35, success, outsize: 16
unique: 36, opcode: LOOKUP (1), nodeid: 1, insize: 46, pid: 7789
========== yfs::readdir(dir: 1) ==========
end of yfs::readdir()

isfile: 2 is a dir
getattr 0000000000000002 0
isfile: 2 is a dir
isdir: 2 is a dir
getdir 0000000000000002
   getattr -> 1542439908 1542439908 1542439908
   unique: 36, success, outsize: 144
unique: 37, opcode: LOOKUP (1), nodeid: 2, insize: 45, pid: 7789
========== yfs::readdir(dir: 2) ==========
end of yfs::readdir()

   unique: 37, error: -2 (No such file or directory), outsize: 16
unique: 38, opcode: CREATE (35), nodeid: 2, insize: 61, pid: 7789
=============== fuseserver_create(parent: 2, name: yy-6) ===============
=============== fuseserver_createhelper(parent:	2, name:	yy-6 ===============
create, parent:2, name:yy-6
========== yfs::readdir(dir: 2) ==========
end of yfs::readdir()

isfile: 15 is a file
getattr 000000000000000f 1
isfile: 15 is a file
getfile 000000000000000f
getfile 000000000000000f -> sz 0
   getattr -> 0
end of fuseserver_createhelper()

   unique: 38, success, outsize: 160
OK: create returns.
unique: 39, opcode: WRITE (16), nodeid: 15, insize: 84, pid: 7789
   unique: 39, success, outsize: 24
unique: 40, opcode: RELEASE (18), nodeid: 15, insize: 64, pid: 0
   unique: 40, success, outsize: 16
unique: 41, opcode: LOOKUP (1), nodeid: 1, insize: 46, pid: 7789
========== yfs::readdir(dir: 1) ==========
end of yfs::readdir()

isfile: 2 is a dir
getattr 0000000000000002 0
isfile: 2 is a dir
isdir: 2 is a dir
getdir 0000000000000002
   getattr -> 1542439908 1542439908 1542439908
   unique: 41, success, outsize: 144
unique: 42, opcode: LOOKUP (1), nodeid: 2, insize: 45, pid: 7789
========== yfs::readdir(dir: 2) ==========
end of yfs::readdir()

   unique: 42, error: -2 (No such file or directory), outsize: 16
unique: 43, opcode: CREATE (35), nodeid: 2, insize: 61, pid: 7789
=============== fuseserver_create(parent: 2, name: yy-7) ===============
=============== fuseserver_createhelper(parent:	2, name:	yy-7 ===============
create, parent:2, name:yy-7
========== yfs::readdir(dir: 2) ==========
end of yfs::readdir()

isfile: 17 is a file
getattr 0000000000000011 1
isfile: 17 is a file
getfile 0000000000000011
getfile 0000000000000011 -> sz 0
   getattr -> 0
end of fuseserver_createhelper()

   unique: 43, success, outsize: 160
OK: create returns.
unique: 44, opcode: WRITE (16), nodeid: 17, insize: 84, pid: 7789
   unique: 44, success, outsize: 24
unique: 45, opcode: RELEASE (18), nodeid: 17, insize: 64, pid: 0
   unique: 45, success, outsize: 16
unique: 46, opcode: LOOKUP (1), nodeid: 1, insize: 46, pid: 7789
========== yfs::readdir(dir: 1) ==========
end of yfs::readdir()

isfile: 2 is a dir
getattr 0000000000000002 0
isfile: 2 is a dir
isdir: 2 is a dir
getdir 0000000000000002
   getattr -> 1542439908 1542439908 1542439908
   unique: 46, success, outsize: 144
unique: 47, opcode: LOOKUP (1), nodeid: 2, insize: 45, pid: 7789
========== yfs::readdir(dir: 2) ==========
end of yfs::readdir()

   unique: 47, error: -2 (No such file or directory), outsize: 16
unique: 48, opcode: CREATE (35), nodeid: 2, insize: 61, pid: 7789
=============== fuseserver_create(parent: 2, name: yy-8) ===============
=============== fuseserver_createhelper(parent:	2, name:	yy-8 ===============
create, parent:2, name:yy-8
========== yfs::readdir(dir: 2) ==========
end of yfs::readdir()

isfile: 19 is a file
getattr 0000000000000013 1
isfile: 19 is a file
getfile 0000000000000013
getfile 0000000000000013 -> sz 0
   getattr -> 0
end of fuseserver_createhelper()

   unique: 48, success, outsize: 160
OK: create returns.
unique: 49, opcode: WRITE (16), nodeid: 19, insize: 84, pid: 7789
   unique: 49, success, outsize: 24
unique: 50, opcode: RELEASE (18), nodeid: 19, insize: 64, pid: 0
   unique: 50, success, outsize: 16
unique: 51, opcode: LOOKUP (1), nodeid: 1, insize: 46, pid: 7789
========== yfs::readdir(dir: 1) ==========
end of yfs::readdir()

isfile: 2 is a dir
getattr 0000000000000002 0
isfile: 2 is a dir
isdir: 2 is a dir
getdir 0000000000000002
   getattr -> 1542439908 1542439908 1542439908
   unique: 51, success, outsize: 144
unique: 52, opcode: LOOKUP (1), nodeid: 2, insize: 45, pid: 7789
========== yfs::readdir(dir: 2) ==========
end of yfs::readdir()

   unique: 52, error: -2 (No such file or directory), outsize: 16
unique: 53, opcode: CREATE (35), nodeid: 2, insize: 61, pid: 7789
=============== fuseserver_create(parent: 2, name: yy-9) ===============
=============== fuseserver_createhelper(parent:	2, name:	yy-9 ===============
create, parent:2, name:yy-9
========== yfs::readdir(dir: 2) ==========
end of yfs::readdir()

isfile: 21 is a file
getattr 0000000000000015 1
isfile: 21 is a file
getfile 0000000000000015
getfile 0000000000000015 -> sz 0
   getattr -> 0
end of fuseserver_createhelper()

   unique: 53, success, outsize: 160
OK: create returns.
unique: 54, opcode: WRITE (16), nodeid: 21, insize: 84, pid: 7789
   unique: 54, success, outsize: 24
unique: 55, opcode: RELEASE (18), nodeid: 21, insize: 64, pid: 0
   unique: 55, success, outsize: 16
unique: 56, opcode: LOOKUP (1), nodeid: 1, insize: 46, pid: 7789
========== yfs::readdir(dir: 1) ==========
end of yfs::readdir()

isfile: 2 is a dir
getattr 0000000000000002 0
isfile: 2 is a dir
isdir: 2 is a dir
getdir 0000000000000002
   getattr -> 1542439908 1542439908 1542439908
   unique: 56, success, outsize: 144
unique: 57, opcode: OPENDIR (27), nodeid: 2, insize: 48, pid: 7789
   unique: 57, success, outsize: 32
unique: 58, opcode: GETATTR (3), nodeid: 2, insize: 56, pid: 7789
isfile: 2 is a dir
getattr 0000000000000002 0
isfile: 2 is a dir
isdir: 2 is a dir
getdir 0000000000000002
   getattr -> 1542439908 1542439908 1542439908
   unique: 58, success, outsize: 120
unique: 59, opcode: READDIR (28), nodeid: 2, insize: 80, pid: 7789
fuseserver_readdir
isdir: 2 is a dir
========== yfs::readdir(dir: 2) ==========
end of yfs::readdir()

   unique: 59, success, outsize: 656
unique: 60, opcode: READDIR (28), nodeid: 2, insize: 80, pid: 7789
fuseserver_readdir
isdir: 2 is a dir
========== yfs::readdir(dir: 2) ==========
end of yfs::readdir()

   unique: 60, success, outsize: 16
unique: 61, opcode: RELEASEDIR (29), nodeid: 2, insize: 64, pid: 0
   unique: 61, success, outsize: 16
unique: 62, opcode: LOOKUP (1), nodeid: 1, insize: 46, pid: 7789
========== yfs::readdir(dir: 1) ==========
end of yfs::readdir()

isfile: 2 is a dir
getattr 0000000000000002 0
isfile: 2 is a dir
isdir: 2 is a dir
getdir 0000000000000002
   getattr -> 1542439912 1542439908 1542439908
   unique: 62, success, outsize: 144
unique: 63, opcode: LOOKUP (1), nodeid: 2, insize: 45, pid: 7789
========== yfs::readdir(dir: 2) ==========
end of yfs::readdir()

isfile: 4 is a file
getattr 0000000000000004 1
isfile: 4 is a file
getfile 0000000000000004
getfile 0000000000000004 -> sz 4
   getattr -> 4
   unique: 63, success, outsize: 144
unique: 64, opcode: OPEN (14), nodeid: 4, insize: 48, pid: 7789
   unique: 64, success, outsize: 32
unique: 65, opcode: READ (15), nodeid: 4, insize: 80, pid: 7789
   unique: 65, success, outsize: 20
unique: 66, opcode: RELEASE (18), nodeid: 4, insize: 64, pid: 0
   unique: 66, success, outsize: 16
unique: 67, opcode: LOOKUP (1), nodeid: 1, insize: 46, pid: 7789
========== yfs::readdir(dir: 1) ==========
end of yfs::readdir()

isfile: 2 is a dir
getattr 0000000000000002 0
isfile: 2 is a dir
isdir: 2 is a dir
getdir 0000000000000002
   getattr -> 1542439912 1542439908 1542439908
   unique: 67, success, outsize: 144
unique: 68, opcode: LOOKUP (1), nodeid: 2, insize: 45, pid: 7789
========== yfs::readdir(dir: 2) ==========
end of yfs::readdir()

isfile: 6 is a file
getattr 0000000000000006 1
isfile: 6 is a file
getfile 0000000000000006
getfile 0000000000000006 -> sz 4
   getattr -> 4
   unique: 68, success, outsize: 144
unique: 69, opcode: OPEN (14), nodeid: 6, insize: 48, pid: 7789
   unique: 69, success, outsize: 32
unique: 70, opcode: READ (15), nodeid: 6, insize: 80, pid: 7789
   unique: 70, success, outsize: 20
unique: 71, opcode: RELEASE (18), nodeid: 6, insize: 64, pid: 0
   unique: 71, success, outsize: 16
unique: 72, opcode: LOOKUP (1), nodeid: 1, insize: 46, pid: 7789
========== yfs::readdir(dir: 1) ==========
end of yfs::readdir()

isfile: 2 is a dir
getattr 0000000000000002 0
isfile: 2 is a dir
isdir: 2 is a dir
getdir 0000000000000002
   getattr -> 1542439912 1542439908 1542439908
   unique: 72, success, outsize: 144
unique: 73, opcode: LOOKUP (1), nodeid: 2, insize: 45, pid: 7789
========== yfs::readdir(dir: 2) ==========
end of yfs::readdir()

isfile: 8 is a file
getattr 0000000000000008 1
isfile: 8 is a file
getfile 0000000000000008
getfile 0000000000000008 -> sz 4
   getattr -> 4
   unique: 73, success, outsize: 144
unique: 74, opcode: OPEN (14), nodeid: 8, insize: 48, pid: 7789
   unique: 74, success, outsize: 32
unique: 75, opcode: READ (15), nodeid: 8, insize: 80, pid: 7789
   unique: 75, success, outsize: 20
unique: 76, opcode: RELEASE (18), nodeid: 8, insize: 64, pid: 0
   unique: 76, success, outsize: 16
unique: 77, opcode: LOOKUP (1), nodeid: 1, insize: 46, pid: 7789
========== yfs::readdir(dir: 1) ==========
end of yfs::readdir()

isfile: 2 is a dir
getattr 0000000000000002 0
isfile: 2 is a dir
isdir: 2 is a dir
getdir 0000000000000002
   getattr -> 1542439912 1542439908 1542439908
   unique: 77, success, outsize: 144
unique: 78, opcode: LOOKUP (1), nodeid: 2, insize: 45, pid: 7789
========== yfs::readdir(dir: 2) ==========
end of yfs::readdir()

isfile: 10 is a file
getattr 000000000000000a 1
isfile: 10 is a file
getfile 000000000000000a
getfile 000000000000000a -> sz 4
   getattr -> 4
   unique: 78, success, outsize: 144
unique: 79, opcode: OPEN (14), nodeid: 10, insize: 48, pid: 7789
   unique: 79, success, outsize: 32
unique: 80, opcode: READ (15), nodeid: 10, insize: 80, pid: 7789
   unique: 80, success, outsize: 20
unique: 81, opcode: RELEASE (18), nodeid: 10, insize: 64, pid: 0
   unique: 81, success, outsize: 16
unique: 82, opcode: LOOKUP (1), nodeid: 1, insize: 46, pid: 7789
========== yfs::readdir(dir: 1) ==========
end of yfs::readdir()

isfile: 2 is a dir
getattr 0000000000000002 0
isfile: 2 is a dir
isdir: 2 is a dir
getdir 0000000000000002
   getattr -> 1542439912 1542439908 1542439908
   unique: 82, success, outsize: 144
unique: 83, opcode: LOOKUP (1), nodeid: 2, insize: 45, pid: 7789
========== yfs::readdir(dir: 2) ==========
end of yfs::readdir()

isfile: 12 is a file
getattr 000000000000000c 1
isfile: 12 is a file
getfile 000000000000000c
getfile 000000000000000c -> sz 4
   getattr -> 4
   unique: 83, success, outsize: 144
unique: 84, opcode: OPEN (14), nodeid: 12, insize: 48, pid: 7789
   unique: 84, success, outsize: 32
unique: 85, opcode: READ (15), nodeid: 12, insize: 80, pid: 7789
   unique: 85, success, outsize: 20
unique: 86, opcode: RELEASE (18), nodeid: 12, insize: 64, pid: 0
   unique: 86, success, outsize: 16
unique: 87, opcode: LOOKUP (1), nodeid: 1, insize: 46, pid: 7789
========== yfs::readdir(dir: 1) ==========
end of yfs::readdir()

isfile: 2 is a dir
getattr 0000000000000002 0
isfile: 2 is a dir
isdir: 2 is a dir
getdir 0000000000000002
   getattr -> 1542439912 1542439908 1542439908
   unique: 87, success, outsize: 144
unique: 88, opcode: LOOKUP (1), nodeid: 2, insize: 45, pid: 7789
========== yfs::readdir(dir: 2) ==========
end of yfs::readdir()

isfile: 14 is a file
getattr 000000000000000e 1
isfile: 14 is a file
getfile 000000000000000e
getfile 000000000000000e -> sz 4
   getattr -> 4
   unique: 88, success, outsize: 144
unique: 89, opcode: OPEN (14), nodeid: 14, insize: 48, pid: 7789
   unique: 89, success, outsize: 32
unique: 90, opcode: READ (15), nodeid: 14, insize: 80, pid: 7789
   unique: 90, success, outsize: 20
unique: 91, opcode: RELEASE (18), nodeid: 14, insize: 64, pid: 0
   unique: 91, success, outsize: 16
unique: 92, opcode: LOOKUP (1), nodeid: 1, insize: 46, pid: 7789
========== yfs::readdir(dir: 1) ==========
end of yfs::readdir()

isfile: 2 is a dir
getattr 0000000000000002 0
isfile: 2 is a dir
isdir: 2 is a dir
getdir 0000000000000002
   getattr -> 1542439912 1542439908 1542439908
   unique: 92, success, outsize: 144
unique: 93, opcode: LOOKUP (1), nodeid: 2, insize: 45, pid: 7789
========== yfs::readdir(dir: 2) ==========
end of yfs::readdir()

isfile: 16 is a file
getattr 0000000000000010 1
isfile: 16 is a file
getfile 0000000000000010
getfile 0000000000000010 -> sz 4
   getattr -> 4
   unique: 93, success, outsize: 144
unique: 94, opcode: OPEN (14), nodeid: 16, insize: 48, pid: 7789
   unique: 94, success, outsize: 32
unique: 95, opcode: READ (15), nodeid: 16, insize: 80, pid: 7789
   unique: 95, success, outsize: 20
unique: 96, opcode: RELEASE (18), nodeid: 16, insize: 64, pid: 0
   unique: 96, success, outsize: 16
unique: 97, opcode: LOOKUP (1), nodeid: 1, insize: 46, pid: 7789
========== yfs::readdir(dir: 1) ==========
end of yfs::readdir()

isfile: 2 is a dir
getattr 0000000000000002 0
isfile: 2 is a dir
isdir: 2 is a dir
getdir 0000000000000002
   getattr -> 1542439912 1542439908 1542439908
   unique: 97, success, outsize: 144
unique: 98, opcode: LOOKUP (1), nodeid: 2, insize: 45, pid: 7789
========== yfs::readdir(dir: 2) ==========
end of yfs::readdir()

isfile: 18 is a file
getattr 0000000000000012 1
isfile: 18 is a file
getfile 0000000000000012
getfile 0000000000000012 -> sz 4
   getattr -> 4
   unique: 98, success, outsize: 144
unique: 99, opcode: OPEN (14), nodeid: 18, insize: 48, pid: 7789
   unique: 99, success, outsize: 32
unique: 100, opcode: READ (15), nodeid: 18, insize: 80, pid: 7789
   unique: 100, success, outsize: 20
unique: 101, opcode: RELEASE (18), nodeid: 18, insize: 64, pid: 0
   unique: 101, success, outsize: 16
unique: 102, opcode: LOOKUP (1), nodeid: 1, insize: 46, pid: 7789
========== yfs::readdir(dir: 1) ==========
end of yfs::readdir()

isfile: 2 is a dir
getattr 0000000000000002 0
isfile: 2 is a dir
isdir: 2 is a dir
getdir 0000000000000002
   getattr -> 1542439912 1542439908 1542439908
   unique: 102, success, outsize: 144
unique: 103, opcode: LOOKUP (1), nodeid: 2, insize: 45, pid: 7789
========== yfs::readdir(dir: 2) ==========
end of yfs::readdir()

isfile: 20 is a file
getattr 0000000000000014 1
isfile: 20 is a file
getfile 0000000000000014
getfile 0000000000000014 -> sz 4
   getattr -> 4
   unique: 103, success, outsize: 144
unique: 104, opcode: OPEN (14), nodeid: 20, insize: 48, pid: 7789
   unique: 104, success, outsize: 32
unique: 105, opcode: READ (15), nodeid: 20, insize: 80, pid: 7789
   unique: 105, success, outsize: 20
unique: 106, opcode: RELEASE (18), nodeid: 20, insize: 64, pid: 0
   unique: 106, success, outsize: 16
unique: 107, opcode: LOOKUP (1), nodeid: 1, insize: 46, pid: 7789
========== yfs::readdir(dir: 1) ==========
end of yfs::readdir()

isfile: 2 is a dir
getattr 0000000000000002 0
isfile: 2 is a dir
isdir: 2 is a dir
getdir 0000000000000002
   getattr -> 1542439912 1542439908 1542439908
   unique: 107, success, outsize: 144
unique: 108, opcode: LOOKUP (1), nodeid: 2, insize: 45, pid: 7789
========== yfs::readdir(dir: 2) ==========
end of yfs::readdir()

isfile: 22 is a file
getattr 0000000000000016 1
isfile: 22 is a file
getfile 0000000000000016
getfile 0000000000000016 -> sz 4
   getattr -> 4
   unique: 108, success, outsize: 144
unique: 109, opcode: OPEN (14), nodeid: 22, insize: 48, pid: 7789
   unique: 109, success, outsize: 32
unique: 110, opcode: READ (15), nodeid: 22, insize: 80, pid: 7789
   unique: 110, success, outsize: 20
unique: 111, opcode: RELEASE (18), nodeid: 22, insize: 64, pid: 0
   unique: 111, success, outsize: 16
unique: 112, opcode: LOOKUP (1), nodeid: 1, insize: 46, pid: 7789
========== yfs::readdir(dir: 1) ==========
end of yfs::readdir()

isfile: 2 is a dir
getattr 0000000000000002 0
isfile: 2 is a dir
isdir: 2 is a dir
getdir 0000000000000002
   getattr -> 1542439912 1542439908 1542439908
   unique: 112, success, outsize: 144
unique: 113, opcode: LOOKUP (1), nodeid: 2, insize: 45, pid: 7789
========== yfs::readdir(dir: 2) ==========
end of yfs::readdir()

isfile: 4 is a file
getattr 0000000000000004 1
isfile: 4 is a file
getfile 0000000000000004
getfile 0000000000000004 -> sz 4
   getattr -> 4
   unique: 113, success, outsize: 144
unique: 114, opcode: UNLINK (10), nodeid: 2, insize: 45, pid: 7789
========= yfs::unlink(parent: 2, name: xx-0 ==========
========== yfs::readdir(dir: 2) ==========
end of yfs::readdir()

isdir: 4 is a file
   unique: 114, success, outsize: 16
unique: 115, opcode: LOOKUP (1), nodeid: 1, insize: 46, pid: 7789
========== yfs::readdir(dir: 1) ==========
end of yfs::readdir()

isfile: 2 is a dir
getattr 0000000000000002 0
isfile: 2 is a dir
isdir: 2 is a dir
getdir 0000000000000002
   getattr -> 1542439913 1542439913 1542439913
   unique: 115, success, outsize: 144
unique: 116, opcode: FORGET (2), nodeid: 4, insize: 48, pid: 0
unique: 117, opcode: LOOKUP (1), nodeid: 2, insize: 45, pid: 7789
========== yfs::readdir(dir: 2) ==========
end of yfs::readdir()

isfile: 6 is a file
getattr 0000000000000006 1
isfile: 6 is a file
getfile 0000000000000006
getfile 0000000000000006 -> sz 4
   getattr -> 4
   unique: 117, success, outsize: 144
unique: 118, opcode: UNLINK (10), nodeid: 2, insize: 45, pid: 7789
========= yfs::unlink(parent: 2, name: xx-1 ==========
========== yfs::readdir(dir: 2) ==========
end of yfs::readdir()

isdir: 6 is a file
   unique: 118, success, outsize: 16
unique: 119, opcode: LOOKUP (1), nodeid: 1, insize: 46, pid: 7789
========== yfs::readdir(dir: 1) ==========
end of yfs::readdir()

isfile: 2 is a dir
getattr 0000000000000002 0
isfile: 2 is a dir
isdir: 2 is a dir
getdir 0000000000000002
   getattr -> 1542439913 1542439913 1542439913
   unique: 119, success, outsize: 144
unique: 120, opcode: FORGET (2), nodeid: 6, insize: 48, pid: 0
unique: 121, opcode: LOOKUP (1), nodeid: 2, insize: 45, pid: 7789
========== yfs::readdir(dir: 2) ==========
end of yfs::readdir()

isfile: 8 is a file
getattr 0000000000000008 1
isfile: 8 is a file
getfile 0000000000000008
getfile 0000000000000008 -> sz 4
   getattr -> 4
   unique: 121, success, outsize: 144
unique: 122, opcode: UNLINK (10), nodeid: 2, insize: 45, pid: 7789
========= yfs::unlink(parent: 2, name: xx-2 ==========
========== yfs::readdir(dir: 2) ==========
end of yfs::readdir()

isdir: 8 is a file
   unique: 122, success, outsize: 16
unique: 123, opcode: LOOKUP (1), nodeid: 1, insize: 46, pid: 7789
========== yfs::readdir(dir: 1) ==========
end of yfs::readdir()

isfile: 2 is a dir
getattr 0000000000000002 0
isfile: 2 is a dir
isdir: 2 is a dir
getdir 0000000000000002
   getattr -> 1542439913 1542439913 1542439913
   unique: 123, success, outsize: 144
unique: 124, opcode: FORGET (2), nodeid: 8, insize: 48, pid: 0
unique: 125, opcode: LOOKUP (1), nodeid: 2, insize: 45, pid: 7789
========== yfs::readdir(dir: 2) ==========
end of yfs::readdir()

isfile: 10 is a file
getattr 000000000000000a 1
isfile: 10 is a file
getfile 000000000000000a
getfile 000000000000000a -> sz 4
   getattr -> 4
   unique: 125, success, outsize: 144
unique: 126, opcode: UNLINK (10), nodeid: 2, insize: 45, pid: 7789
========= yfs::unlink(parent: 2, name: xx-3 ==========
========== yfs::readdir(dir: 2) ==========
end of yfs::readdir()

isdir: 10 is a file
   unique: 126, success, outsize: 16
unique: 127, opcode: LOOKUP (1), nodeid: 1, insize: 46, pid: 7789
========== yfs::readdir(dir: 1) ==========
end of yfs::readdir()

isfile: 2 is a dir
getattr 0000000000000002 0
isfile: 2 is a dir
isdir: 2 is a dir
getdir 0000000000000002
   getattr -> 1542439913 1542439913 1542439913
   unique: 127, success, outsize: 144
unique: 128, opcode: FORGET (2), nodeid: 10, insize: 48, pid: 0
unique: 129, opcode: LOOKUP (1), nodeid: 2, insize: 45, pid: 7789
========== yfs::readdir(dir: 2) ==========
end of yfs::readdir()

isfile: 12 is a file
getattr 000000000000000c 1
isfile: 12 is a file
getfile 000000000000000c
getfile 000000000000000c -> sz 4
   getattr -> 4
   unique: 129, success, outsize: 144
unique: 130, opcode: UNLINK (10), nodeid: 2, insize: 45, pid: 7789
========= yfs::unlink(parent: 2, name: xx-4 ==========
========== yfs::readdir(dir: 2) ==========
end of yfs::readdir()

isdir: 12 is a file
   unique: 130, success, outsize: 16
unique: 131, opcode: LOOKUP (1), nodeid: 1, insize: 46, pid: 7789
========== yfs::readdir(dir: 1) ==========
end of yfs::readdir()

isfile: 2 is a dir
getattr 0000000000000002 0
isfile: 2 is a dir
isdir: 2 is a dir
getdir 0000000000000002
   getattr -> 1542439913 1542439913 1542439913
   unique: 131, success, outsize: 144
unique: 132, opcode: FORGET (2), nodeid: 12, insize: 48, pid: 0
unique: 133, opcode: LOOKUP (1), nodeid: 2, insize: 45, pid: 7789
========== yfs::readdir(dir: 2) ==========
end of yfs::readdir()

isfile: 14 is a file
getattr 000000000000000e 1
isfile: 14 is a file
getfile 000000000000000e
getfile 000000000000000e -> sz 4
   getattr -> 4
   unique: 133, success, outsize: 144
unique: 134, opcode: UNLINK (10), nodeid: 2, insize: 45, pid: 7789
========= yfs::unlink(parent: 2, name: xx-5 ==========
========== yfs::readdir(dir: 2) ==========
end of yfs::readdir()

isdir: 14 is a file
   unique: 134, success, outsize: 16
unique: 135, opcode: LOOKUP (1), nodeid: 1, insize: 46, pid: 7789
========== yfs::readdir(dir: 1) ==========
end of yfs::readdir()

isfile: 2 is a dir
getattr 0000000000000002 0
isfile: 2 is a dir
isdir: 2 is a dir
getdir 0000000000000002
   getattr -> 1542439913 1542439913 1542439913
   unique: 135, success, outsize: 144
unique: 136, opcode: FORGET (2), nodeid: 14, insize: 48, pid: 0
unique: 137, opcode: LOOKUP (1), nodeid: 2, insize: 45, pid: 7789
========== yfs::readdir(dir: 2) ==========
end of yfs::readdir()

isfile: 16 is a file
getattr 0000000000000010 1
isfile: 16 is a file
getfile 0000000000000010
getfile 0000000000000010 -> sz 4
   getattr -> 4
   unique: 137, success, outsize: 144
unique: 138, opcode: UNLINK (10), nodeid: 2, insize: 45, pid: 7789
========= yfs::unlink(parent: 2, name: xx-6 ==========
========== yfs::readdir(dir: 2) ==========
end of yfs::readdir()

isdir: 16 is a file
   unique: 138, success, outsize: 16
unique: 139, opcode: LOOKUP (1), nodeid: 1, insize: 46, pid: 7789
========== yfs::readdir(dir: 1) ==========
end of yfs::readdir()

isfile: 2 is a dir
getattr 0000000000000002 0
isfile: 2 is a dir
isdir: 2 is a dir
getdir 0000000000000002
   getattr -> 1542439913 1542439913 1542439913
   unique: 139, success, outsize: 144
unique: 140, opcode: FORGET (2), nodeid: 16, insize: 48, pid: 0
unique: 141, opcode: LOOKUP (1), nodeid: 2, insize: 45, pid: 7789
========== yfs::readdir(dir: 2) ==========
end of yfs::readdir()

isfile: 18 is a file
getattr 0000000000000012 1
isfile: 18 is a file
getfile 0000000000000012
getfile 0000000000000012 -> sz 4
   getattr -> 4
   unique: 141, success, outsize: 144
unique: 142, opcode: UNLINK (10), nodeid: 2, insize: 45, pid: 7789
========= yfs::unlink(parent: 2, name: xx-7 ==========
========== yfs::readdir(dir: 2) ==========
end of yfs::readdir()

isdir: 18 is a file
   unique: 142, success, outsize: 16
unique: 143, opcode: LOOKUP (1), nodeid: 1, insize: 46, pid: 7789
========== yfs::readdir(dir: 1) ==========
end of yfs::readdir()

isfile: 2 is a dir
getattr 0000000000000002 0
isfile: 2 is a dir
isdir: 2 is a dir
getdir 0000000000000002
   getattr -> 1542439913 1542439913 1542439913
   unique: 143, success, outsize: 144
unique: 144, opcode: FORGET (2), nodeid: 18, insize: 48, pid: 0
unique: 145, opcode: LOOKUP (1), nodeid: 2, insize: 45, pid: 7789
========== yfs::readdir(dir: 2) ==========
end of yfs::readdir()

isfile: 20 is a file
getattr 0000000000000014 1
isfile: 20 is a file
getfile 0000000000000014
getfile 0000000000000014 -> sz 4
   getattr -> 4
   unique: 145, success, outsize: 144
unique: 146, opcode: UNLINK (10), nodeid: 2, insize: 45, pid: 7789
========= yfs::unlink(parent: 2, name: xx-8 ==========
========== yfs::readdir(dir: 2) ==========
end of yfs::readdir()

isdir: 20 is a file
   unique: 146, success, outsize: 16
unique: 148, opcode: FORGET (2), nodeid: 20, insize: 48, pid: 0
unique: 147, opcode: LOOKUP (1), nodeid: 1, insize: 46, pid: 7789
========== yfs::readdir(dir: 1) ==========
end of yfs::readdir()

isfile: 2 is a dir
getattr 0000000000000002 0
isfile: 2 is a dir
isdir: 2 is a dir
getdir 0000000000000002
   getattr -> 1542439913 1542439913 1542439913
   unique: 147, success, outsize: 144
unique: 149, opcode: LOOKUP (1), nodeid: 2, insize: 45, pid: 7789
========== yfs::readdir(dir: 2) ==========
end of yfs::readdir()

isfile: 22 is a file
getattr 0000000000000016 1
isfile: 22 is a file
getfile 0000000000000016
getfile 0000000000000016 -> sz 4
   getattr -> 4
   unique: 149, success, outsize: 144
unique: 150, opcode: UNLINK (10), nodeid: 2, insize: 45, pid: 7789
========= yfs::unlink(parent: 2, name: xx-9 ==========
========== yfs::readdir(dir: 2) ==========
end of yfs::readdir()

isdir: 22 is a file
   unique: 150, success, outsize: 16
unique: 151, opcode: FORGET (2), nodeid: 22, insize: 48, pid: 0
unique: 152, opcode: LOOKUP (1), nodeid: 1, insize: 46, pid: 7789
========== yfs::readdir(dir: 1) ==========
end of yfs::readdir()

isfile: 2 is a dir
getattr 0000000000000002 0
isfile: 2 is a dir
isdir: 2 is a dir
getdir 0000000000000002
   getattr -> 1542439913 1542439913 1542439913
   unique: 152, success, outsize: 144
unique: 153, opcode: LOOKUP (1), nodeid: 2, insize: 45, pid: 7789
========== yfs::readdir(dir: 2) ==========
end of yfs::readdir()

isfile: 3 is a file
getattr 0000000000000003 1
isfile: 3 is a file
getfile 0000000000000003
getfile 0000000000000003 -> sz 4
   getattr -> 4
   unique: 153, success, outsize: 144
unique: 154, opcode: UNLINK (10), nodeid: 2, insize: 45, pid: 7789
========= yfs::unlink(parent: 2, name: yy-0 ==========
========== yfs::readdir(dir: 2) ==========
end of yfs::readdir()

isdir: 3 is a file
   unique: 154, success, outsize: 16
unique: 156, opcode: FORGET (2), nodeid: 3, insize: 48, pid: 0
unique: 155, opcode: LOOKUP (1), nodeid: 1, insize: 46, pid: 7789
========== yfs::readdir(dir: 1) ==========
end of yfs::readdir()

isfile: 2 is a dir
getattr 0000000000000002 0
isfile: 2 is a dir
isdir: 2 is a dir
getdir 0000000000000002
   getattr -> 1542439914 1542439914 1542439914
   unique: 155, success, outsize: 144
unique: 157, opcode: LOOKUP (1), nodeid: 2, insize: 45, pid: 7789
========== yfs::readdir(dir: 2) ==========
end of yfs::readdir()

isfile: 5 is a file
getattr 0000000000000005 1
isfile: 5 is a file
getfile 0000000000000005
getfile 0000000000000005 -> sz 4
   getattr -> 4
   unique: 157, success, outsize: 144
unique: 158, opcode: UNLINK (10), nodeid: 2, insize: 45, pid: 7789
========= yfs::unlink(parent: 2, name: yy-1 ==========
========== yfs::readdir(dir: 2) ==========
end of yfs::readdir()

isdir: 5 is a file
   unique: 158, success, outsize: 16
unique: 160, opcode: FORGET (2), nodeid: 5, insize: 48, pid: 0
unique: 159, opcode: LOOKUP (1), nodeid: 1, insize: 46, pid: 7789
========== yfs::readdir(dir: 1) ==========
end of yfs::readdir()

isfile: 2 is a dir
getattr 0000000000000002 0
isfile: 2 is a dir
isdir: 2 is a dir
getdir 0000000000000002
   getattr -> 1542439914 1542439914 1542439914
   unique: 159, success, outsize: 144
unique: 161, opcode: LOOKUP (1), nodeid: 2, insize: 45, pid: 7789
========== yfs::readdir(dir: 2) ==========
end of yfs::readdir()

isfile: 7 is a file
getattr 0000000000000007 1
isfile: 7 is a file
getfile 0000000000000007
getfile 0000000000000007 -> sz 4
   getattr -> 4
   unique: 161, success, outsize: 144
unique: 162, opcode: UNLINK (10), nodeid: 2, insize: 45, pid: 7789
========= yfs::unlink(parent: 2, name: yy-2 ==========
========== yfs::readdir(dir: 2) ==========
end of yfs::readdir()

isdir: 7 is a file
   unique: 162, success, outsize: 16
unique: 164, opcode: FORGET (2), nodeid: 7, insize: 48, pid: 0
unique: 163, opcode: LOOKUP (1), nodeid: 1, insize: 46, pid: 7789
========== yfs::readdir(dir: 1) ==========
end of yfs::readdir()

isfile: 2 is a dir
getattr 0000000000000002 0
isfile: 2 is a dir
isdir: 2 is a dir
getdir 0000000000000002
   getattr -> 1542439914 1542439914 1542439914
   unique: 163, success, outsize: 144
unique: 165, opcode: LOOKUP (1), nodeid: 2, insize: 45, pid: 7789
========== yfs::readdir(dir: 2) ==========
end of yfs::readdir()

isfile: 9 is a file
getattr 0000000000000009 1
isfile: 9 is a file
getfile 0000000000000009
getfile 0000000000000009 -> sz 4
   getattr -> 4
   unique: 165, success, outsize: 144
unique: 166, opcode: UNLINK (10), nodeid: 2, insize: 45, pid: 7789
========= yfs::unlink(parent: 2, name: yy-3 ==========
========== yfs::readdir(dir: 2) ==========
end of yfs::readdir()

isdir: 9 is a file
   unique: 166, success, outsize: 16
unique: 168, opcode: FORGET (2), nodeid: 9, insize: 48, pid: 0
unique: 167, opcode: LOOKUP (1), nodeid: 1, insize: 46, pid: 7789
========== yfs::readdir(dir: 1) ==========
end of yfs::readdir()

isfile: 2 is a dir
getattr 0000000000000002 0
isfile: 2 is a dir
isdir: 2 is a dir
getdir 0000000000000002
   getattr -> 1542439914 1542439914 1542439914
   unique: 167, success, outsize: 144
unique: 169, opcode: LOOKUP (1), nodeid: 2, insize: 45, pid: 7789
========== yfs::readdir(dir: 2) ==========
end of yfs::readdir()

isfile: 11 is a file
getattr 000000000000000b 1
isfile: 11 is a file
getfile 000000000000000b
getfile 000000000000000b -> sz 4
   getattr -> 4
   unique: 169, success, outsize: 144
unique: 170, opcode: UNLINK (10), nodeid: 2, insize: 45, pid: 7789
========= yfs::unlink(parent: 2, name: yy-4 ==========
========== yfs::readdir(dir: 2) ==========
end of yfs::readdir()

isdir: 11 is a file
   unique: 170, success, outsize: 16
unique: 172, opcode: FORGET (2), nodeid: 11, insize: 48, pid: 0
unique: 171, opcode: LOOKUP (1), nodeid: 1, insize: 46, pid: 7789
========== yfs::readdir(dir: 1) ==========
end of yfs::readdir()

isfile: 2 is a dir
getattr 0000000000000002 0
isfile: 2 is a dir
isdir: 2 is a dir
getdir 0000000000000002
   getattr -> 1542439914 1542439914 1542439914
   unique: 171, success, outsize: 144
unique: 173, opcode: LOOKUP (1), nodeid: 2, insize: 45, pid: 7789
========== yfs::readdir(dir: 2) ==========
end of yfs::readdir()

isfile: 13 is a file
getattr 000000000000000d 1
isfile: 13 is a file
getfile 000000000000000d
getfile 000000000000000d -> sz 4
   getattr -> 4
   unique: 173, success, outsize: 144
unique: 174, opcode: UNLINK (10), nodeid: 2, insize: 45, pid: 7789
========= yfs::unlink(parent: 2, name: yy-5 ==========
========== yfs::readdir(dir: 2) ==========
end of yfs::readdir()

isdir: 13 is a file
   unique: 174, success, outsize: 16
unique: 176, opcode: FORGET (2), nodeid: 13, insize: 48, pid: 0
unique: 175, opcode: LOOKUP (1), nodeid: 1, insize: 46, pid: 7789
========== yfs::readdir(dir: 1) ==========
end of yfs::readdir()

isfile: 2 is a dir
getattr 0000000000000002 0
isfile: 2 is a dir
isdir: 2 is a dir
getdir 0000000000000002
   getattr -> 1542439914 1542439914 1542439914
   unique: 175, success, outsize: 144
unique: 177, opcode: LOOKUP (1), nodeid: 2, insize: 45, pid: 7789
========== yfs::readdir(dir: 2) ==========
end of yfs::readdir()

isfile: 15 is a file
getattr 000000000000000f 1
isfile: 15 is a file
getfile 000000000000000f
getfile 000000000000000f -> sz 4
   getattr -> 4
   unique: 177, success, outsize: 144
unique: 178, opcode: UNLINK (10), nodeid: 2, insize: 45, pid: 7789
========= yfs::unlink(parent: 2, name: yy-6 ==========
========== yfs::readdir(dir: 2) ==========
end of yfs::readdir()

isdir: 15 is a file
   unique: 178, success, outsize: 16
unique: 180, opcode: FORGET (2), nodeid: 15, insize: 48, pid: 0
unique: 179, opcode: LOOKUP (1), nodeid: 1, insize: 46, pid: 7789
========== yfs::readdir(dir: 1) ==========
end of yfs::readdir()

isfile: 2 is a dir
getattr 0000000000000002 0
isfile: 2 is a dir
isdir: 2 is a dir
getdir 0000000000000002
   getattr -> 1542439914 1542439914 1542439914
   unique: 179, success, outsize: 144
unique: 181, opcode: LOOKUP (1), nodeid: 2, insize: 45, pid: 7789
========== yfs::readdir(dir: 2) ==========
end of yfs::readdir()

isfile: 17 is a file
getattr 0000000000000011 1
isfile: 17 is a file
getfile 0000000000000011
getfile 0000000000000011 -> sz 4
   getattr -> 4
   unique: 181, success, outsize: 144
unique: 182, opcode: UNLINK (10), nodeid: 2, insize: 45, pid: 7789
========= yfs::unlink(parent: 2, name: yy-7 ==========
========== yfs::readdir(dir: 2) ==========
end of yfs::readdir()

isdir: 17 is a file
   unique: 182, success, outsize: 16
unique: 184, opcode: FORGET (2), nodeid: 17, insize: 48, pid: 0
unique: 183, opcode: LOOKUP (1), nodeid: 1, insize: 46, pid: 7789
========== yfs::readdir(dir: 1) ==========
end of yfs::readdir()

isfile: 2 is a dir
getattr 0000000000000002 0
isfile: 2 is a dir
isdir: 2 is a dir
getdir 0000000000000002
   getattr -> 1542439914 1542439914 1542439914
   unique: 183, success, outsize: 144
unique: 185, opcode: LOOKUP (1), nodeid: 2, insize: 45, pid: 7789
========== yfs::readdir(dir: 2) ==========
end of yfs::readdir()

isfile: 19 is a file
getattr 0000000000000013 1
isfile: 19 is a file
getfile 0000000000000013
getfile 0000000000000013 -> sz 4
   getattr -> 4
   unique: 185, success, outsize: 144
unique: 186, opcode: UNLINK (10), nodeid: 2, insize: 45, pid: 7789
========= yfs::unlink(parent: 2, name: yy-8 ==========
========== yfs::readdir(dir: 2) ==========
end of yfs::readdir()

isdir: 19 is a file
   unique: 186, success, outsize: 16
unique: 188, opcode: FORGET (2), nodeid: 19, insize: 48, pid: 0
unique: 187, opcode: LOOKUP (1), nodeid: 1, insize: 46, pid: 7789
========== yfs::readdir(dir: 1) ==========
end of yfs::readdir()

isfile: 2 is a dir
getattr 0000000000000002 0
isfile: 2 is a dir
isdir: 2 is a dir
getdir 0000000000000002
   getattr -> 1542439914 1542439915 1542439915
   unique: 187, success, outsize: 144
unique: 189, opcode: LOOKUP (1), nodeid: 2, insize: 45, pid: 7789
========== yfs::readdir(dir: 2) ==========
end of yfs::readdir()

isfile: 21 is a file
getattr 0000000000000015 1
isfile: 21 is a file
getfile 0000000000000015
getfile 0000000000000015 -> sz 4
   getattr -> 4
   unique: 189, success, outsize: 144
unique: 190, opcode: UNLINK (10), nodeid: 2, insize: 45, pid: 7789
========= yfs::unlink(parent: 2, name: yy-9 ==========
========== yfs::readdir(dir: 2) ==========
end of yfs::readdir()

isdir: 21 is a file
   unique: 190, success, outsize: 16
unique: 191, opcode: FORGET (2), nodeid: 21, insize: 48, pid: 0
unique: 192, opcode: LOOKUP (1), nodeid: 1, insize: 46, pid: 7789
========== yfs::readdir(dir: 1) ==========
end of yfs::readdir()

isfile: 2 is a dir
getattr 0000000000000002 0
isfile: 2 is a dir
isdir: 2 is a dir
getdir 0000000000000002
   getattr -> 1542439915 1542439915 1542439915
   unique: 192, success, outsize: 144
unique: 193, opcode: LOOKUP (1), nodeid: 2, insize: 45, pid: 7789
========== yfs::readdir(dir: 2) ==========
end of yfs::readdir()

   unique: 193, error: -2 (No such file or directory), outsize: 16
unique: 194, opcode: CREATE (35), nodeid: 2, insize: 61, pid: 7789
=============== fuseserver_create(parent: 2, name: zz-0) ===============
=============== fuseserver_createhelper(parent:	2, name:	zz-0 ===============
create, parent:2, name:zz-0
========== yfs::readdir(dir: 2) ==========
end of yfs::readdir()

ERROR yfs::create dir already has name
   unique: 194, error: -17 (File exists), outsize: 16
unique: 195, opcode: LOOKUP (1), nodeid: 1, insize: 46, pid: 7789
========== yfs::readdir(dir: 1) ==========
end of yfs::readdir()

isfile: 2 is a dir
getattr 0000000000000002 0
isfile: 2 is a dir
isdir: 2 is a dir
getdir 0000000000000002
   getattr -> 1542439916 1542439916 1542439916
   unique: 195, success, outsize: 144
unique: 196, opcode: LOOKUP (1), nodeid: 2, insize: 45, pid: 7789
========== yfs::readdir(dir: 2) ==========
end of yfs::readdir()

   unique: 196, error: -2 (No such file or directory), outsize: 16
unique: 197, opcode: CREATE (35), nodeid: 2, insize: 61, pid: 7789
=============== fuseserver_create(parent: 2, name: zz-1) ===============
=============== fuseserver_createhelper(parent:	2, name:	zz-1 ===============
create, parent:2, name:zz-1
========== yfs::readdir(dir: 2) ==========
end of yfs::readdir()

isfile: 4 is a file
getattr 0000000000000004 1
isfile: 4 is a file
getfile 0000000000000004
getfile 0000000000000004 -> sz 0
   getattr -> 0
end of fuseserver_createhelper()

   unique: 197, success, outsize: 160
OK: create returns.
unique: 198, opcode: WRITE (16), nodeid: 4, insize: 84, pid: 7789
   unique: 198, success, outsize: 24
unique: 199, opcode: RELEASE (18), nodeid: 4, insize: 64, pid: 0
   unique: 199, success, outsize: 16
unique: 200, opcode: LOOKUP (1), nodeid: 1, insize: 46, pid: 7789
========== yfs::readdir(dir: 1) ==========
end of yfs::readdir()

isfile: 2 is a dir
getattr 0000000000000002 0
isfile: 2 is a dir
isdir: 2 is a dir
getdir 0000000000000002
   getattr -> 1542439916 1542439916 1542439916
   unique: 200, success, outsize: 144
unique: 201, opcode: LOOKUP (1), nodeid: 2, insize: 45, pid: 7789
========== yfs::readdir(dir: 2) ==========
end of yfs::readdir()

isfile: 5 is a file
getattr 0000000000000005 1
isfile: 5 is a file
getfile 0000000000000005
getfile 0000000000000005 -> sz 0
   getattr -> 0
   unique: 201, success, outsize: 144
unique: 202, opcode: OPEN (14), nodeid: 5, insize: 48, pid: 7789
   unique: 202, success, outsize: 32
unique: 203, opcode: SETATTR (4), nodeid: 5, insize: 128, pid: 7789
fuseserver_setattr 0x8
   fuseserver_setattr set size to 0
isfile: 5 is a file
getattr 0000000000000005 1
isfile: 5 is a file
getfile 0000000000000005
getfile 0000000000000005 -> sz 4
   getattr -> 4
   unique: 203, success, outsize: 120
unique: 204, opcode: WRITE (16), nodeid: 5, insize: 84, pid: 7789
   unique: 204, success, outsize: 24
unique: 205, opcode: RELEASE (18), nodeid: 5, insize: 64, pid: 0
   unique: 205, success, outsize: 16
unique: 206, opcode: LOOKUP (1), nodeid: 1, insize: 46, pid: 7789
========== yfs::readdir(dir: 1) ==========
end of yfs::readdir()

isfile: 2 is a dir
getattr 0000000000000002 0
isfile: 2 is a dir
isdir: 2 is a dir
getdir 0000000000000002
   getattr -> 1542439916 1542439916 1542439916
   unique: 206, success, outsize: 144
unique: 207, opcode: LOOKUP (1), nodeid: 2, insize: 45, pid: 7789
========== yfs::readdir(dir: 2) ==========
end of yfs::readdir()

   unique: 207, error: -2 (No such file or directory), outsize: 16
unique: 208, opcode: CREATE (35), nodeid: 2, insize: 61, pid: 7789
=============== fuseserver_create(parent: 2, name: zz-3) ===============
=============== fuseserver_createhelper(parent:	2, name:	zz-3 ===============
create, parent:2, name:zz-3
========== yfs::readdir(dir: 2) ==========
end of yfs::readdir()

ERROR yfs::create dir already has name
   unique: 208, error: -17 (File exists), outsize: 16
unique: 209, opcode: LOOKUP (1), nodeid: 1, insize: 46, pid: 7789
========== yfs::readdir(dir: 1) ==========
end of yfs::readdir()

isfile: 2 is a dir
getattr 0000000000000002 0
isfile: 2 is a dir
isdir: 2 is a dir
getdir 0000000000000002
   getattr -> 1542439916 1542439916 1542439916
   unique: 209, success, outsize: 144
unique: 210, opcode: LOOKUP (1), nodeid: 2, insize: 45, pid: 7789
========== yfs::readdir(dir: 2) ==========
end of yfs::readdir()

   unique: 210, error: -2 (No such file or directory), outsize: 16
unique: 211, opcode: CREATE (35), nodeid: 2, insize: 61, pid: 7789
=============== fuseserver_create(parent: 2, name: zz-4) ===============
=============== fuseserver_createhelper(parent:	2, name:	zz-4 ===============
create, parent:2, name:zz-4
========== yfs::readdir(dir: 2) ==========
end of yfs::readdir()

isfile: 7 is a file
getattr 0000000000000007 1
isfile: 7 is a file
getfile 0000000000000007
getfile 0000000000000007 -> sz 0
   getattr -> 0
end of fuseserver_createhelper()

   unique: 211, success, outsize: 160
OK: create returns.
unique: 212, opcode: WRITE (16), nodeid: 7, insize: 84, pid: 7789
   unique: 212, success, outsize: 24
unique: 213, opcode: RELEASE (18), nodeid: 7, insize: 64, pid: 0
   unique: 213, success, outsize: 16
unique: 214, opcode: LOOKUP (1), nodeid: 1, insize: 46, pid: 7789
========== yfs::readdir(dir: 1) ==========
end of yfs::readdir()

isfile: 2 is a dir
getattr 0000000000000002 0
isfile: 2 is a dir
isdir: 2 is a dir
getdir 0000000000000002
   getattr -> 1542439916 1542439916 1542439916
   unique: 214, success, outsize: 144
unique: 215, opcode: LOOKUP (1), nodeid: 2, insize: 45, pid: 7789
========== yfs::readdir(dir: 2) ==========
end of yfs::readdir()

   unique: 215, error: -2 (No such file or directory), outsize: 16
unique: 216, opcode: CREATE (35), nodeid: 2, insize: 61, pid: 7789
=============== fuseserver_create(parent: 2, name: zz-5) ===============
=============== fuseserver_createhelper(parent:	2, name:	zz-5 ===============
create, parent:2, name:zz-5
========== yfs::readdir(dir: 2) ==========
end of yfs::readdir()

isfile: 8 is a file
getattr 0000000000000008 1
isfile: 8 is a file
getfile 0000000000000008
getfile 0000000000000008 -> sz 0
   getattr -> 0
end of fuseserver_createhelper()

   unique: 216, success, outsize: 160
OK: create returns.
unique: 217, opcode: WRITE (16), nodeid: 8, insize: 84, pid: 7789
   unique: 217, success, outsize: 24
unique: 218, opcode: RELEASE (18), nodeid: 8, insize: 64, pid: 0
   unique: 218, success, outsize: 16
unique: 219, opcode: LOOKUP (1), nodeid: 1, insize: 46, pid: 7789
========== yfs::readdir(dir: 1) ==========
end of yfs::readdir()

isfile: 2 is a dir
getattr 0000000000000002 0
isfile: 2 is a dir
isdir: 2 is a dir
getdir 0000000000000002
   getattr -> 1542439916 1542439916 1542439916
   unique: 219, success, outsize: 144
unique: 220, opcode: LOOKUP (1), nodeid: 2, insize: 45, pid: 7789
========== yfs::readdir(dir: 2) ==========
end of yfs::readdir()

   unique: 220, error: -2 (No such file or directory), outsize: 16
unique: 221, opcode: CREATE (35), nodeid: 2, insize: 61, pid: 7789
=============== fuseserver_create(parent: 2, name: zz-6) ===============
=============== fuseserver_createhelper(parent:	2, name:	zz-6 ===============
create, parent:2, name:zz-6
========== yfs::readdir(dir: 2) ==========
end of yfs::readdir()

isfile: 9 is a file
getattr 0000000000000009 1
isfile: 9 is a file
getfile 0000000000000009
getfile 0000000000000009 -> sz 0
   getattr -> 0
end of fuseserver_createhelper()

   unique: 221, success, outsize: 160
OK: create returns.
unique: 222, opcode: WRITE (16), nodeid: 9, insize: 84, pid: 7789
   unique: 222, success, outsize: 24
unique: 223, opcode: RELEASE (18), nodeid: 9, insize: 64, pid: 0
   unique: 223, success, outsize: 16
unique: 224, opcode: LOOKUP (1), nodeid: 1, insize: 46, pid: 7789
========== yfs::readdir(dir: 1) ==========
end of yfs::readdir()

isfile: 2 is a dir
getattr 0000000000000002 0
isfile: 2 is a dir
isdir: 2 is a dir
getdir 0000000000000002
   getattr -> 1542439916 1542439916 1542439916
   unique: 224, success, outsize: 144
unique: 225, opcode: LOOKUP (1), nodeid: 2, insize: 45, pid: 7789
========== yfs::readdir(dir: 2) ==========
end of yfs::readdir()

   unique: 225, error: -2 (No such file or directory), outsize: 16
unique: 226, opcode: CREATE (35), nodeid: 2, insize: 61, pid: 7789
=============== fuseserver_create(parent: 2, name: zz-7) ===============
=============== fuseserver_createhelper(parent:	2, name:	zz-7 ===============
create, parent:2, name:zz-7
========== yfs::readdir(dir: 2) ==========
end of yfs::readdir()

isfile: 10 is a file
getattr 000000000000000a 1
isfile: 10 is a file
getfile 000000000000000a
getfile 000000000000000a -> sz 0
   getattr -> 0
end of fuseserver_createhelper()

   unique: 226, success, outsize: 160
OK: create returns.
unique: 227, opcode: WRITE (16), nodeid: 10, insize: 84, pid: 7789
   unique: 227, success, outsize: 24
unique: 228, opcode: RELEASE (18), nodeid: 10, insize: 64, pid: 0
   unique: 228, success, outsize: 16
unique: 229, opcode: LOOKUP (1), nodeid: 1, insize: 46, pid: 7789
========== yfs::readdir(dir: 1) ==========
end of yfs::readdir()

isfile: 2 is a dir
getattr 0000000000000002 0
isfile: 2 is a dir
isdir: 2 is a dir
getdir 0000000000000002
   getattr -> 1542439916 1542439916 1542439916
   unique: 229, success, outsize: 144
unique: 230, opcode: LOOKUP (1), nodeid: 2, insize: 45, pid: 7789
========== yfs::readdir(dir: 2) ==========
end of yfs::readdir()

   unique: 230, error: -2 (No such file or directory), outsize: 16
unique: 231, opcode: CREATE (35), nodeid: 2, insize: 61, pid: 7789
=============== fuseserver_create(parent: 2, name: zz-8) ===============
=============== fuseserver_createhelper(parent:	2, name:	zz-8 ===============
create, parent:2, name:zz-8
========== yfs::readdir(dir: 2) ==========
end of yfs::readdir()

isfile: 11 is a file
getattr 000000000000000b 1
isfile: 11 is a file
getfile 000000000000000b
getfile 000000000000000b -> sz 0
   getattr -> 0
end of fuseserver_createhelper()

   unique: 231, success, outsize: 160
OK: create returns.
unique: 232, opcode: WRITE (16), nodeid: 11, insize: 84, pid: 7789
   unique: 232, success, outsize: 24
unique: 233, opcode: RELEASE (18), nodeid: 11, insize: 64, pid: 0
   unique: 233, success, outsize: 16
unique: 234, opcode: LOOKUP (1), nodeid: 1, insize: 46, pid: 7789
========== yfs::readdir(dir: 1) ==========
end of yfs::readdir()

isfile: 2 is a dir
getattr 0000000000000002 0
isfile: 2 is a dir
isdir: 2 is a dir
getdir 0000000000000002
   getattr -> 1542439916 1542439916 1542439916
   unique: 234, success, outsize: 144
unique: 235, opcode: LOOKUP (1), nodeid: 2, insize: 45, pid: 7789
========== yfs::readdir(dir: 2) ==========
end of yfs::readdir()

   unique: 235, error: -2 (No such file or directory), outsize: 16
unique: 236, opcode: CREATE (35), nodeid: 2, insize: 61, pid: 7789
=============== fuseserver_create(parent: 2, name: zz-9) ===============
=============== fuseserver_createhelper(parent:	2, name:	zz-9 ===============
create, parent:2, name:zz-9
========== yfs::readdir(dir: 2) ==========
end of yfs::readdir()

isfile: 12 is a file
getattr 000000000000000c 1
isfile: 12 is a file
getfile 000000000000000c
getfile 000000000000000c -> sz 0
   getattr -> 0
end of fuseserver_createhelper()

   unique: 236, success, outsize: 160
OK: create returns.
unique: 237, opcode: WRITE (16), nodeid: 12, insize: 84, pid: 7789
   unique: 237, success, outsize: 24
unique: 238, opcode: RELEASE (18), nodeid: 12, insize: 64, pid: 0
   unique: 238, success, outsize: 16
unique: 239, opcode: LOOKUP (1), nodeid: 1, insize: 46, pid: 7789
========== yfs::readdir(dir: 1) ==========
end of yfs::readdir()

isfile: 2 is a dir
getattr 0000000000000002 0
isfile: 2 is a dir
isdir: 2 is a dir
getdir 0000000000000002
   getattr -> 1542439916 1542439916 1542439916
   unique: 239, success, outsize: 144
unique: 240, opcode: OPENDIR (27), nodeid: 2, insize: 48, pid: 7789
   unique: 240, success, outsize: 32
unique: 241, opcode: GETATTR (3), nodeid: 2, insize: 56, pid: 7789
isfile: 2 is a dir
getattr 0000000000000002 0
isfile: 2 is a dir
isdir: 2 is a dir
getdir 0000000000000002
   getattr -> 1542439916 1542439916 1542439916
   unique: 241, success, outsize: 120
unique: 242, opcode: READDIR (28), nodeid: 2, insize: 80, pid: 7789
fuseserver_readdir
isdir: 2 is a dir
========== yfs::readdir(dir: 2) ==========
end of yfs::readdir()

   unique: 242, success, outsize: 336
unique: 243, opcode: READDIR (28), nodeid: 2, insize: 80, pid: 7789
fuseserver_readdir
isdir: 2 is a dir
========== yfs::readdir(dir: 2) ==========
end of yfs::readdir()

   unique: 243, success, outsize: 16
unique: 244, opcode: RELEASEDIR (29), nodeid: 2, insize: 64, pid: 0
   unique: 244, success, outsize: 16
unique: 245, opcode: LOOKUP (1), nodeid: 1, insize: 46, pid: 7789
========== yfs::readdir(dir: 1) ==========
end of yfs::readdir()

isfile: 2 is a dir
getattr 0000000000000002 0
isfile: 2 is a dir
isdir: 2 is a dir
getdir 0000000000000002
   getattr -> 1542439920 1542439916 1542439916
   unique: 245, success, outsize: 144
unique: 246, opcode: LOOKUP (1), nodeid: 2, insize: 45, pid: 7789
========== yfs::readdir(dir: 2) ==========
end of yfs::readdir()

isfile: 3 is a file
getattr 0000000000000003 1
isfile: 3 is a file
getfile 0000000000000003
getfile 0000000000000003 -> sz 4
   getattr -> 4
   unique: 246, success, outsize: 144
unique: 247, opcode: OPEN (14), nodeid: 3, insize: 48, pid: 7789
   unique: 247, success, outsize: 32
unique: 248, opcode: READ (15), nodeid: 3, insize: 80, pid: 7789
   unique: 248, success, outsize: 20
unique: 249, opcode: RELEASE (18), nodeid: 3, insize: 64, pid: 0
   unique: 249, success, outsize: 16
unique: 250, opcode: LOOKUP (1), nodeid: 1, insize: 46, pid: 7789
========== yfs::readdir(dir: 1) ==========
end of yfs::readdir()

isfile: 2 is a dir
getattr 0000000000000002 0
isfile: 2 is a dir
isdir: 2 is a dir
getdir 0000000000000002
   getattr -> 1542439920 1542439916 1542439916
   unique: 250, success, outsize: 144
unique: 251, opcode: LOOKUP (1), nodeid: 2, insize: 45, pid: 7789
========== yfs::readdir(dir: 2) ==========
end of yfs::readdir()

isfile: 4 is a file
getattr 0000000000000004 1
isfile: 4 is a file
getfile 0000000000000004
getfile 0000000000000004 -> sz 4
   getattr -> 4
   unique: 251, success, outsize: 144
unique: 252, opcode: OPEN (14), nodeid: 4, insize: 48, pid: 7789
   unique: 252, success, outsize: 32
unique: 253, opcode: READ (15), nodeid: 4, insize: 80, pid: 7789
   unique: 253, success, outsize: 20
unique: 254, opcode: RELEASE (18), nodeid: 4, insize: 64, pid: 0
   unique: 254, success, outsize: 16
unique: 255, opcode: LOOKUP (1), nodeid: 1, insize: 46, pid: 7789
========== yfs::readdir(dir: 1) ==========
end of yfs::readdir()

isfile: 2 is a dir
getattr 0000000000000002 0
isfile: 2 is a dir
isdir: 2 is a dir
getdir 0000000000000002
   getattr -> 1542439920 1542439916 1542439916
   unique: 255, success, outsize: 144
unique: 256, opcode: LOOKUP (1), nodeid: 2, insize: 45, pid: 7789
========== yfs::readdir(dir: 2) ==========
end of yfs::readdir()

isfile: 5 is a file
getattr 0000000000000005 1
isfile: 5 is a file
getfile 0000000000000005
getfile 0000000000000005 -> sz 4
   getattr -> 4
   unique: 256, success, outsize: 144
unique: 257, opcode: OPEN (14), nodeid: 5, insize: 48, pid: 7789
   unique: 257, success, outsize: 32
unique: 258, opcode: READ (15), nodeid: 5, insize: 80, pid: 7789
   unique: 258, success, outsize: 20
unique: 259, opcode: RELEASE (18), nodeid: 5, insize: 64, pid: 0
   unique: 259, success, outsize: 16
unique: 260, opcode: LOOKUP (1), nodeid: 1, insize: 46, pid: 7789
========== yfs::readdir(dir: 1) ==========
end of yfs::readdir()

isfile: 2 is a dir
getattr 0000000000000002 0
isfile: 2 is a dir
isdir: 2 is a dir
getdir 0000000000000002
   getattr -> 1542439920 1542439916 1542439916
   unique: 260, success, outsize: 144
unique: 261, opcode: LOOKUP (1), nodeid: 2, insize: 45, pid: 7789
========== yfs::readdir(dir: 2) ==========
end of yfs::readdir()

isfile: 6 is a file
getattr 0000000000000006 1
isfile: 6 is a file
getfile 0000000000000006
getfile 0000000000000006 -> sz 4
   getattr -> 4
   unique: 261, success, outsize: 144
unique: 262, opcode: OPEN (14), nodeid: 6, insize: 48, pid: 7789
   unique: 262, success, outsize: 32
unique: 263, opcode: READ (15), nodeid: 6, insize: 80, pid: 7789
   unique: 263, success, outsize: 20
unique: 264, opcode: RELEASE (18), nodeid: 6, insize: 64, pid: 0
   unique: 264, success, outsize: 16
unique: 265, opcode: LOOKUP (1), nodeid: 1, insize: 46, pid: 7789
========== yfs::readdir(dir: 1) ==========
end of yfs::readdir()

isfile: 2 is a dir
getattr 0000000000000002 0
isfile: 2 is a dir
isdir: 2 is a dir
getdir 0000000000000002
   getattr -> 1542439920 1542439916 1542439916
   unique: 265, success, outsize: 144
unique: 266, opcode: LOOKUP (1), nodeid: 2, insize: 45, pid: 7789
========== yfs::readdir(dir: 2) ==========
end of yfs::readdir()

isfile: 7 is a file
getattr 0000000000000007 1
isfile: 7 is a file
getfile 0000000000000007
getfile 0000000000000007 -> sz 4
   getattr -> 4
   unique: 266, success, outsize: 144
unique: 267, opcode: OPEN (14), nodeid: 7, insize: 48, pid: 7789
   unique: 267, success, outsize: 32
unique: 268, opcode: READ (15), nodeid: 7, insize: 80, pid: 7789
   unique: 268, success, outsize: 20
unique: 269, opcode: RELEASE (18), nodeid: 7, insize: 64, pid: 0
   unique: 269, success, outsize: 16
unique: 270, opcode: LOOKUP (1), nodeid: 1, insize: 46, pid: 7789
========== yfs::readdir(dir: 1) ==========
end of yfs::readdir()

isfile: 2 is a dir
getattr 0000000000000002 0
isfile: 2 is a dir
isdir: 2 is a dir
getdir 0000000000000002
   getattr -> 1542439920 1542439916 1542439916
   unique: 270, success, outsize: 144
unique: 271, opcode: LOOKUP (1), nodeid: 2, insize: 45, pid: 7789
========== yfs::readdir(dir: 2) ==========
end of yfs::readdir()

isfile: 8 is a file
getattr 0000000000000008 1
isfile: 8 is a file
getfile 0000000000000008
getfile 0000000000000008 -> sz 4
   getattr -> 4
   unique: 271, success, outsize: 144
unique: 272, opcode: OPEN (14), nodeid: 8, insize: 48, pid: 7789
   unique: 272, success, outsize: 32
unique: 273, opcode: READ (15), nodeid: 8, insize: 80, pid: 7789
   unique: 273, success, outsize: 20
unique: 274, opcode: RELEASE (18), nodeid: 8, insize: 64, pid: 0
   unique: 274, success, outsize: 16
unique: 275, opcode: LOOKUP (1), nodeid: 1, insize: 46, pid: 7789
========== yfs::readdir(dir: 1) ==========
end of yfs::readdir()

isfile: 2 is a dir
getattr 0000000000000002 0
isfile: 2 is a dir
isdir: 2 is a dir
getdir 0000000000000002
   getattr -> 1542439920 1542439916 1542439916
   unique: 275, success, outsize: 144
unique: 276, opcode: LOOKUP (1), nodeid: 2, insize: 45, pid: 7789
========== yfs::readdir(dir: 2) ==========
end of yfs::readdir()

isfile: 9 is a file
getattr 0000000000000009 1
isfile: 9 is a file
getfile 0000000000000009
getfile 0000000000000009 -> sz 4
   getattr -> 4
   unique: 276, success, outsize: 144
unique: 277, opcode: OPEN (14), nodeid: 9, insize: 48, pid: 7789
   unique: 277, success, outsize: 32
unique: 278, opcode: READ (15), nodeid: 9, insize: 80, pid: 7789
   unique: 278, success, outsize: 20
unique: 279, opcode: RELEASE (18), nodeid: 9, insize: 64, pid: 0
   unique: 279, success, outsize: 16
unique: 280, opcode: LOOKUP (1), nodeid: 1, insize: 46, pid: 7789
========== yfs::readdir(dir: 1) ==========
end of yfs::readdir()

isfile: 2 is a dir
getattr 0000000000000002 0
isfile: 2 is a dir
isdir: 2 is a dir
getdir 0000000000000002
   getattr -> 1542439920 1542439916 1542439916
   unique: 280, success, outsize: 144
unique: 281, opcode: LOOKUP (1), nodeid: 2, insize: 45, pid: 7789
========== yfs::readdir(dir: 2) ==========
end of yfs::readdir()

isfile: 10 is a file
getattr 000000000000000a 1
isfile: 10 is a file
getfile 000000000000000a
getfile 000000000000000a -> sz 4
   getattr -> 4
   unique: 281, success, outsize: 144
unique: 282, opcode: OPEN (14), nodeid: 10, insize: 48, pid: 7789
   unique: 282, success, outsize: 32
unique: 283, opcode: READ (15), nodeid: 10, insize: 80, pid: 7789
   unique: 283, success, outsize: 20
unique: 284, opcode: RELEASE (18), nodeid: 10, insize: 64, pid: 0
   unique: 284, success, outsize: 16
unique: 285, opcode: LOOKUP (1), nodeid: 1, insize: 46, pid: 7789
========== yfs::readdir(dir: 1) ==========
end of yfs::readdir()

isfile: 2 is a dir
getattr 0000000000000002 0
isfile: 2 is a dir
isdir: 2 is a dir
getdir 0000000000000002
   getattr -> 1542439920 1542439916 1542439916
   unique: 285, success, outsize: 144
unique: 286, opcode: LOOKUP (1), nodeid: 2, insize: 45, pid: 7789
========== yfs::readdir(dir: 2) ==========
end of yfs::readdir()

isfile: 11 is a file
getattr 000000000000000b 1
isfile: 11 is a file
getfile 000000000000000b
getfile 000000000000000b -> sz 4
   getattr -> 4
   unique: 286, success, outsize: 144
unique: 287, opcode: OPEN (14), nodeid: 11, insize: 48, pid: 7789
   unique: 287, success, outsize: 32
unique: 288, opcode: READ (15), nodeid: 11, insize: 80, pid: 7789
   unique: 288, success, outsize: 20
unique: 289, opcode: RELEASE (18), nodeid: 11, insize: 64, pid: 0
   unique: 289, success, outsize: 16
unique: 290, opcode: LOOKUP (1), nodeid: 1, insize: 46, pid: 7789
========== yfs::readdir(dir: 1) ==========
end of yfs::readdir()

isfile: 2 is a dir
getattr 0000000000000002 0
isfile: 2 is a dir
isdir: 2 is a dir
getdir 0000000000000002
   getattr -> 1542439920 1542439916 1542439916
   unique: 290, success, outsize: 144
unique: 291, opcode: LOOKUP (1), nodeid: 2, insize: 45, pid: 7789
========== yfs::readdir(dir: 2) ==========
end of yfs::readdir()

isfile: 12 is a file
getattr 000000000000000c 1
isfile: 12 is a file
getfile 000000000000000c
getfile 000000000000000c -> sz 4
   getattr -> 4
   unique: 291, success, outsize: 144
unique: 292, opcode: OPEN (14), nodeid: 12, insize: 48, pid: 7789
   unique: 292, success, outsize: 32
unique: 293, opcode: READ (15), nodeid: 12, insize: 80, pid: 7789
   unique: 293, success, outsize: 20
unique: 294, opcode: RELEASE (18), nodeid: 12, insize: 64, pid: 0
   unique: 294, success, outsize: 16
unique: 295, opcode: LOOKUP (1), nodeid: 1, insize: 46, pid: 7789
========== yfs::readdir(dir: 1) ==========
end of yfs::readdir()

isfile: 2 is a dir
getattr 0000000000000002 0
isfile: 2 is a dir
isdir: 2 is a dir
getdir 0000000000000002
   getattr -> 1542439920 1542439916 1542439916
   unique: 295, success, outsize: 144
unique: 296, opcode: LOOKUP (1), nodeid: 2, insize: 45, pid: 7789
========== yfs::readdir(dir: 2) ==========
end of yfs::readdir()

isfile: 3 is a file
getattr 0000000000000003 1
isfile: 3 is a file
getfile 0000000000000003
getfile 0000000000000003 -> sz 4
   getattr -> 4
   unique: 296, success, outsize: 144
unique: 297, opcode: UNLINK (10), nodeid: 2, insize: 45, pid: 7789
========= yfs::unlink(parent: 2, name: zz-0 ==========
========== yfs::readdir(dir: 2) ==========
end of yfs::readdir()

isdir: 3 is a file
   unique: 297, success, outsize: 16
unique: 299, opcode: FORGET (2), nodeid: 3, insize: 48, pid: 0
unique: 298, opcode: LOOKUP (1), nodeid: 1, insize: 46, pid: 7789
========== yfs::readdir(dir: 1) ==========
end of yfs::readdir()

isfile: 2 is a dir
getattr 0000000000000002 0
isfile: 2 is a dir
isdir: 2 is a dir
getdir 0000000000000002
   getattr -> 1542439921 1542439921 1542439921
   unique: 298, success, outsize: 144
unique: 300, opcode: LOOKUP (1), nodeid: 2, insize: 45, pid: 7789
========== yfs::readdir(dir: 2) ==========
end of yfs::readdir()

isfile: 4 is a file
getattr 0000000000000004 1
isfile: 4 is a file
getfile 0000000000000004
getfile 0000000000000004 -> sz 4
   getattr -> 4
   unique: 300, success, outsize: 144
unique: 301, opcode: UNLINK (10), nodeid: 2, insize: 45, pid: 7789
========= yfs::unlink(parent: 2, name: zz-1 ==========
========== yfs::readdir(dir: 2) ==========
end of yfs::readdir()

isdir: 4 is a file
   unique: 301, success, outsize: 16
unique: 303, opcode: FORGET (2), nodeid: 4, insize: 48, pid: 0
unique: 302, opcode: LOOKUP (1), nodeid: 1, insize: 46, pid: 7789
========== yfs::readdir(dir: 1) ==========
end of yfs::readdir()

isfile: 2 is a dir
getattr 0000000000000002 0
isfile: 2 is a dir
isdir: 2 is a dir
getdir 0000000000000002
   getattr -> 1542439921 1542439921 1542439921
   unique: 302, success, outsize: 144
unique: 304, opcode: LOOKUP (1), nodeid: 2, insize: 45, pid: 7789
========== yfs::readdir(dir: 2) ==========
end of yfs::readdir()

isfile: 5 is a file
getattr 0000000000000005 1
isfile: 5 is a file
getfile 0000000000000005
getfile 0000000000000005 -> sz 4
   getattr -> 4
   unique: 304, success, outsize: 144
unique: 305, opcode: UNLINK (10), nodeid: 2, insize: 45, pid: 7789
========= yfs::unlink(parent: 2, name: zz-2 ==========
========== yfs::readdir(dir: 2) ==========
end of yfs::readdir()

isdir: 5 is a file
   unique: 305, success, outsize: 16
unique: 307, opcode: FORGET (2), nodeid: 5, insize: 48, pid: 0
unique: 306, opcode: LOOKUP (1), nodeid: 1, insize: 46, pid: 7789
========== yfs::readdir(dir: 1) ==========
end of yfs::readdir()

isfile: 2 is a dir
getattr 0000000000000002 0
isfile: 2 is a dir
isdir: 2 is a dir
getdir 0000000000000002
   getattr -> 1542439921 1542439921 1542439921
   unique: 306, success, outsize: 144
unique: 308, opcode: LOOKUP (1), nodeid: 2, insize: 45, pid: 7789
========== yfs::readdir(dir: 2) ==========
end of yfs::readdir()

isfile: 6 is a file
getattr 0000000000000006 1
isfile: 6 is a file
getfile 0000000000000006
getfile 0000000000000006 -> sz 4
   getattr -> 4
   unique: 308, success, outsize: 144
unique: 309, opcode: UNLINK (10), nodeid: 2, insize: 45, pid: 7789
========= yfs::unlink(parent: 2, name: zz-3 ==========
========== yfs::readdir(dir: 2) ==========
end of yfs::readdir()

isdir: 6 is a file
   unique: 309, success, outsize: 16
unique: 311, opcode: FORGET (2), nodeid: 6, insize: 48, pid: 0
unique: 310, opcode: LOOKUP (1), nodeid: 1, insize: 46, pid: 7789
========== yfs::readdir(dir: 1) ==========
end of yfs::readdir()

isfile: 2 is a dir
getattr 0000000000000002 0
isfile: 2 is a dir
isdir: 2 is a dir
getdir 0000000000000002
   getattr -> 1542439921 1542439921 1542439921
   unique: 310, success, outsize: 144
unique: 312, opcode: LOOKUP (1), nodeid: 2, insize: 45, pid: 7789
========== yfs::readdir(dir: 2) ==========
end of yfs::readdir()

isfile: 7 is a file
getattr 0000000000000007 1
isfile: 7 is a file
getfile 0000000000000007
getfile 0000000000000007 -> sz 4
   getattr -> 4
   unique: 312, success, outsize: 144
unique: 313, opcode: UNLINK (10), nodeid: 2, insize: 45, pid: 7789
========= yfs::unlink(parent: 2, name: zz-4 ==========
========== yfs::readdir(dir: 2) ==========
end of yfs::readdir()

isdir: 7 is a file
   unique: 313, success, outsize: 16
unique: 315, opcode: FORGET (2), nodeid: 7, insize: 48, pid: 0
unique: 314, opcode: LOOKUP (1), nodeid: 1, insize: 46, pid: 7789
========== yfs::readdir(dir: 1) ==========
end of yfs::readdir()

isfile: 2 is a dir
getattr 0000000000000002 0
isfile: 2 is a dir
isdir: 2 is a dir
getdir 0000000000000002
   getattr -> 1542439921 1542439921 1542439921
   unique: 314, success, outsize: 144
unique: 316, opcode: LOOKUP (1), nodeid: 2, insize: 45, pid: 7789
========== yfs::readdir(dir: 2) ==========
end of yfs::readdir()

isfile: 8 is a file
getattr 0000000000000008 1
isfile: 8 is a file
getfile 0000000000000008
getfile 0000000000000008 -> sz 4
   getattr -> 4
   unique: 316, success, outsize: 144
unique: 317, opcode: UNLINK (10), nodeid: 2, insize: 45, pid: 7789
========= yfs::unlink(parent: 2, name: zz-5 ==========
========== yfs::readdir(dir: 2) ==========
end of yfs::readdir()

isdir: 8 is a file
   unique: 317, success, outsize: 16
unique: 319, opcode: FORGET (2), nodeid: 8, insize: 48, pid: 0
unique: 318, opcode: LOOKUP (1), nodeid: 1, insize: 46, pid: 7789
========== yfs::readdir(dir: 1) ==========
end of yfs::readdir()

isfile: 2 is a dir
getattr 0000000000000002 0
isfile: 2 is a dir
isdir: 2 is a dir
getdir 0000000000000002
   getattr -> 1542439921 1542439921 1542439921
   unique: 318, success, outsize: 144
unique: 320, opcode: LOOKUP (1), nodeid: 2, insize: 45, pid: 7789
========== yfs::readdir(dir: 2) ==========
end of yfs::readdir()

isfile: 9 is a file
getattr 0000000000000009 1
isfile: 9 is a file
getfile 0000000000000009
getfile 0000000000000009 -> sz 4
   getattr -> 4
   unique: 320, success, outsize: 144
unique: 321, opcode: UNLINK (10), nodeid: 2, insize: 45, pid: 7789
========= yfs::unlink(parent: 2, name: zz-6 ==========
========== yfs::readdir(dir: 2) ==========
end of yfs::readdir()

isdir: 9 is a file
   unique: 321, success, outsize: 16
unique: 322, opcode: LOOKUP (1), nodeid: 1, insize: 46, pid: 7789
========== yfs::readdir(dir: 1) ==========
end of yfs::readdir()

isfile: 2 is a dir
getattr 0000000000000002 0
isfile: 2 is a dir
isdir: 2 is a dir
getdir 0000000000000002
   getattr -> 1542439921 1542439921 1542439921
   unique: 322, success, outsize: 144
unique: 323, opcode: FORGET (2), nodeid: 9, insize: 48, pid: 0
unique: 324, opcode: LOOKUP (1), nodeid: 2, insize: 45, pid: 7789
========== yfs::readdir(dir: 2) ==========
end of yfs::readdir()

isfile: 10 is a file
getattr 000000000000000a 1
isfile: 10 is a file
getfile 000000000000000a
getfile 000000000000000a -> sz 4
   getattr -> 4
   unique: 324, success, outsize: 144
unique: 325, opcode: UNLINK (10), nodeid: 2, insize: 45, pid: 7789
========= yfs::unlink(parent: 2, name: zz-7 ==========
========== yfs::readdir(dir: 2) ==========
end of yfs::readdir()

isdir: 10 is a file
   unique: 325, success, outsize: 16
unique: 326, opcode: LOOKUP (1), nodeid: 1, insize: 46, pid: 7789
========== yfs::readdir(dir: 1) ==========
end of yfs::readdir()

isfile: 2 is a dir
getattr 0000000000000002 0
isfile: 2 is a dir
isdir: 2 is a dir
getdir 0000000000000002
   getattr -> 1542439921 1542439921 1542439921
   unique: 326, success, outsize: 144
unique: 327, opcode: FORGET (2), nodeid: 10, insize: 48, pid: 0
unique: 328, opcode: LOOKUP (1), nodeid: 2, insize: 45, pid: 7789
========== yfs::readdir(dir: 2) ==========
end of yfs::readdir()

isfile: 11 is a file
getattr 000000000000000b 1
isfile: 11 is a file
getfile 000000000000000b
getfile 000000000000000b -> sz 4
   getattr -> 4
   unique: 328, success, outsize: 144
unique: 329, opcode: UNLINK (10), nodeid: 2, insize: 45, pid: 7789
========= yfs::unlink(parent: 2, name: zz-8 ==========
========== yfs::readdir(dir: 2) ==========
end of yfs::readdir()

isdir: 11 is a file
   unique: 329, success, outsize: 16
unique: 330, opcode: LOOKUP (1), nodeid: 1, insize: 46, pid: 7789
========== yfs::readdir(dir: 1) ==========
end of yfs::readdir()

isfile: 2 is a dir
getattr 0000000000000002 0
isfile: 2 is a dir
isdir: 2 is a dir
getdir 0000000000000002
   getattr -> 1542439921 1542439921 1542439921
   unique: 330, success, outsize: 144
unique: 331, opcode: FORGET (2), nodeid: 11, insize: 48, pid: 0
unique: 332, opcode: LOOKUP (1), nodeid: 2, insize: 45, pid: 7789
========== yfs::readdir(dir: 2) ==========
end of yfs::readdir()

isfile: 12 is a file
getattr 000000000000000c 1
isfile: 12 is a file
getfile 000000000000000c
getfile 000000000000000c -> sz 4
   getattr -> 4
   unique: 332, success, outsize: 144
unique: 333, opcode: UNLINK (10), nodeid: 2, insize: 45, pid: 7789
========= yfs::unlink(parent: 2, name: zz-9 ==========
========== yfs::readdir(dir: 2) ==========
end of yfs::readdir()

isdir: 12 is a file
   unique: 333, success, outsize: 16
unique: 334, opcode: FORGET (2), nodeid: 12, insize: 48, pid: 0
unique: 335, opcode: LOOKUP (1), nodeid: 1, insize: 46, pid: 7789
========== yfs::readdir(dir: 1) ==========
end of yfs::readdir()

isfile: 2 is a dir
getattr 0000000000000002 0
isfile: 2 is a dir
isdir: 2 is a dir
getdir 0000000000000002
   getattr -> 1542439921 1542439921 1542439921
   unique: 335, success, outsize: 144
unique: 336, opcode: LOOKUP (1), nodeid: 2, insize: 45, pid: 7789
========== yfs::readdir(dir: 2) ==========
end of yfs::readdir()

   unique: 336, error: -2 (No such file or directory), outsize: 16
unique: 337, opcode: CREATE (35), nodeid: 2, insize: 61, pid: 7789
=============== fuseserver_create(parent: 2, name: x1-0) ===============
=============== fuseserver_createhelper(parent:	2, name:	x1-0 ===============
create, parent:2, name:x1-0
========== yfs::readdir(dir: 2) ==========
end of yfs::readdir()

isfile: 3 is a file
getattr 0000000000000003 1
isfile: 3 is a file
getfile 0000000000000003
getfile 0000000000000003 -> sz 0
   getattr -> 0
end of fuseserver_createhelper()

   unique: 337, success, outsize: 160
OK: create returns.
unique: 338, opcode: WRITE (16), nodeid: 3, insize: 84, pid: 7789
   unique: 338, success, outsize: 24
unique: 339, opcode: RELEASE (18), nodeid: 3, insize: 64, pid: 0
   unique: 339, success, outsize: 16
unique: 340, opcode: LOOKUP (1), nodeid: 1, insize: 46, pid: 7789
========== yfs::readdir(dir: 1) ==========
end of yfs::readdir()

isfile: 2 is a dir
getattr 0000000000000002 0
isfile: 2 is a dir
isdir: 2 is a dir
getdir 0000000000000002
   getattr -> 1542439922 1542439922 1542439922
   unique: 340, success, outsize: 144
unique: 341, opcode: LOOKUP (1), nodeid: 2, insize: 45, pid: 7789
========== yfs::readdir(dir: 2) ==========
end of yfs::readdir()

   unique: 341, error: -2 (No such file or directory), outsize: 16
unique: 342, opcode: CREATE (35), nodeid: 2, insize: 61, pid: 7789
=============== fuseserver_create(parent: 2, name: x1-1) ===============
=============== fuseserver_createhelper(parent:	2, name:	x1-1 ===============
create, parent:2, name:x1-1
========== yfs::readdir(dir: 2) ==========
end of yfs::readdir()

isfile: 4 is a file
getattr 0000000000000004 1
isfile: 4 is a file
getfile 0000000000000004
getfile 0000000000000004 -> sz 0
   getattr -> 0
end of fuseserver_createhelper()

   unique: 342, success, outsize: 160
OK: create returns.
unique: 343, opcode: WRITE (16), nodeid: 4, insize: 84, pid: 7789
   unique: 343, success, outsize: 24
unique: 344, opcode: RELEASE (18), nodeid: 4, insize: 64, pid: 0
   unique: 344, success, outsize: 16
unique: 345, opcode: LOOKUP (1), nodeid: 1, insize: 46, pid: 7789
========== yfs::readdir(dir: 1) ==========
end of yfs::readdir()

isfile: 2 is a dir
getattr 0000000000000002 0
isfile: 2 is a dir
isdir: 2 is a dir
getdir 0000000000000002
   getattr -> 1542439922 1542439922 1542439922
   unique: 345, success, outsize: 144
unique: 346, opcode: LOOKUP (1), nodeid: 2, insize: 45, pid: 7789
========== yfs::readdir(dir: 2) ==========
end of yfs::readdir()

   unique: 346, error: -2 (No such file or directory), outsize: 16
unique: 347, opcode: CREATE (35), nodeid: 2, insize: 61, pid: 7789
=============== fuseserver_create(parent: 2, name: x1-2) ===============
=============== fuseserver_createhelper(parent:	2, name:	x1-2 ===============
create, parent:2, name:x1-2
========== yfs::readdir(dir: 2) ==========
end of yfs::readdir()

isfile: 5 is a file
getattr 0000000000000005 1
isfile: 5 is a file
getfile 0000000000000005
getfile 0000000000000005 -> sz 0
   getattr -> 0
end of fuseserver_createhelper()

   unique: 347, success, outsize: 160
OK: create returns.
unique: 348, opcode: WRITE (16), nodeid: 5, insize: 84, pid: 7789
   unique: 348, success, outsize: 24
unique: 349, opcode: RELEASE (18), nodeid: 5, insize: 64, pid: 0
   unique: 349, success, outsize: 16
unique: 350, opcode: LOOKUP (1), nodeid: 1, insize: 46, pid: 7789
========== yfs::readdir(dir: 1) ==========
end of yfs::readdir()

isfile: 2 is a dir
getattr 0000000000000002 0
isfile: 2 is a dir
isdir: 2 is a dir
getdir 0000000000000002
   getattr -> 1542439922 1542439922 1542439922
   unique: 350, success, outsize: 144
unique: 351, opcode: LOOKUP (1), nodeid: 2, insize: 45, pid: 7789
========== yfs::readdir(dir: 2) ==========
end of yfs::readdir()

   unique: 351, error: -2 (No such file or directory), outsize: 16
unique: 352, opcode: CREATE (35), nodeid: 2, insize: 61, pid: 7789
=============== fuseserver_create(parent: 2, name: x1-3) ===============
=============== fuseserver_createhelper(parent:	2, name:	x1-3 ===============
create, parent:2, name:x1-3
========== yfs::readdir(dir: 2) ==========
end of yfs::readdir()

isfile: 6 is a file
getattr 0000000000000006 1
isfile: 6 is a file
getfile 0000000000000006
getfile 0000000000000006 -> sz 0
   getattr -> 0
end of fuseserver_createhelper()

   unique: 352, success, outsize: 160
OK: create returns.
unique: 353, opcode: WRITE (16), nodeid: 6, insize: 84, pid: 7789
   unique: 353, success, outsize: 24
unique: 354, opcode: RELEASE (18), nodeid: 6, insize: 64, pid: 0
   unique: 354, success, outsize: 16
unique: 355, opcode: LOOKUP (1), nodeid: 1, insize: 46, pid: 7789
========== yfs::readdir(dir: 1) ==========
end of yfs::readdir()

isfile: 2 is a dir
getattr 0000000000000002 0
isfile: 2 is a dir
isdir: 2 is a dir
getdir 0000000000000002
   getattr -> 1542439922 1542439922 1542439922
   unique: 355, success, outsize: 144
unique: 356, opcode: LOOKUP (1), nodeid: 2, insize: 45, pid: 7789
========== yfs::readdir(dir: 2) ==========
end of yfs::readdir()

   unique: 356, error: -2 (No such file or directory), outsize: 16
unique: 357, opcode: CREATE (35), nodeid: 2, insize: 61, pid: 7789
=============== fuseserver_create(parent: 2, name: x1-4) ===============
=============== fuseserver_createhelper(parent:	2, name:	x1-4 ===============
create, parent:2, name:x1-4
========== yfs::readdir(dir: 2) ==========
end of yfs::readdir()

isfile: 7 is a file
getattr 0000000000000007 1
isfile: 7 is a file
getfile 0000000000000007
getfile 0000000000000007 -> sz 0
   getattr -> 0
end of fuseserver_createhelper()

   unique: 357, success, outsize: 160
OK: create returns.
unique: 358, opcode: WRITE (16), nodeid: 7, insize: 84, pid: 7789
   unique: 358, success, outsize: 24
unique: 359, opcode: RELEASE (18), nodeid: 7, insize: 64, pid: 0
   unique: 359, success, outsize: 16
unique: 360, opcode: LOOKUP (1), nodeid: 1, insize: 46, pid: 7789
========== yfs::readdir(dir: 1) ==========
end of yfs::readdir()

isfile: 2 is a dir
getattr 0000000000000002 0
isfile: 2 is a dir
isdir: 2 is a dir
getdir 0000000000000002
   getattr -> 1542439924 1542439924 1542439924
   unique: 360, success, outsize: 144
unique: 361, opcode: LOOKUP (1), nodeid: 2, insize: 45, pid: 7789
========== yfs::readdir(dir: 2) ==========
end of yfs::readdir()

   unique: 361, error: -2 (No such file or directory), outsize: 16
unique: 362, opcode: CREATE (35), nodeid: 2, insize: 61, pid: 7789
=============== fuseserver_create(parent: 2, name: x4-0) ===============
=============== fuseserver_createhelper(parent:	2, name:	x4-0 ===============
create, parent:2, name:x4-0
========== yfs::readdir(dir: 2) ==========
end of yfs::readdir()

find x4
it->inum: 3
it->name: x1-0
isfile: 3 is a file
isdir: 3 is a file
it->type: isdir:0, isfile:1
it->inum: 4
it->name: x1-1
isfile: 4 is a file
isdir: 4 is a file
it->type: isdir:0, isfile:1
it->inum: 5
it->name: x1-2
isfile: 5 is a file
isdir: 5 is a file
it->type: isdir:0, isfile:1
it->inum: 6
it->name: x1-3
isfile: 6 is a file
isdir: 6 is a file
it->type: isdir:0, isfile:1
it->inum: 7
it->name: x1-4
isfile: 7 is a file
isdir: 7 is a file
it->type: isdir:0, isfile:1
it->inum: 8
it->name: x2-0
isfile: 8 is a file
isdir: 8 is a file
it->type: isdir:0, isfile:1
it->inum: 9
it->name: x2-1
isfile: 9 is a file
isdir: 9 is a file
it->type: isdir:0, isfile:1
it->inum: 10
it->name: x2-2
isfile: 10 is a file
isdir: 10 is a file
it->type: isdir:0, isfile:1
it->inum: 11
it->name: x2-3
isfile: 11 is a file
isdir: 11 is a file
it->type: isdir:0, isfile:1
it->inum: 12
it->name: x2-4
isfile: 12 is a file
isdir: 12 is a file
it->type: isdir:0, isfile:1
it->inum: 13
it->name: x4-0
isfile: 13 is a file
isdir: 13 is a file
it->type: isdir:0, isfile:1
isfile: 13 is a file
getattr 000000000000000d 1
isfile: 13 is a file
getfile 000000000000000d
getfile 000000000000000d -> sz 0
   getattr -> 0
end of fuseserver_createhelper()

   unique: 362, success, outsize: 160
OK: create returns.
unique: 363, opcode: WRITE (16), nodeid: 13, insize: 84, pid: 7789
   unique: 363, success, outsize: 24
unique: 364, opcode: RELEASE (18), nodeid: 13, insize: 64, pid: 0
   unique: 364, success, outsize: 16
unique: 365, opcode: LOOKUP (1), nodeid: 1, insize: 46, pid: 7789
========== yfs::readdir(dir: 1) ==========
end of yfs::readdir()

isfile: 2 is a dir
getattr 0000000000000002 0
isfile: 2 is a dir
isdir: 2 is a dir
getdir 0000000000000002
   getattr -> 1542439925 1542439925 1542439925
   unique: 365, success, outsize: 144
unique: 366, opcode: LOOKUP (1), nodeid: 2, insize: 45, pid: 7789
========== yfs::readdir(dir: 2) ==========
end of yfs::readdir()

   unique: 366, error: -2 (No such file or directory), outsize: 16
unique: 367, opcode: CREATE (35), nodeid: 2, insize: 61, pid: 7789
=============== fuseserver_create(parent: 2, name: x4-1) ===============
=============== fuseserver_createhelper(parent:	2, name:	x4-1 ===============
create, parent:2, name:x4-1
========== yfs::readdir(dir: 2) ==========
end of yfs::readdir()

find x4
it->inum: 5
it->name: x1-2
isfile: 5 is a symlink
isfile: 5 is a symlink
it->type: isdir:0, isfile:0
it->inum: 6
it->name: x1-3
isfile: 6 is a file
isdir: 6 is a file
it->type: isdir:0, isfile:1
it->inum: 7
it->name: x1-4
isfile: 7 is a file
isdir: 7 is a file
it->type: isdir:0, isfile:1
it->inum: 8
it->name: x2-0
isfile: 8 is a file
isdir: 8 is a file
it->type: isdir:0, isfile:1
it->inum: 9
it->name: x2-1
isfile: 9 is a file
isdir: 9 is a file
it->type: isdir:0, isfile:1
it->inum: 10
it->name: x2-2
isfile: 10 is a file
isdir: 10 is a file
it->type: isdir:0, isfile:1
it->inum: 11
it->name: x2-3
isfile: 11 is a file
isdir: 11 is a file
it->type: isdir:0, isfile:1
it->inum: 12
it->name: x2-4
isfile: 12 is a file
isdir: 12 is a file
it->type: isdir:0, isfile:1
it->inum: 13
it->name: x4-0
isfile: 13 is a file
isdir: 13 is a file
it->type: isdir:0, isfile:1
it->inum: 3
it->name: x4-1
isfile: 3 is a file
isdir: 3 is a file
it->type: isdir:0, isfile:1
isfile: 3 is a file
getattr 0000000000000003 1
isfile: 3 is a file
getfile 0000000000000003
getfile 0000000000000003 -> sz 0
   getattr -> 0
end of fuseserver_createhelper()

   unique: 367, success, outsize: 160
OK: create returns.
unique: 368, opcode: WRITE (16), nodeid: 3, insize: 84, pid: 7789
   unique: 368, success, outsize: 24
unique: 369, opcode: RELEASE (18), nodeid: 3, insize: 64, pid: 0
   unique: 369, success, outsize: 16
unique: 370, opcode: LOOKUP (1), nodeid: 1, insize: 46, pid: 7789
========== yfs::readdir(dir: 1) ==========
end of yfs::readdir()

isfile: 2 is a dir
getattr 0000000000000002 0
isfile: 2 is a dir
isdir: 2 is a dir
getdir 0000000000000002
   getattr -> 1542439925 1542439925 1542439925
   unique: 370, success, outsize: 144
unique: 371, opcode: LOOKUP (1), nodeid: 2, insize: 45, pid: 7789
========== yfs::readdir(dir: 2) ==========
end of yfs::readdir()

   unique: 371, error: -2 (No such file or directory), outsize: 16
unique: 372, opcode: CREATE (35), nodeid: 2, insize: 61, pid: 7789
=============== fuseserver_create(parent: 2, name: x4-2) ===============
=============== fuseserver_createhelper(parent:	2, name:	x4-2 ===============
create, parent:2, name:x4-2
========== yfs::readdir(dir: 2) ==========
end of yfs::readdir()

find x4
it->inum: 7
it->name: x1-4
isfile: 7 is a symlink
isfile: 7 is a symlink
it->type: isdir:0, isfile:0
it->inum: 8
it->name: x2-0
isfile: 8 is a file
isdir: 8 is a file
it->type: isdir:0, isfile:1
it->inum: 9
it->name: x2-1
isfile: 9 is a file
isdir: 9 is a file
it->type: isdir:0, isfile:1
it->inum: 10
it->name: x2-2
isfile: 10 is a file
isdir: 10 is a file
it->type: isdir:0, isfile:1
it->inum: 11
it->name: x2-3
isfile: 11 is a file
isdir: 11 is a file
it->type: isdir:0, isfile:1
it->inum: 12
it->name: x2-4
isfile: 12 is a file
isdir: 12 is a file
it->type: isdir:0, isfile:1
it->inum: 13
it->name: x4-0
isfile: 13 is a file
isdir: 13 is a file
it->type: isdir:0, isfile:1
it->inum: 4
it->name: x4-2
isfile: 4 is a file
isdir: 4 is a file
it->type: isdir:0, isfile:1
isfile: 4 is a file
getattr 0000000000000004 1
isfile: 4 is a file
getfile 0000000000000004
getfile 0000000000000004 -> sz 0
   getattr -> 0
end of fuseserver_createhelper()

   unique: 372, success, outsize: 160
OK: create returns.
unique: 373, opcode: WRITE (16), nodeid: 4, insize: 84, pid: 7789
   unique: 373, success, outsize: 24
unique: 374, opcode: RELEASE (18), nodeid: 4, insize: 64, pid: 0
   unique: 374, success, outsize: 16
unique: 375, opcode: LOOKUP (1), nodeid: 1, insize: 46, pid: 7789
========== yfs::readdir(dir: 1) ==========
end of yfs::readdir()

isfile: 2 is a dir
getattr 0000000000000002 0
isfile: 2 is a dir
isdir: 2 is a dir
getdir 0000000000000002
   getattr -> 1542439925 1542439925 1542439925
   unique: 375, success, outsize: 144
unique: 376, opcode: LOOKUP (1), nodeid: 2, insize: 45, pid: 7789
========== yfs::readdir(dir: 2) ==========
end of yfs::readdir()

   unique: 376, error: -2 (No such file or directory), outsize: 16
unique: 377, opcode: CREATE (35), nodeid: 2, insize: 61, pid: 7789
=============== fuseserver_create(parent: 2, name: x4-3) ===============
=============== fuseserver_createhelper(parent:	2, name:	x4-3 ===============
create, parent:2, name:x4-3
========== yfs::readdir(dir: 2) ==========
end of yfs::readdir()

find x4
it->inum: 8
it->name: x2-0
isfile: 8 is a file
isdir: 8 is a file
it->type: isdir:0, isfile:1
it->inum: 9
it->name: x2-1
isfile: 9 is a file
isdir: 9 is a file
it->type: isdir:0, isfile:1
it->inum: 10
it->name: x2-2
isfile: 10 is a file
isdir: 10 is a file
it->type: isdir:0, isfile:1
it->inum: 11
it->name: x2-3
isfile: 11 is a file
isdir: 11 is a file
it->type: isdir:0, isfile:1
it->inum: 12
it->name: x2-4
isfile: 12 is a file
isdir: 12 is a file
it->type: isdir:0, isfile:1
it->inum: 13
it->name: x4-0
isfile: 13 is a file
isdir: 13 is a file
it->type: isdir:0, isfile:1
it->inum: 5
it->name: x4-3
isfile: 5 is a file
isdir: 5 is a file
it->type: isdir:0, isfile:1
isfile: 5 is a file
getattr 0000000000000005 1
isfile: 5 is a file
getfile 0000000000000005
getfile 0000000000000005 -> sz 0
   getattr -> 0
end of fuseserver_createhelper()

   unique: 377, success, outsize: 160
OK: create returns.
unique: 378, opcode: WRITE (16), nodeid: 5, insize: 84, pid: 7789
   unique: 378, success, outsize: 24
unique: 379, opcode: RELEASE (18), nodeid: 5, insize: 64, pid: 0
   unique: 379, success, outsize: 16
unique: 380, opcode: LOOKUP (1), nodeid: 1, insize: 46, pid: 7789
========== yfs::readdir(dir: 1) ==========
end of yfs::readdir()

isfile: 2 is a dir
getattr 0000000000000002 0
isfile: 2 is a dir
isdir: 2 is a dir
getdir 0000000000000002
   getattr -> 1542439925 1542439925 1542439925
   unique: 380, success, outsize: 144
unique: 381, opcode: LOOKUP (1), nodeid: 2, insize: 45, pid: 7789
========== yfs::readdir(dir: 2) ==========
end of yfs::readdir()

   unique: 381, error: -2 (No such file or directory), outsize: 16
unique: 382, opcode: CREATE (35), nodeid: 2, insize: 61, pid: 7789
=============== fuseserver_create(parent: 2, name: x4-4) ===============
=============== fuseserver_createhelper(parent:	2, name:	x4-4 ===============
create, parent:2, name:x4-4
========== yfs::readdir(dir: 2) ==========
end of yfs::readdir()

find x4
it->inum: 8
it->name: x2-0
isfile: 8 is a file
isdir: 8 is a file
it->type: isdir:0, isfile:1
it->inum: 9
it->name: x2-1
isfile: 9 is a file
isdir: 9 is a file
it->type: isdir:0, isfile:1
it->inum: 10
it->name: x2-2
isfile: 10 is a file
isdir: 10 is a file
it->type: isdir:0, isfile:1
it->inum: 11
it->name: x2-3
isfile: 11 is a file
isdir: 11 is a file
it->type: isdir:0, isfile:1
it->inum: 12
it->name: x2-4
isfile: 12 is a file
isdir: 12 is a file
it->type: isdir:0, isfile:1
it->inum: 13
it->name: x4-0
isfile: 13 is a file
isdir: 13 is a file
it->type: isdir:0, isfile:1
it->inum: 5
it->name: x4-3
isfile: 5 is a file
isdir: 5 is a file
it->type: isdir:0, isfile:1
it->inum: 6
it->name: x4-4
isfile: 6 is a file
isdir: 6 is a file
it->type: isdir:0, isfile:1
isfile: 6 is a file
getattr 0000000000000006 1
isfile: 6 is a file
getfile 0000000000000006
getfile 0000000000000006 -> sz 0
   getattr -> 0
end of fuseserver_createhelper()

   unique: 382, success, outsize: 160
OK: create returns.
unique: 383, opcode: WRITE (16), nodeid: 6, insize: 84, pid: 7789
   unique: 383, success, outsize: 24
unique: 384, opcode: RELEASE (18), nodeid: 6, insize: 64, pid: 0
   unique: 384, success, outsize: 16
unique: 385, opcode: LOOKUP (1), nodeid: 1, insize: 46, pid: 7792
========== yfs::readdir(dir: 1) ==========
end of yfs::readdir()

isfile: 2 is a dir
getattr 0000000000000002 0
isfile: 2 is a dir
isdir: 2 is a dir
getdir 0000000000000002
   getattr -> 1542439925 1542439925 1542439925
   unique: 385, success, outsize: 144
unique: 386, opcode: LOOKUP (1), nodeid: 2, insize: 45, pid: 7792
========== yfs::readdir(dir: 2) ==========
end of yfs::readdir()

   unique: 386, error: -2 (No such file or directory), outsize: 16
unique: 387, opcode: CREATE (35), nodeid: 2, insize: 61, pid: 7792
=============== fuseserver_create(parent: 2, name: x3-0) ===============
=============== fuseserver_createhelper(parent:	2, name:	x3-0 ===============
create, parent:2, name:x3-0
========== yfs::readdir(dir: 2) ==========
end of yfs::readdir()

isfile: 7 is a file
getattr 0000000000000007 1
isfile: 7 is a file
getfile 0000000000000007
getfile 0000000000000007 -> sz 0
   getattr -> 0
end of fuseserver_createhelper()

   unique: 387, success, outsize: 160
OK: create returns.
unique: 388, opcode: WRITE (16), nodeid: 7, insize: 84, pid: 7792
   unique: 388, success, outsize: 24
unique: 389, opcode: RELEASE (18), nodeid: 7, insize: 64, pid: 0
   unique: 389, success, outsize: 16
unique: 390, opcode: LOOKUP (1), nodeid: 1, insize: 46, pid: 7792
========== yfs::readdir(dir: 1) ==========
end of yfs::readdir()

isfile: 2 is a dir
getattr 0000000000000002 0
isfile: 2 is a dir
isdir: 2 is a dir
getdir 0000000000000002
   getattr -> 1542439926 1542439926 1542439926
   unique: 390, success, outsize: 144
unique: 391, opcode: LOOKUP (1), nodeid: 2, insize: 45, pid: 7792
========== yfs::readdir(dir: 2) ==========
end of yfs::readdir()

   unique: 391, error: -2 (No such file or directory), outsize: 16
unique: 392, opcode: CREATE (35), nodeid: 2, insize: 61, pid: 7792
=============== fuseserver_create(parent: 2, name: x3-1) ===============
=============== fuseserver_createhelper(parent:	2, name:	x3-1 ===============
create, parent:2, name:x3-1
========== yfs::readdir(dir: 2) ==========
end of yfs::readdir()

isfile: 14 is a file
getattr 000000000000000e 1
isfile: 14 is a file
getfile 000000000000000e
getfile 000000000000000e -> sz 0
   getattr -> 0
end of fuseserver_createhelper()

   unique: 392, success, outsize: 160
OK: create returns.
unique: 393, opcode: WRITE (16), nodeid: 14, insize: 84, pid: 7792
   unique: 393, success, outsize: 24
unique: 394, opcode: RELEASE (18), nodeid: 14, insize: 64, pid: 0
   unique: 394, success, outsize: 16
unique: 395, opcode: LOOKUP (1), nodeid: 1, insize: 46, pid: 7792
========== yfs::readdir(dir: 1) ==========
end of yfs::readdir()

isfile: 2 is a dir
getattr 0000000000000002 0
isfile: 2 is a dir
isdir: 2 is a dir
getdir 0000000000000002
   getattr -> 1542439926 1542439926 1542439926
   unique: 395, success, outsize: 144
unique: 396, opcode: LOOKUP (1), nodeid: 2, insize: 45, pid: 7792
========== yfs::readdir(dir: 2) ==========
end of yfs::readdir()

   unique: 396, error: -2 (No such file or directory), outsize: 16
unique: 397, opcode: CREATE (35), nodeid: 2, insize: 61, pid: 7792
=============== fuseserver_create(parent: 2, name: x3-2) ===============
=============== fuseserver_createhelper(parent:	2, name:	x3-2 ===============
create, parent:2, name:x3-2
========== yfs::readdir(dir: 2) ==========
end of yfs::readdir()

isfile: 15 is a file
getattr 000000000000000f 1
isfile: 15 is a file
getfile 000000000000000f
getfile 000000000000000f -> sz 0
   getattr -> 0
end of fuseserver_createhelper()

   unique: 397, success, outsize: 160
OK: create returns.
unique: 398, opcode: WRITE (16), nodeid: 15, insize: 84, pid: 7792
   unique: 398, success, outsize: 24
unique: 399, opcode: RELEASE (18), nodeid: 15, insize: 64, pid: 0
   unique: 399, success, outsize: 16
unique: 400, opcode: LOOKUP (1), nodeid: 1, insize: 46, pid: 7792
========== yfs::readdir(dir: 1) ==========
end of yfs::readdir()

isfile: 2 is a dir
getattr 0000000000000002 0
isfile: 2 is a dir
isdir: 2 is a dir
getdir 0000000000000002
   getattr -> 1542439926 1542439926 1542439926
   unique: 400, success, outsize: 144
unique: 401, opcode: LOOKUP (1), nodeid: 2, insize: 45, pid: 7792
========== yfs::readdir(dir: 2) ==========
end of yfs::readdir()

   unique: 401, error: -2 (No such file or directory), outsize: 16
unique: 402, opcode: CREATE (35), nodeid: 2, insize: 61, pid: 7792
=============== fuseserver_create(parent: 2, name: x3-3) ===============
=============== fuseserver_createhelper(parent:	2, name:	x3-3 ===============
create, parent:2, name:x3-3
========== yfs::readdir(dir: 2) ==========
end of yfs::readdir()

isfile: 16 is a file
getattr 0000000000000010 1
isfile: 16 is a file
getfile 0000000000000010
getfile 0000000000000010 -> sz 0
   getattr -> 0
end of fuseserver_createhelper()

   unique: 402, success, outsize: 160
OK: create returns.
unique: 403, opcode: WRITE (16), nodeid: 16, insize: 84, pid: 7792
   unique: 403, success, outsize: 24
unique: 404, opcode: RELEASE (18), nodeid: 16, insize: 64, pid: 0
   unique: 404, success, outsize: 16
unique: 405, opcode: LOOKUP (1), nodeid: 1, insize: 46, pid: 7792
========== yfs::readdir(dir: 1) ==========
end of yfs::readdir()

isfile: 2 is a dir
getattr 0000000000000002 0
isfile: 2 is a dir
isdir: 2 is a dir
getdir 0000000000000002
   getattr -> 1542439926 1542439926 1542439926
   unique: 405, success, outsize: 144
unique: 406, opcode: LOOKUP (1), nodeid: 2, insize: 45, pid: 7792
========== yfs::readdir(dir: 2) ==========
end of yfs::readdir()

   unique: 406, error: -2 (No such file or directory), outsize: 16
unique: 407, opcode: CREATE (35), nodeid: 2, insize: 61, pid: 7792
=============== fuseserver_create(parent: 2, name: x3-4) ===============
=============== fuseserver_createhelper(parent:	2, name:	x3-4 ===============
create, parent:2, name:x3-4
========== yfs::readdir(dir: 2) ==========
end of yfs::readdir()

isfile: 17 is a file
getattr 0000000000000011 1
isfile: 17 is a file
getfile 0000000000000011
getfile 0000000000000011 -> sz 0
   getattr -> 0
end of fuseserver_createhelper()

   unique: 407, success, outsize: 160
OK: create returns.
unique: 408, opcode: WRITE (16), nodeid: 17, insize: 84, pid: 7792
   unique: 408, success, outsize: 24
unique: 409, opcode: RELEASE (18), nodeid: 17, insize: 64, pid: 0
   unique: 409, success, outsize: 16
fuse: failed to unmount /home/stu/devlop/lab1/yfs1: Invalid argument
