FUSE library version: 2.9.4
unique: 1, opcode: INIT (26), nodeid: 0, insize: 56, pid: 0
INIT: 7.26
flags=0x001ffffb
max_readahead=0x00020000
   INIT: 7.19
   flags=0x00000000
   max_readahead=0x00020000
   max_write=0x00020000
   max_background=0
   congestion_threshold=0
   unique: 1, success, outsize: 40
unique: 2, opcode: LOOKUP (1), nodeid: 1, insize: 97, pid: 241
========== yfs::lookup(parent: 1, name: file -
-	-zlykvvzauwgnxkwvlykuaztgiclbmsmjftinkwhz-241-0) ==========
========== yfs::readdir(dir: 1) ==========
end of yfs::readdir()

end of yfs::lookup()

   unique: 2, error: -2 (No such file or directory), outsize: 16
unique: 3, opcode: CREATE (35), nodeid: 1, insize: 113, pid: 241
=============== fuseserver_create(parent: 1, name: file -
-	-zlykvvzauwgnxkwvlykuaztgiclbmsmjftinkwhz-241-0) ===============
=============== fuseserver_createhelper(parent:	1, name:	file -
-	-zlykvvzauwgnxkwvlykuaztgiclbmsmjftinkwhz-241-0 ===============
========== yfs::readdir(dir: 1) ==========
end of yfs::readdir()

isfile: 140607539306046 is a symlink
getattr 00007fe1be6ede3e 0
isfile: 140607539306046 is a symlink
isfile: 140607539306046 is a symlink
getfile 00007fe1be6ede3e
getfile 00007fe1be6ede3e -> sz 0
   getattr -> 0
end of fuseserver_createhelper()

   unique: 3, success, outsize: 160
OK: create returns.
unique: 4, opcode: LOOKUP (1), nodeid: 1, insize: 45, pid: 253
========== yfs::lookup(parent: 1, name: a253) ==========
========== yfs::readdir(dir: 1) ==========
end of yfs::readdir()

end of yfs::lookup()

   unique: 4, error: -2 (No such file or directory), outsize: 16
unique: 5, opcode: CREATE (35), nodeid: 1, insize: 61, pid: 253
=============== fuseserver_create(parent: 1, name: a253) ===============
=============== fuseserver_createhelper(parent:	1, name:	a253 ===============
========== yfs::readdir(dir: 1) ==========
end of yfs::readdir()

isfile: 140607539306046 is a symlink
getattr 00007fe1be6ede3e 0
isfile: 140607539306046 is a symlink
isfile: 140607539306046 is a symlink
getfile 00007fe1be6ede3e
getfile 00007fe1be6ede3e -> sz 0
   getattr -> 0
end of fuseserver_createhelper()

   unique: 5, success, outsize: 160
OK: create returns.
unique: 6, opcode: LOOKUP (1), nodeid: 1, insize: 45, pid: 265
========== yfs::lookup(parent: 1, name: d265) ==========
========== yfs::readdir(dir: 1) ==========
end of yfs::readdir()

end of yfs::lookup()

   unique: 6, error: -2 (No such file or directory), outsize: 16
unique: 7, opcode: MKDIR (9), nodeid: 1, insize: 53, pid: 265
=============== fuseserver_createhelper(parent:	1, name:	d265 ===============
========== yfs::readdir(dir: 1) ==========
end of yfs::readdir()

end of create()

isfile: 206158430256 is a symlink
getattr 0000003000000030 0
isfile: 206158430256 is a symlink
isfile: 206158430256 is a symlink
getfile 0000003000000030
getfile 0000003000000030 -> sz 0
   getattr -> 0
end of fuseserver_createhelper()

   unique: 7, success, outsize: 144
unique: 8, opcode: LOOKUP (1), nodeid: 1, insize: 46, pid: 278
========== yfs::lookup(parent: 1, name: hosts) ==========
========== yfs::readdir(dir: 1) ==========
end of yfs::readdir()

end of yfs::lookup()

   unique: 8, error: -2 (No such file or directory), outsize: 16
unique: 9, opcode: LOOKUP (1), nodeid: 1, insize: 46, pid: 278
========== yfs::lookup(parent: 1, name: hosts) ==========
========== yfs::readdir(dir: 1) ==========
end of yfs::readdir()

end of yfs::lookup()

   unique: 9, error: -2 (No such file or directory), outsize: 16
unique: 10, opcode: LOOKUP (1), nodeid: 1, insize: 54, pid: 278
========== yfs::lookup(parent: 1, name: testhostslink) ==========
========== yfs::readdir(dir: 1) ==========
end of yfs::readdir()

end of yfs::lookup()

   unique: 10, error: -2 (No such file or directory), outsize: 16
unique: 11, opcode: LOOKUP (1), nodeid: 1, insize: 54, pid: 278
========== yfs::lookup(parent: 1, name: testhostslink) ==========
========== yfs::readdir(dir: 1) ==========
end of yfs::readdir()

end of yfs::lookup()

   unique: 11, error: -2 (No such file or directory), outsize: 16
unique: 12, opcode: LOOKUP (1), nodeid: 1, insize: 51, pid: 278
========== yfs::lookup(parent: 1, name: hosts_copy) ==========
========== yfs::readdir(dir: 1) ==========
end of yfs::readdir()

end of yfs::lookup()

   unique: 12, error: -2 (No such file or directory), outsize: 16
unique: 13, opcode: LOOKUP (1), nodeid: 1, insize: 51, pid: 278
========== yfs::lookup(parent: 1, name: hosts_copy) ==========
========== yfs::readdir(dir: 1) ==========
end of yfs::readdir()

end of yfs::lookup()

   unique: 13, error: -2 (No such file or directory), outsize: 16
unique: 14, opcode: LOOKUP (1), nodeid: 1, insize: 52, pid: 278
========== yfs::lookup(parent: 1, name: hosts_copy2) ==========
========== yfs::readdir(dir: 1) ==========
end of yfs::readdir()

end of yfs::lookup()

   unique: 14, error: -2 (No such file or directory), outsize: 16
unique: 15, opcode: LOOKUP (1), nodeid: 1, insize: 52, pid: 278
========== yfs::lookup(parent: 1, name: hosts_copy2) ==========
========== yfs::readdir(dir: 1) ==========
end of yfs::readdir()

end of yfs::lookup()

   unique: 15, error: -2 (No such file or directory), outsize: 16
unique: 16, opcode: LOOKUP (1), nodeid: 1, insize: 46, pid: 279
========== yfs::lookup(parent: 1, name: hosts) ==========
========== yfs::readdir(dir: 1) ==========
end of yfs::readdir()

end of yfs::lookup()

   unique: 16, error: -2 (No such file or directory), outsize: 16
unique: 17, opcode: LOOKUP (1), nodeid: 1, insize: 46, pid: 279
========== yfs::lookup(parent: 1, name: hosts) ==========
========== yfs::readdir(dir: 1) ==========
end of yfs::readdir()

end of yfs::lookup()

   unique: 17, error: -2 (No such file or directory), outsize: 16
unique: 18, opcode: SYMLINK (6), nodeid: 1, insize: 57, pid: 279
========== yfs::symlink(parent: 1, link: /etc/hosts, name: hosts) ==========
========== yfs::readdir(dir: 1) ==========
end of yfs::readdir()

========== yfs::readdir(dir: 1) ==========
end of yfs::readdir()

print_list()
readlink()
path: 
end of symlink()
fuse.cc::symlink ok
isfile: 0 is a symlink
getattr 0000000000000000 0
isfile: 0 is a symlink
isfile: 0 is a symlink
getfile 0000000000000000
getfile 0000000000000000 -> sz 0
   getattr -> 0
   unique: 18, success, outsize: 144
unique: 19, opcode: LOOKUP (1), nodeid: 1, insize: 46, pid: 280
========== yfs::lookup(parent: 1, name: hosts) ==========
========== yfs::readdir(dir: 1) ==========
end of yfs::readdir()

end of yfs::lookup()

   unique: 19, error: -2 (No such file or directory), outsize: 16
unique: 20, opcode: LOOKUP (1), nodeid: 1, insize: 53, pid: 307
========== yfs::lookup(parent: 1, name: foo.txt.yfs1) ==========
========== yfs::readdir(dir: 1) ==========
end of yfs::readdir()

end of yfs::lookup()

   unique: 20, error: -2 (No such file or directory), outsize: 16
unique: 21, opcode: CREATE (35), nodeid: 1, insize: 69, pid: 307
=============== fuseserver_create(parent: 1, name: foo.txt.yfs1) ===============
=============== fuseserver_createhelper(parent:	1, name:	foo.txt.yfs1 ===============
========== yfs::readdir(dir: 1) ==========
end of yfs::readdir()

isfile: 140607539306046 is a symlink
getattr 00007fe1be6ede3e 0
isfile: 140607539306046 is a symlink
isfile: 140607539306046 is a symlink
getfile 00007fe1be6ede3e
getfile 00007fe1be6ede3e -> sz 0
   getattr -> 0
end of fuseserver_createhelper()

   unique: 21, success, outsize: 160
OK: create returns.
unique: 22, opcode: LOOKUP (1), nodeid: 1, insize: 53, pid: 307
========== yfs::lookup(parent: 1, name: foo.txt.yfs1) ==========
========== yfs::readdir(dir: 1) ==========
end of yfs::readdir()

end of yfs::lookup()

   unique: 22, error: -2 (No such file or directory), outsize: 16
unique: 23, opcode: CREATE (35), nodeid: 1, insize: 69, pid: 307
=============== fuseserver_create(parent: 1, name: foo.txt.yfs1) ===============
=============== fuseserver_createhelper(parent:	1, name:	foo.txt.yfs1 ===============
========== yfs::readdir(dir: 1) ==========
end of yfs::readdir()

isfile: 140607539306046 is a symlink
getattr 00007fe1be6ede3e 0
isfile: 140607539306046 is a symlink
isfile: 140607539306046 is a symlink
getfile 00007fe1be6ede3e
getfile 00007fe1be6ede3e -> sz 0
   getattr -> 0
end of fuseserver_createhelper()

   unique: 23, success, outsize: 160
OK: create returns.
unique: 24, opcode: LOOKUP (1), nodeid: 1, insize: 53, pid: 308
========== yfs::lookup(parent: 1, name: foo.txt.yfs1) ==========
========== yfs::readdir(dir: 1) ==========
end of yfs::readdir()

end of yfs::lookup()

   unique: 24, error: -2 (No such file or directory), outsize: 16
unique: 25, opcode: LOOKUP (1), nodeid: 1, insize: 45, pid: 333
========== yfs::lookup(parent: 1, name: d333) ==========
========== yfs::readdir(dir: 1) ==========
end of yfs::readdir()

end of yfs::lookup()

   unique: 25, error: -2 (No such file or directory), outsize: 16
unique: 26, opcode: MKDIR (9), nodeid: 1, insize: 53, pid: 333
=============== fuseserver_createhelper(parent:	1, name:	d333 ===============
========== yfs::readdir(dir: 1) ==========
end of yfs::readdir()

end of create()

isfile: 206158430256 is a symlink
getattr 0000003000000030 0
isfile: 206158430256 is a symlink
isfile: 206158430256 is a symlink
getfile 0000003000000030
getfile 0000003000000030 -> sz 0
   getattr -> 0
end of fuseserver_createhelper()

   unique: 26, success, outsize: 144
unique: 27, opcode: LOOKUP (1), nodeid: 1, insize: 45, pid: 345
========== yfs::lookup(parent: 1, name: d345) ==========
========== yfs::readdir(dir: 1) ==========
end of yfs::readdir()

end of yfs::lookup()

   unique: 27, error: -2 (No such file or directory), outsize: 16
unique: 28, opcode: MKDIR (9), nodeid: 1, insize: 53, pid: 345
=============== fuseserver_createhelper(parent:	1, name:	d345 ===============
========== yfs::readdir(dir: 1) ==========
end of yfs::readdir()

end of create()

isfile: 206158430256 is a symlink
getattr 0000003000000030 0
isfile: 206158430256 is a symlink
isfile: 206158430256 is a symlink
getfile 0000003000000030
getfile 0000003000000030 -> sz 0
   getattr -> 0
end of fuseserver_createhelper()

   unique: 28, success, outsize: 144
unique: 29, opcode: LOOKUP (1), nodeid: 1, insize: 46, pid: 362
========== yfs::lookup(parent: 1, name: da362) ==========
========== yfs::readdir(dir: 1) ==========
end of yfs::readdir()

end of yfs::lookup()

   unique: 29, error: -2 (No such file or directory), outsize: 16
unique: 30, opcode: MKDIR (9), nodeid: 1, insize: 54, pid: 362
=============== fuseserver_createhelper(parent:	1, name:	da362 ===============
========== yfs::readdir(dir: 1) ==========
end of yfs::readdir()

end of create()

isfile: 206158430256 is a symlink
getattr 0000003000000030 0
isfile: 206158430256 is a symlink
isfile: 206158430256 is a symlink
getfile 0000003000000030
getfile 0000003000000030 -> sz 0
   getattr -> 0
end of fuseserver_createhelper()

   unique: 30, success, outsize: 144
fuse: failed to unmount /home/stu/devlop/lab1/yfs1: Invalid argument
