FUSE library version: 2.9.4
unique: 1, opcode: INIT (26), nodeid: 0, insize: 56, pid: 0
INIT: 7.26
flags=0x001ffffb
max_readahead=0x00020000
   INIT: 7.19
   flags=0x00000000
   max_readahead=0x00020000
   max_write=0x00020000
   max_background=0
   congestion_threshold=0
   unique: 1, success, outsize: 40
unique: 2, opcode: LOOKUP (1), nodeid: 1, insize: 46, pid: 1047
========== yfs::readdir(dir: 1) ==========
end of yfs::readdir()

isfile: 254 is a symlink
getattr 00000000000000fe 0
isfile: 254 is a symlink
isfile: 254 is a symlink
getfile 00000000000000fe
getfile 00000000000000fe -> sz 10
   getattr -> 10
   unique: 2, success, outsize: 144
unique: 3, opcode: GETATTR (3), nodeid: 254, insize: 56, pid: 1047
isfile: 254 is a symlink
getattr 00000000000000fe 0
isfile: 254 is a symlink
isfile: 254 is a symlink
getfile 00000000000000fe
getfile 00000000000000fe -> sz 10
   getattr -> 10
   unique: 3, success, outsize: 120
unique: 4, opcode: LOOKUP (1), nodeid: 1, insize: 46, pid: 1047
========== yfs::readdir(dir: 1) ==========
end of yfs::readdir()

isfile: 254 is a symlink
getattr 00000000000000fe 0
isfile: 254 is a symlink
isfile: 254 is a symlink
getfile 00000000000000fe
getfile 00000000000000fe -> sz 10
   getattr -> 10
   unique: 4, success, outsize: 144
unique: 5, opcode: UNLINK (10), nodeid: 1, insize: 46, pid: 1047
========= yfs::unlink(parent: 1, name: hosts ==========
========== yfs::readdir(dir: 1) ==========
end of yfs::readdir()

isfile: 254 is a symlink
   unique: 5, success, outsize: 16
unique: 6, opcode: FORGET (2), nodeid: 254, insize: 48, pid: 0
unique: 7, opcode: LOOKUP (1), nodeid: 1, insize: 54, pid: 1047
========== yfs::readdir(dir: 1) ==========
end of yfs::readdir()

isfile: 256 is a symlink
getattr 0000000000000100 0
isfile: 256 is a symlink
isfile: 256 is a symlink
getfile 0000000000000100
getfile 0000000000000100 -> sz 10
   getattr -> 10
   unique: 7, success, outsize: 144
unique: 8, opcode: GETATTR (3), nodeid: 256, insize: 56, pid: 1047
isfile: 256 is a symlink
getattr 0000000000000100 0
isfile: 256 is a symlink
isfile: 256 is a symlink
getfile 0000000000000100
getfile 0000000000000100 -> sz 10
   getattr -> 10
   unique: 8, success, outsize: 120
unique: 9, opcode: LOOKUP (1), nodeid: 1, insize: 54, pid: 1047
========== yfs::readdir(dir: 1) ==========
end of yfs::readdir()

isfile: 256 is a symlink
getattr 0000000000000100 0
isfile: 256 is a symlink
isfile: 256 is a symlink
getfile 0000000000000100
getfile 0000000000000100 -> sz 10
   getattr -> 10
   unique: 9, success, outsize: 144
unique: 10, opcode: UNLINK (10), nodeid: 1, insize: 54, pid: 1047
========= yfs::unlink(parent: 1, name: testhostslink ==========
========== yfs::readdir(dir: 1) ==========
end of yfs::readdir()

isfile: 256 is a symlink
   unique: 10, success, outsize: 16
unique: 11, opcode: LOOKUP (1), nodeid: 1, insize: 51, pid: 1047
========== yfs::readdir(dir: 1) ==========
end of yfs::readdir()

isfile: 255 is a file
getattr 00000000000000ff 1
isfile: 255 is a file
getfile 00000000000000ff
getfile 00000000000000ff -> sz 0
   getattr -> 0
   unique: 11, success, outsize: 144
unique: 12, opcode: FORGET (2), nodeid: 256, insize: 48, pid: 0
unique: 13, opcode: GETATTR (3), nodeid: 255, insize: 56, pid: 1047
isfile: 255 is a file
getattr 00000000000000ff 1
isfile: 255 is a file
getfile 00000000000000ff
getfile 00000000000000ff -> sz 0
   getattr -> 0
   unique: 13, success, outsize: 120
unique: 14, opcode: LOOKUP (1), nodeid: 1, insize: 51, pid: 1047
========== yfs::readdir(dir: 1) ==========
end of yfs::readdir()

isfile: 255 is a file
getattr 00000000000000ff 1
isfile: 255 is a file
getfile 00000000000000ff
getfile 00000000000000ff -> sz 0
   getattr -> 0
   unique: 14, success, outsize: 144
unique: 15, opcode: UNLINK (10), nodeid: 1, insize: 51, pid: 1047
========= yfs::unlink(parent: 1, name: hosts_copy ==========
========== yfs::readdir(dir: 1) ==========
end of yfs::readdir()

isdir: 255 is a file
   unique: 15, success, outsize: 16
unique: 16, opcode: FORGET (2), nodeid: 255, insize: 48, pid: 0
unique: 17, opcode: LOOKUP (1), nodeid: 1, insize: 52, pid: 1047
========== yfs::readdir(dir: 1) ==========
end of yfs::readdir()

   unique: 17, error: -2 (No such file or directory), outsize: 16
unique: 18, opcode: LOOKUP (1), nodeid: 1, insize: 52, pid: 1047
========== yfs::readdir(dir: 1) ==========
end of yfs::readdir()

   unique: 18, error: -2 (No such file or directory), outsize: 16
unique: 19, opcode: LOOKUP (1), nodeid: 1, insize: 46, pid: 1048
========== yfs::readdir(dir: 1) ==========
end of yfs::readdir()

   unique: 19, error: -2 (No such file or directory), outsize: 16
unique: 20, opcode: LOOKUP (1), nodeid: 1, insize: 46, pid: 1048
========== yfs::readdir(dir: 1) ==========
end of yfs::readdir()

   unique: 20, error: -2 (No such file or directory), outsize: 16
unique: 21, opcode: SYMLINK (6), nodeid: 1, insize: 57, pid: 1048
========== yfs::symlink(parent: 1, link: /etc/hosts, name: hosts) ==========
========== yfs::readdir(dir: 1) ==========
end of yfs::readdir()

========== yfs::readdir(dir: 1) ==========
end of yfs::readdir()

print_list()
inum: 2, name: file -
-	-erjqttzqhhmzeduavxpyvdoqzbeiucystukwmpil-994-0
isfile: 2 is a file
inum: 3, name: file -
-	-duwkhaynhrkzznzctjxclpyxusuqwypukiwmispd-994-1
isfile: 3 is a file
inum: 4, name: file -
-	-nltujmifhdavjlwgtspvthnfqtyiyapvfbsqddkz-994-2
isfile: 4 is a file
inum: 5, name: file -
-	-zxlpzlnkmgwoabafabpdsitbpqcntansoqqjqcqt-994-3
isfile: 5 is a file
inum: 6, name: file -
-	-etopnyydmqoddilkzdnxzhejhilvqlhcwspmdwqu-994-4
isfile: 6 is a file
inum: 7, name: file -
-	-dzbljpamvuhodhhfujfdarhlklyacwmkianoqoeq-994-5
isfile: 7 is a file
inum: 8, name: file -
-	-ojhnrgxawqrvgpokmvpewagtbrpgxppfaqhviejq-994-6
isfile: 8 is a file
inum: 9, name: file -
-	-blpsvthyqmbpmhgiabvhwtklsqmesujyklsuvctj-994-7
isfile: 9 is a file
inum: 10, name: file -
-	-yhgadivunlnjwnakroascfhlkecldbkmmumfzvpv-994-8
isfile: 10 is a file
inum: 11, name: file -
-	-qzzspencqwxxyeqziugiicrlmecmxlapcfplfjpz-994-9
isfile: 11 is a file
inum: 12, name: file -
-	-vcskvvjgoqmrhvvqhwojbyfpyfkiwkudhuehzcpo-994-10
isfile: 12 is a file
inum: 13, name: file -
-	-qwqvwdzuecbaqcgdfoevicfmfthsngabanupsnpy-994-11
isfile: 13 is a file
inum: 14, name: file -
-	-tdtqrduysvasjesrkgsxutbftokwdlmnoaiikqro-994-12
isfile: 14 is a file
inum: 15, name: file -
-	-dkspvukllyhhatoifukhvhzmesfnlldmjaoskvsa-994-13
isfile: 15 is a file
inum: 16, name: file -
-	-hxsuycocqvbkcbjujywvbekqqabazucannyocbdv-994-14
isfile: 16 is a file
inum: 17, name: file -
-	-cbfgowdmzaotfenbhtvrpkppfujsrvgxscewrqwp-994-15
isfile: 17 is a file
inum: 18, name: file -
-	-trvzurzetpjmzpdyhyjvdqszcnbceeuprefnmchu-994-16
isfile: 18 is a file
inum: 19, name: file -
-	-sswgsbborgtpfdgmxhsrnffhtvurllijvashnouj-994-17
isfile: 19 is a file
inum: 20, name: file -
-	-iuwxpkakzvdokndcaqrnxmqyjzdmgvwzxibyyhna-994-18
isfile: 20 is a file
inum: 21, name: file -
-	-cxkrmhkhvakrwdvvcnmstcjcmjczjecdhudjxekf-994-19
isfile: 21 is a file
inum: 22, name: file -
-	-ipagnlnbppxmcwfexsbjjpzhiajopsdsphepgdsq-994-20
isfile: 22 is a file
inum: 23, name: file -
-	-ekqdwntdilfjwnkchijbokwlghwbdqnfrfzymqil-994-21
isfile: 23 is a file
inum: 24, name: file -
-	-tsklxruazthytolboajsjisphwcvlibrxttglgfv-994-22
isfile: 24 is a file
inum: 25, name: file -
-	-mdcdiptdijssjzrfiecoxjecgvzlgsdmhpgtmwcn-994-23
isfile: 25 is a file
inum: 26, name: file -
-	-kyuodzwqfdltmkyjxzdltoygmdlgpbywvfvgcfrk-994-24
isfile: 26 is a file
inum: 27, name: file -
-	-wuihcuxiuwlhwwwpjgemvrlweoovtvzzuvvsptnk-994-25
isfile: 27 is a file
inum: 28, name: file -
-	-mnkwtvepnucktyshugvgxnryynentjdzuhmcwnsv-994-26
isfile: 28 is a file
inum: 29, name: file -
-	-uukqvwkvyuxsicsvvuucogpfwvkmlngtzrkbkeax-994-27
isfile: 29 is a file
inum: 30, name: file -
-	-qzfxmukqjtpxjdwtqccxqhkeostjyxgtjiwcvlyl-994-28
isfile: 30 is a file
inum: 31, name: file -
-	-koqaeikrimxnhywcuwgpdksraekgrftiysillzke-994-29
isfile: 31 is a file
inum: 32, name: file -
-	-enrgvixrqqvtjqeajtltrmuqaxutlidrkzvexdwf-994-30
isfile: 32 is a file
inum: 33, name: file -
-	-gwapnivmugoqdjlgpaxcgnemnbtivkrawmyyfknn-994-31
isfile: 33 is a file
inum: 34, name: file -
-	-ampjyjoeqvxahvtarkdwyqzcdlqcjjzzgbmkwosf-994-32
isfile: 34 is a file
inum: 35, name: file -
-	-ceylaxjqrrzjmhapcbxmxmugwhlnwkkkrtkdozhh-994-33
isfile: 35 is a file
inum: 36, name: file -
-	-vqrggrxfmjvyuokudhjlieeulamasiyzawpbqhym-994-34
isfile: 36 is a file
inum: 37, name: file -
-	-svpzdawcsetcyjkdjqykajudphrwocgygpmvsuyl-994-35
isfile: 37 is a file
inum: 38, name: file -
-	-lkdcfhtqquelcizufxwrnavouxpxownyqognofvo-994-36
isfile: 38 is a file
inum: 39, name: file -
-	-uzxaithcfmzqwhyezshvddffgeoynpkknupnckuw-994-37
isfile: 39 is a file
inum: 40, name: file -
-	-lyiutobgcolpkpibcxftcixiozqtnepqbpbgpohx-994-38
isfile: 40 is a file
inum: 41, name: file -
-	-akijurysscuoobpjznifwysnwyocydiyolkxpwfp-994-39
isfile: 41 is a file
inum: 42, name: file -
-	-exwczxjqjapvebraohytlmyftgmvwtzdnoggyrwq-994-40
isfile: 42 is a file
inum: 43, name: file -
-	-dntmhpoyvzrevgbwodychtvdtbsheltnqnfnwphe-994-41
isfile: 43 is a file
inum: 44, name: file -
-	-myzpiqdxgznebxrnagmtupqizqurcdywwxzwxvxz-994-42
isfile: 44 is a file
inum: 45, name: file -
-	-ojzarlsdhblwkpbxbfjrrfturzftjakyrwpachzi-994-43
isfile: 45 is a file
inum: 46, name: file -
-	-vwunilpquvitmdqklovmrfwsugfrvbxfkiulbycv-994-44
isfile: 46 is a file
inum: 47, name: file -
-	-htscupydfkjkydosykeqjfskohtynhsfxtrlawzu-994-45
isfile: 47 is a file
inum: 48, name: file -
-	-twvojkeyjpuqtjcmuqzhermqtmdarhxeswoiibtn-994-46
isfile: 48 is a file
inum: 49, name: file -
-	-cndaugeuifukamplstoiutbyxdlgyuxghsvyqvts-994-47
isfile: 49 is a file
inum: 50, name: file -
-	-gvfrexnfxearvpwkvedhdihfbxglstylaeqbhbry-994-48
isfile: 50 is a file
inum: 51, name: file -
-	-vuffcjktihfqjoyvsdpjpmxrcvliljbsjfvkfksr-994-49
isfile: 51 is a file
inum: 52, name: file -
-	-ockluthqzmmsezzbelaqbpsbcnxgbkdicqynytup-994-50
isfile: 52 is a file
inum: 53, name: file -
-	-qkphnvaywualdczcwvvncggpjivejjidjvoqobpc-994-51
isfile: 53 is a file
inum: 54, name: file -
-	-apqeqojjqfukyrfsuexieqyedkchokretuttdeuc-994-52
isfile: 54 is a file
inum: 55, name: file -
-	-bacumzrnaocoxlpbuynnyycfaibimqxfbtkgxqwb-994-53
isfile: 55 is a file
inum: 56, name: file -
-	-fboxdbqrfiimqepkdciaqzeqvfpyhetqciecfdff-994-54
isfile: 56 is a file
inum: 57, name: file -
-	-mcxqqyfsyzwnwntxmeukesxdampllbrhaejquujp-994-55
isfile: 57 is a file
inum: 58, name: file -
-	-hvvqdtycgnjpzpbgybpmfhlwjupcibyynhkzsjfi-994-56
isfile: 58 is a file
inum: 59, name: file -
-	-zqvdjoqyiotfqkttibxitzvjnzeprfstppqgzimh-994-57
isfile: 59 is a file
inum: 60, name: file -
-	-cuvbgspqdhixyrzipuvdflrlrmzjukcclwptszqz-994-58
isfile: 60 is a file
inum: 61, name: file -
-	-ixyrbqmareuqdkmdnfvxvotidkxbcokbkspxrzmy-994-59
isfile: 61 is a file
inum: 62, name: file -
-	-pkzbgvnxzovudawsggujvpocexwndsigxrwenaox-994-60
isfile: 62 is a file
inum: 63, name: file -
-	-laooqyelxigstqfsnycukmblvgycypeeozpisryj-994-61
isfile: 63 is a file
inum: 64, name: file -
-	-vipcvailpkfwggdpannfoyusaoewvbrjugqtnxfi-994-62
isfile: 64 is a file
inum: 65, name: file -
-	-sdftxtbrpibopkhpioqwzustzoxgkpashlxqyhzm-994-63
isfile: 65 is a file
inum: 66, name: file -
-	-ljdqmaydrvqpejccvfjbgrpyvftinmnuhsrlaeay-994-64
isfile: 66 is a file
inum: 67, name: file -
-	-vritqowadhfokijkxyebpiylnvknycsuilnyxbrm-994-65
isfile: 67 is a file
inum: 68, name: file -
-	-knldcjcsspbemhtkcouxbywzvxexcmkibfgafyzz-994-66
isfile: 68 is a file
inum: 69, name: file -
-	-qvmsfutjypqzchvufrascuadcclripgubbixsjeo-994-67
isfile: 69 is a file
inum: 70, name: file -
-	-cwemqlfyydwrevqntfylxsdalqrdvggjdfktuvxl-994-68
isfile: 70 is a file
inum: 71, name: file -
-	-jdngntagfpylycqvszupmmukuqyoytxnuiiydaow-994-69
isfile: 71 is a file
inum: 72, name: file -
-	-mhglxpzhavmdiljkxjuictuucaosgyyjohpeanam-994-70
isfile: 72 is a file
inum: 73, name: file -
-	-umnakaleqeaiwtfippzzvdgfergsfxftdvymhpol-994-71
isfile: 73 is a file
inum: 74, name: file -
-	-vtomsmbnhzffdlgrhmtaefqfamnlxunsggltbmry-994-72
isfile: 74 is a file
inum: 75, name: file -
-	-skjgmsujxuasqhiycrfuuceezitvcrmhgsxhtxme-994-73
isfile: 75 is a file
inum: 76, name: file -
-	-bwzfdvslhfzgxozemktxcvvhtfilijtemciulfbq-994-74
isfile: 76 is a file
inum: 77, name: file -
-	-skmneoumarhdgayizstizbfipmyqvdclbpiodhbu-994-75
isfile: 77 is a file
inum: 78, name: file -
-	-ormjlcvgxrtabfawglhjznkyoyatdgpmzjbfezos-994-76
isfile: 78 is a file
inum: 79, name: file -
-	-bcnobufnaegdbdzcidurlrfrmflmftdvhpthnixm-994-77
isfile: 79 is a file
inum: 80, name: file -
-	-mznqxefjmytuohhiouufngzgealffesdjrygbjyq-994-78
isfile: 80 is a file
inum: 81, name: file -
-	-fvbubsxzucyjsmxwgnxkcemqjsngvtazwrdlcqbn-994-79
isfile: 81 is a file
inum: 82, name: file -
-	-hcusbegprgoolhbhqnawvudscesfbomvbomkkhxn-994-80
isfile: 82 is a file
inum: 83, name: file -
-	-qmveafgnfbjzrhjcrufnwefyllbwockimblalexb-994-81
isfile: 83 is a file
inum: 84, name: file -
-	-zpagmrrzukpvxaqgvdzsiakdtpbqhaoesuajvhia-994-82
isfile: 84 is a file
inum: 85, name: file -
-	-mbdwzpqqxjpnybolujgzrswguibhfgghrjpbiykb-994-83
isfile: 85 is a file
inum: 86, name: file -
-	-mdpwsslyawbjmqgcrhtoaxitqiceozzpncxmqpod-994-84
isfile: 86 is a file
inum: 87, name: file -
-	-ccmyhvhuciidlqizmfbndwsjbfnpouisfcaaeigb-994-85
isfile: 87 is a file
inum: 88, name: file -
-	-mhvhilnfxkugswvtzntfdyclodoufrzgwacvcgpb-994-86
isfile: 88 is a file
inum: 89, name: file -
-	-rexqaqczmeymmomiwaptgjudzwpppukjklrneump-994-87
isfile: 89 is a file
inum: 90, name: file -
-	-guwyofgnndflnypubwrewornyqbqvoshfxjcthtj-994-88
isfile: 90 is a file
inum: 91, name: file -
-	-vtlbosidjcstyiahxdyfjfkhjmxywnywnjjrfojn-994-89
isfile: 91 is a file
inum: 92, name: file -
-	-dxorgsmxizvfaazxloqgvyqjbcxrwxmbsjhlogzo-994-90
isfile: 92 is a file
inum: 93, name: file -
-	-jroawblppwbwbeubkjnkurchtusolplfzhsgqnxt-994-91
isfile: 93 is a file
inum: 94, name: file -
-	-wxbzdswgzatkifivofcrzsucrqzhnyguejhmukop-994-92
isfile: 94 is a file
inum: 95, name: file -
-	-dcnhkrfjvvpbxplzpbvbpcldfoxvhcxdsdzitfsb-994-93
isfile: 95 is a file
inum: 96, name: file -
-	-oddtbvoxmbpybybkojtzrdnvkylgofhvfmstjwsh-994-94
isfile: 96 is a file
inum: 97, name: file -
-	-etzovfhajrkbgfoxtmkfkxmhohrgdamvemdnroxt-994-95
isfile: 97 is a file
inum: 98, name: file -
-	-txddcodfviqcuuwsrselgslgsdilzffxwqgikdov-994-96
isfile: 98 is a file
inum: 99, name: file -
-	-wqedubfgdlrtalvfrlxnqfsihybxoidamuhgixrz-994-97
isfile: 99 is a file
inum: 100, name: file -
-	-akqpqlcdczyhdwmjjwsagfoqgaqcsxamgogbuvml-994-98
isfile: 100 is a file
inum: 101, name: file -
-	-vmttmlebvbssjhemzsydwijkmpsbjsoeavkbhuoq-994-99
isfile: 101 is a file
inum: 102, name: file -
-	-xcwlukkiynjvbfwczpeuvlxndhsoealcgepaguod-994-100
isfile: 102 is a file
inum: 103, name: file -
-	-lhvhsitlqaiorlpoqglktlgnikxkrpgplniejort-994-101
isfile: 103 is a file
inum: 104, name: file -
-	-beuigprxxssbcnlzwjikpvlboajtfqzpeiboavji-994-102
isfile: 104 is a file
inum: 105, name: file -
-	-gdocaetpxfpcurpyckufvmuksumrbsbhnsvqtuje-994-103
isfile: 105 is a file
inum: 106, name: file -
-	-vtwomkdfvcedvovtyxpegccduazmenxqobasiiym-994-104
isfile: 106 is a file
inum: 107, name: file -
-	-uhsxoocsbpoigehnrxezynuzlifiufuglmnyqaaz-994-105
isfile: 107 is a file
inum: 108, name: file -
-	-tqrikedoqcjopskzofxwcglxwtuqawaijxhjmlhu-994-106
isfile: 108 is a file
inum: 109, name: file -
-	-fngadlkewcwawwbkxguhypbrjkvbmnxrjdddneyg-994-107
isfile: 109 is a file
inum: 110, name: file -
-	-egvmcfbqjmusikmoswnvrhkvntxwvoefwpoyoobm-994-108
isfile: 110 is a file
inum: 111, name: file -
-	-pkpukznutpmimhkuuvkdabkuhsnfmrhxdrrrgbts-994-109
isfile: 111 is a file
inum: 112, name: file -
-	-rjgvifqqvsqwvzsdykswxohlmfmazdzsvexbmtdo-994-110
isfile: 112 is a file
inum: 113, name: file -
-	-nywzlzrlpnzbkorebporonjqeydptgljbnmapijn-994-111
isfile: 113 is a file
inum: 114, name: file -
-	-ulykryjwvdbswhqwrgkkgmafhzmhootiwefdsrif-994-112
isfile: 114 is a file
inum: 115, name: file -
-	-kkluksrswnfyjstogxlgkyhpxvtzndlaaiovoyqm-994-113
isfile: 115 is a file
inum: 116, name: file -
-	-tiqftvblanehzqszfxavaqetbwedmaubaiefxnak-994-114
isfile: 116 is a file
inum: 117, name: file -
-	-ubntkknmysgyahwluxexyigvvlzfioqnwwgdyhbw-994-115
isfile: 117 is a file
inum: 118, name: file -
-	-lefqykugagpwohejfmvdclqnjcwnpnshjeelaqyd-994-116
isfile: 118 is a file
inum: 119, name: file -
-	-lnjblisewlqaippoiiornnxvgzuedxdlqzikmuem-994-117
isfile: 119 is a file
inum: 120, name: file -
-	-yphnfvbfpuoamlslsbhmppuqfuqkzzkcnsmcqmic-994-118
isfile: 120 is a file
inum: 121, name: file -
-	-efpefepfxsdrqrhecfvlmsszrqtlebbwcpvrivbm-994-119
isfile: 121 is a file
inum: 122, name: file -
-	-nhysfxxqmyupxxulqukyjurygbxfzlwiipygpqvz-994-120
isfile: 122 is a file
inum: 123, name: file -
-	-areabynjafocwowfvhawxlhngjlayinawbqwksig-994-121
isfile: 123 is a file
inum: 124, name: file -
-	-nntfioagqhzyofyqlnmztotnjfmnkuxxabwzgozj-994-122
isfile: 124 is a file
inum: 125, name: file -
-	-enqnwrfejaijyqumptrqttothwvfpwastwedeslq-994-123
isfile: 125 is a file
inum: 126, name: file -
-	-bnxdnjlmrrzuauonigccxcfnidxxlqawyvxqushc-994-124
isfile: 126 is a file
inum: 127, name: file -
-	-mzbuzyvrmvfrigoourkasueuatapewzvngzdoqpk-994-125
isfile: 127 is a file
inum: 128, name: file -
-	-zpvzvnrhwbxgprlesojgymcrpmmutlsxrznomhpu-994-126
isfile: 128 is a file
inum: 129, name: file -
-	-rugftopbxxbvmtcptacaarvcloiiqpqipyylwevu-994-127
isfile: 129 is a file
inum: 130, name: file -
-	-guwgkjlumgdjtvleqtjhrkoudvuffrlpqjbbqtmj-994-128
isfile: 130 is a file
inum: 131, name: file -
-	-jeaswkmppjidtcuknhqhhwbhfqbbxnosonpjdexo-994-129
isfile: 131 is a file
inum: 132, name: file -
-	-mxnnjhdnwaujuwtfubjieernnffatqtvxxylewmg-994-130
isfile: 132 is a file
inum: 133, name: file -
-	-xakadkogpfoxicnvnckyasudkfcqjbxdutzkywgi-994-131
isfile: 133 is a file
inum: 134, name: file -
-	-wxgeemlktmxpfyyztlgclgsrtcswvcoeucilkvfg-994-132
isfile: 134 is a file
inum: 135, name: file -
-	-prwverqlwubntzyptvodhqixjvrzqjbomawdtmtu-994-133
isfile: 135 is a file
inum: 136, name: file -
-	-twtfaxyhezxthewqntuemyszzlcahkclkpfzcnob-994-134
isfile: 136 is a file
inum: 137, name: file -
-	-aoelhzstherdqqzlbvmudsopkzpvqvapuymaxdzn-994-135
isfile: 137 is a file
inum: 138, name: file -
-	-dehihnushfttgpzdsweppmwzlzfwlfailxmlfllh-994-136
isfile: 138 is a file
inum: 139, name: file -
-	-qylfawosskgwwfgdgmuvdkwzrityeondvrohqysn-994-137
isfile: 139 is a file
inum: 140, name: file -
-	-ynyncpbowjebuyisbofblcrynzxmevtihauqbmfy-994-138
isfile: 140 is a file
inum: 141, name: file -
-	-outzkinrcbsidcgqpeivjlfnrkheewybqbfdezgl-994-139
isfile: 141 is a file
inum: 142, name: file -
-	-exqltmthfqpqnpgyrhebvvxxsggyfeqkwssqgmer-994-140
isfile: 142 is a file
inum: 143, name: file -
-	-utnehwkeoerpqsobkmxbllviwhwgindpbqvbulul-994-141
isfile: 143 is a file
inum: 144, name: file -
-	-jbqxolwaltxatgmrcfnvhxesasfhsgbdfvtmmejn-994-142
isfile: 144 is a file
inum: 145, name: file -
-	-wvctscacaigcleusrltumnwrdgxqrsubcbnwvqsh-994-143
isfile: 145 is a file
inum: 146, name: file -
-	-zsxlsbgqusikpitdjjasubyjqnvekizozqwslurr-994-144
isfile: 146 is a file
inum: 147, name: file -
-	-ksmrckrqgeifkjsjvuzcajwtvbmnplzjpdfptkpc-994-145
isfile: 147 is a file
inum: 148, name: file -
-	-vjsdjxnzwzwhucnudehzoaqnwyhioowjpbyrwwdt-994-146
isfile: 148 is a file
inum: 149, name: file -
-	-mzcnxsmngocogddajcgneizyrriugbakfrhvjcmq-994-147
isfile: 149 is a file
inum: 150, name: file -
-	-ggwbatphtscwvhtdxqkhotvwqrqmxiumamccwfex-994-148
isfile: 150 is a file
inum: 151, name: file -
-	-nqwufnswhaoqjnnzuvykpxszxqbduzbccvbkkcta-994-149
isfile: 151 is a file
inum: 152, name: file -
-	-dsufpfopqzsadenicnbjfsqgnxdzuhlzawvmdpqz-994-150
isfile: 152 is a file
inum: 153, name: file -
-	-tuebxdhglocwawcggznkcnxdhsdaenejmumzjlrm-994-151
isfile: 153 is a file
inum: 154, name: file -
-	-eugiyebeftihfuxzxjsbxrairptjgqdwwomhloxt-994-152
isfile: 154 is a file
inum: 155, name: file -
-	-epgeqtqiacmhjpzxgphqagfkbtqnaxxavioskkiy-994-153
isfile: 155 is a file
inum: 156, name: file -
-	-wcpgszwfnlchyxekudjdyzafsutcutgssoeylsbb-994-154
isfile: 156 is a file
inum: 157, name: file -
-	-xcpmhihzgstsrlhmsgfcdxtxhleugsyhodyvsiut-994-155
isfile: 157 is a file
inum: 158, name: file -
-	-yirmwpfaydlppbzizzttyvrklwadbpiwwhmptsun-994-156
isfile: 158 is a file
inum: 159, name: file -
-	-xldylpluqutvhaeilyiwxdwhnpivksenetmtfqjl-994-157
isfile: 159 is a file
inum: 160, name: file -
-	-abunwgzexjqrkbcccvxnufzfocemibhelgossucp-994-158
isfile: 160 is a file
inum: 161, name: file -
-	-psfiykqtomgogmhkdarujmyjkavfgpaqrotqbzgj-994-159
isfile: 161 is a file
inum: 162, name: file -
-	-nibjibtvnolpcaluoxxdpfpdqbmcshedeqfoshkp-994-160
isfile: 162 is a file
inum: 163, name: file -
-	-gyochzzrnfzkzcjssbzpyxtmpvsfuuoynxjhfgfq-994-161
isfile: 163 is a file
inum: 164, name: file -
-	-wtjqtuqdbuojnbhaecwgguqleugsnwsnfldmikio-994-162
isfile: 164 is a file
inum: 165, name: file -
-	-lvrseurymavwgrlanhnjcofmwvhkvncinfrfmoqy-994-163
isfile: 165 is a file
inum: 166, name: file -
-	-ifobacppetwauwrahnumlyeyyjryhxcvgnnmdtpg-994-164
isfile: 166 is a file
inum: 167, name: file -
-	-ytquohinqqhddimdsonrzmspajwubcoshlkbezoz-994-165
isfile: 167 is a file
inum: 168, name: file -
-	-wnjcodifkogzgmucyjoxjkkclwowtvgenkjedqfy-994-166
isfile: 168 is a file
inum: 169, name: file -
-	-zggqvypheslhvhwgimghwppnjrcwspakqqtgvybk-994-167
isfile: 169 is a file
inum: 170, name: file -
-	-hrlcsjphevrpqafmrycdocgmudbeckqpexvgqfof-994-168
isfile: 170 is a file
inum: 171, name: file -
-	-xmeflhneerbwumwvdwbvtfogthsgqopprzbzipyv-994-169
isfile: 171 is a file
inum: 172, name: file -
-	-rukcoreafrhdpedftfgupilctksplpihfwfjgnvg-994-170
isfile: 172 is a file
inum: 173, name: file -
-	-tidobkfujpcgtclsxaihovbfvfrqxgdtovqebpcg-994-171
isfile: 173 is a file
inum: 174, name: file -
-	-qatyvgewprnoteuapschjvbjrywhwrmbsizbtmkj-994-172
isfile: 174 is a file
inum: 175, name: file -
-	-kjedpcderucreykkbxubiujghsxjcnbwqxjfknwx-994-173
isfile: 175 is a file
inum: 176, name: file -
-	-fbiaqlyyhnwliuhqjxbelvflcfhsijvmyudevzbl-994-174
isfile: 176 is a file
inum: 177, name: file -
-	-lebalkngcgfleaiaamwqqbfyfrdnslonrixnihvj-994-175
isfile: 177 is a file
inum: 178, name: file -
-	-gyvmppfyhqzszqrhojruffwoxlpumxsjzjxyqbfs-994-176
isfile: 178 is a file
inum: 179, name: file -
-	-hjcuxqcjawoipufjjmmvtwollikvayvwpioyvhpx-994-177
isfile: 179 is a file
inum: 180, name: file -
-	-cpzipsvjpxjyhtaurvtwmeyfwmgjcsmjqtpjbxhz-994-178
isfile: 180 is a file
inum: 181, name: file -
-	-sjredhemvpaxwpnspvxpyyhvfvjysottvhlhrbxi-994-179
isfile: 181 is a file
inum: 182, name: file -
-	-dmckvduvgtbozjfnibretwhuwndtrdkuootmhphd-994-180
isfile: 182 is a file
inum: 183, name: file -
-	-mhajffshznappnfuirxnaiozfmpxyhdjslafumoa-994-181
isfile: 183 is a file
inum: 184, name: file -
-	-bscqxtrnheytgtauhqvolrnmhefqrrbrciiwnmwb-994-182
isfile: 184 is a file
inum: 185, name: file -
-	-ceojdqgpgwmminevsazxsmuuxcetidzdoyimsyww-994-183
isfile: 185 is a file
inum: 186, name: file -
-	-cputfbtfmbqtlnikgalymwmfzmdibddrhpubyjof-994-184
isfile: 186 is a file
inum: 187, name: file -
-	-mcnortdrnzhukxsyixlhjwtdjjygvpyxxmsusmer-994-185
isfile: 187 is a file
inum: 188, name: file -
-	-vtjrlsosanvqnqnbxwybqxwnjjnstvjaxftzqmef-994-186
isfile: 188 is a file
inum: 189, name: file -
-	-elgqzqgxdcfimffyhiqweiklnzzrihhjdenrgwes-994-187
isfile: 189 is a file
inum: 190, name: file -
-	-lhgmlbsmktixjyvpibaqxledcymatwthxdxomxqq-994-188
isfile: 190 is a file
inum: 191, name: file -
-	-yyalbqnpejxgduhkdgesinrkwgzkaaqtsqtncbyu-994-189
isfile: 191 is a file
inum: 192, name: file -
-	-eywrrsdvbtwvmzrxdxrywagcfmavcfbuvnzuwhnn-994-190
isfile: 192 is a file
inum: 193, name: file -
-	-ajxutpqfxtoqsoqwyytkjncceviyvxqaabvgsnmz-994-191
isfile: 193 is a file
inum: 194, name: file -
-	-nyumsxwilyxpfrayutxresicsmudttgwbvuslwrq-994-192
isfile: 194 is a file
inum: 195, name: file -
-	-ztjmoqxfgohwsnliwfcnumruwoautfxclqhdjufb-994-193
isfile: 195 is a file
inum: 196, name: file -
-	-egtcifidqsubsxkaszevyykbusqlsditjretxqnv-994-194
isfile: 196 is a file
inum: 197, name: file -
-	-jpjobjgcynntrnwwrfyyodhirtgayzenqiboblhx-994-195
isfile: 197 is a file
inum: 198, name: file -
-	-frvwjafwxsujrvjiwnjfcdxjnklrhjrlxedysfab-994-196
isfile: 198 is a file
inum: 199, name: file -
-	-xenagvumzuaaymjnvhthljoyldyyybhgmivlrcsy-994-197
isfile: 199 is a file
inum: 200, name: file -
-	-brmyskosakeygnujwhntdngmkjthcawofygdxtcl-994-198
isfile: 200 is a file
inum: 201, name: file -
-	-enljumjoxrwgibfbygkbvaknwngmublqcrtnwlol-994-199
isfile: 201 is a file
inum: 202, name: file -
-	-ebsnrjgcknphokuuykneslwfkckdckficnwehjas-994-200
isfile: 202 is a file
inum: 203, name: file -
-	-abmfslhrxvpegrcihqojbyevdixzlndmlggayejk-994-201
isfile: 203 is a file
inum: 204, name: file -
-	-hnrcrzashcoieohbnofkowyetbtikcfovhehpmvk-994-202
isfile: 204 is a file
inum: 205, name: file -
-	-cqpfvtuhdwgurjbxdhefhhaybcdlbgeyrronzmuu-994-203
isfile: 205 is a file
inum: 206, name: file -
-	-mdipuwerceiekplamqrgslzpkafcncxgireyikcq-994-204
isfile: 206 is a file
inum: 207, name: file -
-	-dxlcleyzjffcqzvqormvunuetjysmtgmfzthswge-994-206
isfile: 207 is a file
inum: 208, name: file -
-	-sbfrnitvkbfntawxidjafyivcrtxellvdcfbrotw-994-207
isfile: 208 is a file
inum: 209, name: file -
-	-glvnerfpfkhomturtuzeopvrqtgsdqphevjhrbcc-994-208
isfile: 209 is a file
inum: 210, name: file -
-	-miwqexbomymocewduxylyqdmoscdeerjeiavlubw-994-209
isfile: 210 is a file
inum: 211, name: file -
-	-uarqhcxhtrpdxaboplcgzrqinefmmaznuilijifc-994-210
isfile: 211 is a file
inum: 212, name: file -
-	-bkbzodirlmkjqihxsfwyigwmzdmfjonxhgbylvvs-994-212
isfile: 212 is a file
inum: 213, name: file -
-	-jnolrktnhajduzpuwgwwlylvwfmvotzttjsuwpgv-994-213
isfile: 213 is a file
inum: 214, name: file -
-	-tnbiihpucpitabbqdsjyniavdruaoqmvlflvhnps-994-214
isfile: 214 is a file
inum: 215, name: file -
-	-wwlmwhmyyfujikvhuzxjgrnhsxjtnvjbhiplroir-994-215
isfile: 215 is a file
inum: 216, name: file -
-	-cifozuesfvjupffkstrfopzsshpeqkvdpxbigfex-994-216
isfile: 216 is a file
inum: 217, name: file -
-	-qtixbrazfqetvaqxkzcylmrxehcproqsuqpocqht-994-217
isfile: 217 is a file
inum: 218, name: file -
-	-bpditnqjdkgzfzilyqbzmkfuobioqzotdhumcjfn-994-218
isfile: 218 is a file
inum: 219, name: file -
-	-dzbiiesqzmzrjdmpruzmucrvlxyuatrpuigqxwnv-994-219
isfile: 219 is a file
inum: 220, name: file -
-	-hpugyklsrziugvkvfkbxssbthzfonjdvykssfgjn-994-220
isfile: 220 is a file
inum: 221, name: file -
-	-tcbqfnxycgpdtzmqtulizywedentpmllxrvbabpk-994-221
isfile: 221 is a file
inum: 222, name: file -
-	-xkpbhjvdgssjjdmbrddxpsiytofmxtmsaeotcqmk-994-222
isfile: 222 is a file
inum: 223, name: file -
-	-glczsobfxmkloxasgtfoxatgvcupmtvttdyxdvmh-994-223
isfile: 223 is a file
inum: 224, name: file -
-	-rueevleyjfexnjxqawyfxzkkoajnpsaegplhhhqk-994-224
isfile: 224 is a file
inum: 225, name: file -
-	-admfutkrjjzbmsybdygdvtskxxwayfczslarcyic-994-225
isfile: 225 is a file
inum: 226, name: file -
-	-hkqpjlmeouonngfgrcasfsvujncwizpgquookpws-994-226
isfile: 226 is a file
inum: 227, name: file -
-	-rrlvnbhllonrgywkwmnzwaulumxgdbmfgdrpgzjl-994-227
isfile: 227 is a file
inum: 228, name: file -
-	-tjnimkzzgjbgdjkpfcgosefxntmqaydtzekmbsxo-994-228
isfile: 228 is a file
inum: 229, name: file -
-	-ohjwjkiprkcigxvfkzpszngwmvvppeiyedfcirwp-994-229
isfile: 229 is a file
inum: 230, name: file -
-	-ocycqhiwsdutoqrutiaidthibvzwvkgdwtjftevl-994-230
isfile: 230 is a file
inum: 231, name: file -
-	-gbpweuwowgqjmhkpzdhppxqbfhropsjhkvdgehwl-994-231
isfile: 231 is a file
inum: 232, name: file -
-	-pbcyruirzuccselyydqjlswycpmshprforiwbnum-994-232
isfile: 232 is a file
inum: 233, name: file -
-	-lbwayuzgqluzxbuglwhsimoprmcovhvphssfqgus-994-235
isfile: 233 is a file
inum: 234, name: file -
-	-skkfkfnctntvcfldgmkhjtgmctkyrekibgkjdjsx-994-236
isfile: 234 is a file
inum: 235, name: file -
-	-qecnlcltqllyypsghpswqezmcdvmtazavatgomka-994-237
isfile: 235 is a file
inum: 236, name: file -
-	-wmzyxsrhsjzefitlwbkusqzqinxcjjbbocbejqzr-994-239
isfile: 236 is a file
inum: 237, name: file -
-	-gtdddrwzkppbcddgmjspsrqokbyvawrlwyasrfch-994-240
isfile: 237 is a file
inum: 238, name: file -
-	-tkepwsqsmecoupcopwwaqhlrbqcditzmyavneben-994-241
isfile: 238 is a file
inum: 239, name: file -
-	-witkxmtgjposkyzfrmzbpagdzxvvgiewtinjwbcg-994-243
isfile: 239 is a file
inum: 240, name: file -
-	-zihvziienbxouuutbvzpthxdcfpwpiftddiagasg-994-244
isfile: 240 is a file
inum: 241, name: file -
-	-omarnxsbmcviqrclkskawitszrjdlyiuipkxaxgh-994-245
isfile: 241 is a file
inum: 242, name: file -
-	-boumtjaqqogwibkyjfixdhokpgjrfklnjmemfama-994-246
isfile: 242 is a file
inum: 243, name: file -
-	-bowyqemqdqnngfpdrnqyscjmtpthtdcruqjagjbx-994-247
isfile: 243 is a file
inum: 244, name: file -
-	-rgnlztifxyjrebcyobqazcxumgofnvtwauxzyuec-994-248
isfile: 244 is a file
inum: 245, name: file -
-	-uqjfkgtyvdnkohsiqaunqghwhboyiijwwkriwudg-994-250
isfile: 245 is a file
inum: 246, name: file -
-	-ntqeghdsykxhfgqojcygwcxrvygperdujtiutpml-994-251
isfile: 246 is a file
inum: 247, name: file -
-	-qxnkhaurizyahgixznwdbmsabhsxsalubjbecric-994-253
isfile: 247 is a file
inum: 248, name: file -
-	-idwfwwskxgacdzgjcvkktojjdmnincpustrssqqa-994-254
isfile: 248 is a file
inum: 249, name: file -
-	-cuymkawejbqhdguqjohvoklhlphtehjnslobaogj-994-255
isfile: 249 is a file
inum: 250, name: file -
-	-lybbndowpkxeiwwjnqfopjxcrmsreeffivivpxqc-994-256
isfile: 250 is a file
inum: 251, name: a1008
isfile: 251 is a file
inum: 252, name: b1008
isfile: 252 is a file
inum: 253, name: d1022
isfile: 253 is a dir
inum: 254, name: hosts
isfile: 254 is a symlink
readlink()
path: /etc/hosts
end of symlink()
fuse.cc::symlink ok
isfile: 254 is a symlink
getattr 00000000000000fe 0
isfile: 254 is a symlink
isfile: 254 is a symlink
getfile 00000000000000fe
getfile 00000000000000fe -> sz 10
   getattr -> 10
   unique: 21, success, outsize: 144
unique: 22, opcode: LOOKUP (1), nodeid: 1, insize: 46, pid: 1049
========== yfs::readdir(dir: 1) ==========
end of yfs::readdir()

isfile: 254 is a symlink
getattr 00000000000000fe 0
isfile: 254 is a symlink
isfile: 254 is a symlink
getfile 00000000000000fe
getfile 00000000000000fe -> sz 10
   getattr -> 10
   unique: 22, success, outsize: 144
unique: 23, opcode: READLINK (5), nodeid: 254, insize: 40, pid: 1049
readlink()
path: /etc/hosts
   unique: 23, success, outsize: 26
unique: 24, opcode: LOOKUP (1), nodeid: 1, insize: 51, pid: 1050
========== yfs::readdir(dir: 1) ==========
end of yfs::readdir()

   unique: 24, error: -2 (No such file or directory), outsize: 16
unique: 25, opcode: LOOKUP (1), nodeid: 1, insize: 51, pid: 1050
========== yfs::readdir(dir: 1) ==========
end of yfs::readdir()

   unique: 25, error: -2 (No such file or directory), outsize: 16
unique: 26, opcode: LOOKUP (1), nodeid: 1, insize: 51, pid: 1050
========== yfs::readdir(dir: 1) ==========
end of yfs::readdir()

   unique: 26, error: -2 (No such file or directory), outsize: 16
unique: 27, opcode: CREATE (35), nodeid: 1, insize: 67, pid: 1050
=============== fuseserver_create(parent: 1, name: hosts_copy) ===============
=============== fuseserver_createhelper(parent:	1, name:	hosts_copy ===============
create, parent:1, name:hosts_copy
========== yfs::readdir(dir: 1) ==========
end of yfs::readdir()

isfile: 255 is a file
getattr 00000000000000ff 1
isfile: 255 is a file
getfile 00000000000000ff
getfile 00000000000000ff -> sz 0
   getattr -> 0
end of fuseserver_createhelper()

   unique: 27, success, outsize: 160
OK: create returns.
unique: 28, opcode: GETATTR (3), nodeid: 255, insize: 56, pid: 1050
isfile: 255 is a file
getattr 00000000000000ff 1
isfile: 255 is a file
getfile 00000000000000ff
getfile 00000000000000ff -> sz 0
   getattr -> 0
   unique: 28, success, outsize: 120
unique: 29, opcode: GETXATTR (22), nodeid: 255, insize: 68, pid: 1050
   unique: 29, error: -38 (Function not implemented), outsize: 16
unique: 30, opcode: WRITE (16), nodeid: 255, insize: 254, pid: 1050
   unique: 30, success, outsize: 24
unique: 31, opcode: FLUSH (25), nodeid: 255, insize: 64, pid: 1050
   unique: 31, error: -38 (Function not implemented), outsize: 16
unique: 32, opcode: RELEASE (18), nodeid: 255, insize: 64, pid: 0
   unique: 32, success, outsize: 16
unique: 33, opcode: LOOKUP (1), nodeid: 1, insize: 54, pid: 1051
========== yfs::readdir(dir: 1) ==========
end of yfs::readdir()

   unique: 33, error: -2 (No such file or directory), outsize: 16
unique: 34, opcode: LOOKUP (1), nodeid: 1, insize: 54, pid: 1051
========== yfs::readdir(dir: 1) ==========
end of yfs::readdir()

   unique: 34, error: -2 (No such file or directory), outsize: 16
unique: 35, opcode: SYMLINK (6), nodeid: 1, insize: 65, pid: 1051
========== yfs::symlink(parent: 1, link: hosts_copy, name: testhostslink) ==========
========== yfs::readdir(dir: 1) ==========
end of yfs::readdir()

========== yfs::readdir(dir: 1) ==========
end of yfs::readdir()

print_list()
inum: 2, name: file -
-	-erjqttzqhhmzeduavxpyvdoqzbeiucystukwmpil-994-0
isfile: 2 is a file
inum: 3, name: file -
-	-duwkhaynhrkzznzctjxclpyxusuqwypukiwmispd-994-1
isfile: 3 is a file
inum: 4, name: file -
-	-nltujmifhdavjlwgtspvthnfqtyiyapvfbsqddkz-994-2
isfile: 4 is a file
inum: 5, name: file -
-	-zxlpzlnkmgwoabafabpdsitbpqcntansoqqjqcqt-994-3
isfile: 5 is a file
inum: 6, name: file -
-	-etopnyydmqoddilkzdnxzhejhilvqlhcwspmdwqu-994-4
isfile: 6 is a file
inum: 7, name: file -
-	-dzbljpamvuhodhhfujfdarhlklyacwmkianoqoeq-994-5
isfile: 7 is a file
inum: 8, name: file -
-	-ojhnrgxawqrvgpokmvpewagtbrpgxppfaqhviejq-994-6
isfile: 8 is a file
inum: 9, name: file -
-	-blpsvthyqmbpmhgiabvhwtklsqmesujyklsuvctj-994-7
isfile: 9 is a file
inum: 10, name: file -
-	-yhgadivunlnjwnakroascfhlkecldbkmmumfzvpv-994-8
isfile: 10 is a file
inum: 11, name: file -
-	-qzzspencqwxxyeqziugiicrlmecmxlapcfplfjpz-994-9
isfile: 11 is a file
inum: 12, name: file -
-	-vcskvvjgoqmrhvvqhwojbyfpyfkiwkudhuehzcpo-994-10
isfile: 12 is a file
inum: 13, name: file -
-	-qwqvwdzuecbaqcgdfoevicfmfthsngabanupsnpy-994-11
isfile: 13 is a file
inum: 14, name: file -
-	-tdtqrduysvasjesrkgsxutbftokwdlmnoaiikqro-994-12
isfile: 14 is a file
inum: 15, name: file -
-	-dkspvukllyhhatoifukhvhzmesfnlldmjaoskvsa-994-13
isfile: 15 is a file
inum: 16, name: file -
-	-hxsuycocqvbkcbjujywvbekqqabazucannyocbdv-994-14
isfile: 16 is a file
inum: 17, name: file -
-	-cbfgowdmzaotfenbhtvrpkppfujsrvgxscewrqwp-994-15
isfile: 17 is a file
inum: 18, name: file -
-	-trvzurzetpjmzpdyhyjvdqszcnbceeuprefnmchu-994-16
isfile: 18 is a file
inum: 19, name: file -
-	-sswgsbborgtpfdgmxhsrnffhtvurllijvashnouj-994-17
isfile: 19 is a file
inum: 20, name: file -
-	-iuwxpkakzvdokndcaqrnxmqyjzdmgvwzxibyyhna-994-18
isfile: 20 is a file
inum: 21, name: file -
-	-cxkrmhkhvakrwdvvcnmstcjcmjczjecdhudjxekf-994-19
isfile: 21 is a file
inum: 22, name: file -
-	-ipagnlnbppxmcwfexsbjjpzhiajopsdsphepgdsq-994-20
isfile: 22 is a file
inum: 23, name: file -
-	-ekqdwntdilfjwnkchijbokwlghwbdqnfrfzymqil-994-21
isfile: 23 is a file
inum: 24, name: file -
-	-tsklxruazthytolboajsjisphwcvlibrxttglgfv-994-22
isfile: 24 is a file
inum: 25, name: file -
-	-mdcdiptdijssjzrfiecoxjecgvzlgsdmhpgtmwcn-994-23
isfile: 25 is a file
inum: 26, name: file -
-	-kyuodzwqfdltmkyjxzdltoygmdlgpbywvfvgcfrk-994-24
isfile: 26 is a file
inum: 27, name: file -
-	-wuihcuxiuwlhwwwpjgemvrlweoovtvzzuvvsptnk-994-25
isfile: 27 is a file
inum: 28, name: file -
-	-mnkwtvepnucktyshugvgxnryynentjdzuhmcwnsv-994-26
isfile: 28 is a file
inum: 29, name: file -
-	-uukqvwkvyuxsicsvvuucogpfwvkmlngtzrkbkeax-994-27
isfile: 29 is a file
inum: 30, name: file -
-	-qzfxmukqjtpxjdwtqccxqhkeostjyxgtjiwcvlyl-994-28
isfile: 30 is a file
inum: 31, name: file -
-	-koqaeikrimxnhywcuwgpdksraekgrftiysillzke-994-29
isfile: 31 is a file
inum: 32, name: file -
-	-enrgvixrqqvtjqeajtltrmuqaxutlidrkzvexdwf-994-30
isfile: 32 is a file
inum: 33, name: file -
-	-gwapnivmugoqdjlgpaxcgnemnbtivkrawmyyfknn-994-31
isfile: 33 is a file
inum: 34, name: file -
-	-ampjyjoeqvxahvtarkdwyqzcdlqcjjzzgbmkwosf-994-32
isfile: 34 is a file
inum: 35, name: file -
-	-ceylaxjqrrzjmhapcbxmxmugwhlnwkkkrtkdozhh-994-33
isfile: 35 is a file
inum: 36, name: file -
-	-vqrggrxfmjvyuokudhjlieeulamasiyzawpbqhym-994-34
isfile: 36 is a file
inum: 37, name: file -
-	-svpzdawcsetcyjkdjqykajudphrwocgygpmvsuyl-994-35
isfile: 37 is a file
inum: 38, name: file -
-	-lkdcfhtqquelcizufxwrnavouxpxownyqognofvo-994-36
isfile: 38 is a file
inum: 39, name: file -
-	-uzxaithcfmzqwhyezshvddffgeoynpkknupnckuw-994-37
isfile: 39 is a file
inum: 40, name: file -
-	-lyiutobgcolpkpibcxftcixiozqtnepqbpbgpohx-994-38
isfile: 40 is a file
inum: 41, name: file -
-	-akijurysscuoobpjznifwysnwyocydiyolkxpwfp-994-39
isfile: 41 is a file
inum: 42, name: file -
-	-exwczxjqjapvebraohytlmyftgmvwtzdnoggyrwq-994-40
isfile: 42 is a file
inum: 43, name: file -
-	-dntmhpoyvzrevgbwodychtvdtbsheltnqnfnwphe-994-41
isfile: 43 is a file
inum: 44, name: file -
-	-myzpiqdxgznebxrnagmtupqizqurcdywwxzwxvxz-994-42
isfile: 44 is a file
inum: 45, name: file -
-	-ojzarlsdhblwkpbxbfjrrfturzftjakyrwpachzi-994-43
isfile: 45 is a file
inum: 46, name: file -
-	-vwunilpquvitmdqklovmrfwsugfrvbxfkiulbycv-994-44
isfile: 46 is a file
inum: 47, name: file -
-	-htscupydfkjkydosykeqjfskohtynhsfxtrlawzu-994-45
isfile: 47 is a file
inum: 48, name: file -
-	-twvojkeyjpuqtjcmuqzhermqtmdarhxeswoiibtn-994-46
isfile: 48 is a file
inum: 49, name: file -
-	-cndaugeuifukamplstoiutbyxdlgyuxghsvyqvts-994-47
isfile: 49 is a file
inum: 50, name: file -
-	-gvfrexnfxearvpwkvedhdihfbxglstylaeqbhbry-994-48
isfile: 50 is a file
inum: 51, name: file -
-	-vuffcjktihfqjoyvsdpjpmxrcvliljbsjfvkfksr-994-49
isfile: 51 is a file
inum: 52, name: file -
-	-ockluthqzmmsezzbelaqbpsbcnxgbkdicqynytup-994-50
isfile: 52 is a file
inum: 53, name: file -
-	-qkphnvaywualdczcwvvncggpjivejjidjvoqobpc-994-51
isfile: 53 is a file
inum: 54, name: file -
-	-apqeqojjqfukyrfsuexieqyedkchokretuttdeuc-994-52
isfile: 54 is a file
inum: 55, name: file -
-	-bacumzrnaocoxlpbuynnyycfaibimqxfbtkgxqwb-994-53
isfile: 55 is a file
inum: 56, name: file -
-	-fboxdbqrfiimqepkdciaqzeqvfpyhetqciecfdff-994-54
isfile: 56 is a file
inum: 57, name: file -
-	-mcxqqyfsyzwnwntxmeukesxdampllbrhaejquujp-994-55
isfile: 57 is a file
inum: 58, name: file -
-	-hvvqdtycgnjpzpbgybpmfhlwjupcibyynhkzsjfi-994-56
isfile: 58 is a file
inum: 59, name: file -
-	-zqvdjoqyiotfqkttibxitzvjnzeprfstppqgzimh-994-57
isfile: 59 is a file
inum: 60, name: file -
-	-cuvbgspqdhixyrzipuvdflrlrmzjukcclwptszqz-994-58
isfile: 60 is a file
inum: 61, name: file -
-	-ixyrbqmareuqdkmdnfvxvotidkxbcokbkspxrzmy-994-59
isfile: 61 is a file
inum: 62, name: file -
-	-pkzbgvnxzovudawsggujvpocexwndsigxrwenaox-994-60
isfile: 62 is a file
inum: 63, name: file -
-	-laooqyelxigstqfsnycukmblvgycypeeozpisryj-994-61
isfile: 63 is a file
inum: 64, name: file -
-	-vipcvailpkfwggdpannfoyusaoewvbrjugqtnxfi-994-62
isfile: 64 is a file
inum: 65, name: file -
-	-sdftxtbrpibopkhpioqwzustzoxgkpashlxqyhzm-994-63
isfile: 65 is a file
inum: 66, name: file -
-	-ljdqmaydrvqpejccvfjbgrpyvftinmnuhsrlaeay-994-64
isfile: 66 is a file
inum: 67, name: file -
-	-vritqowadhfokijkxyebpiylnvknycsuilnyxbrm-994-65
isfile: 67 is a file
inum: 68, name: file -
-	-knldcjcsspbemhtkcouxbywzvxexcmkibfgafyzz-994-66
isfile: 68 is a file
inum: 69, name: file -
-	-qvmsfutjypqzchvufrascuadcclripgubbixsjeo-994-67
isfile: 69 is a file
inum: 70, name: file -
-	-cwemqlfyydwrevqntfylxsdalqrdvggjdfktuvxl-994-68
isfile: 70 is a file
inum: 71, name: file -
-	-jdngntagfpylycqvszupmmukuqyoytxnuiiydaow-994-69
isfile: 71 is a file
inum: 72, name: file -
-	-mhglxpzhavmdiljkxjuictuucaosgyyjohpeanam-994-70
isfile: 72 is a file
inum: 73, name: file -
-	-umnakaleqeaiwtfippzzvdgfergsfxftdvymhpol-994-71
isfile: 73 is a file
inum: 74, name: file -
-	-vtomsmbnhzffdlgrhmtaefqfamnlxunsggltbmry-994-72
isfile: 74 is a file
inum: 75, name: file -
-	-skjgmsujxuasqhiycrfuuceezitvcrmhgsxhtxme-994-73
isfile: 75 is a file
inum: 76, name: file -
-	-bwzfdvslhfzgxozemktxcvvhtfilijtemciulfbq-994-74
isfile: 76 is a file
inum: 77, name: file -
-	-skmneoumarhdgayizstizbfipmyqvdclbpiodhbu-994-75
isfile: 77 is a file
inum: 78, name: file -
-	-ormjlcvgxrtabfawglhjznkyoyatdgpmzjbfezos-994-76
isfile: 78 is a file
inum: 79, name: file -
-	-bcnobufnaegdbdzcidurlrfrmflmftdvhpthnixm-994-77
isfile: 79 is a file
inum: 80, name: file -
-	-mznqxefjmytuohhiouufngzgealffesdjrygbjyq-994-78
isfile: 80 is a file
inum: 81, name: file -
-	-fvbubsxzucyjsmxwgnxkcemqjsngvtazwrdlcqbn-994-79
isfile: 81 is a file
inum: 82, name: file -
-	-hcusbegprgoolhbhqnawvudscesfbomvbomkkhxn-994-80
isfile: 82 is a file
inum: 83, name: file -
-	-qmveafgnfbjzrhjcrufnwefyllbwockimblalexb-994-81
isfile: 83 is a file
inum: 84, name: file -
-	-zpagmrrzukpvxaqgvdzsiakdtpbqhaoesuajvhia-994-82
isfile: 84 is a file
inum: 85, name: file -
-	-mbdwzpqqxjpnybolujgzrswguibhfgghrjpbiykb-994-83
isfile: 85 is a file
inum: 86, name: file -
-	-mdpwsslyawbjmqgcrhtoaxitqiceozzpncxmqpod-994-84
isfile: 86 is a file
inum: 87, name: file -
-	-ccmyhvhuciidlqizmfbndwsjbfnpouisfcaaeigb-994-85
isfile: 87 is a file
inum: 88, name: file -
-	-mhvhilnfxkugswvtzntfdyclodoufrzgwacvcgpb-994-86
isfile: 88 is a file
inum: 89, name: file -
-	-rexqaqczmeymmomiwaptgjudzwpppukjklrneump-994-87
isfile: 89 is a file
inum: 90, name: file -
-	-guwyofgnndflnypubwrewornyqbqvoshfxjcthtj-994-88
isfile: 90 is a file
inum: 91, name: file -
-	-vtlbosidjcstyiahxdyfjfkhjmxywnywnjjrfojn-994-89
isfile: 91 is a file
inum: 92, name: file -
-	-dxorgsmxizvfaazxloqgvyqjbcxrwxmbsjhlogzo-994-90
isfile: 92 is a file
inum: 93, name: file -
-	-jroawblppwbwbeubkjnkurchtusolplfzhsgqnxt-994-91
isfile: 93 is a file
inum: 94, name: file -
-	-wxbzdswgzatkifivofcrzsucrqzhnyguejhmukop-994-92
isfile: 94 is a file
inum: 95, name: file -
-	-dcnhkrfjvvpbxplzpbvbpcldfoxvhcxdsdzitfsb-994-93
isfile: 95 is a file
inum: 96, name: file -
-	-oddtbvoxmbpybybkojtzrdnvkylgofhvfmstjwsh-994-94
isfile: 96 is a file
inum: 97, name: file -
-	-etzovfhajrkbgfoxtmkfkxmhohrgdamvemdnroxt-994-95
isfile: 97 is a file
inum: 98, name: file -
-	-txddcodfviqcuuwsrselgslgsdilzffxwqgikdov-994-96
isfile: 98 is a file
inum: 99, name: file -
-	-wqedubfgdlrtalvfrlxnqfsihybxoidamuhgixrz-994-97
isfile: 99 is a file
inum: 100, name: file -
-	-akqpqlcdczyhdwmjjwsagfoqgaqcsxamgogbuvml-994-98
isfile: 100 is a file
inum: 101, name: file -
-	-vmttmlebvbssjhemzsydwijkmpsbjsoeavkbhuoq-994-99
isfile: 101 is a file
inum: 102, name: file -
-	-xcwlukkiynjvbfwczpeuvlxndhsoealcgepaguod-994-100
isfile: 102 is a file
inum: 103, name: file -
-	-lhvhsitlqaiorlpoqglktlgnikxkrpgplniejort-994-101
isfile: 103 is a file
inum: 104, name: file -
-	-beuigprxxssbcnlzwjikpvlboajtfqzpeiboavji-994-102
isfile: 104 is a file
inum: 105, name: file -
-	-gdocaetpxfpcurpyckufvmuksumrbsbhnsvqtuje-994-103
isfile: 105 is a file
inum: 106, name: file -
-	-vtwomkdfvcedvovtyxpegccduazmenxqobasiiym-994-104
isfile: 106 is a file
inum: 107, name: file -
-	-uhsxoocsbpoigehnrxezynuzlifiufuglmnyqaaz-994-105
isfile: 107 is a file
inum: 108, name: file -
-	-tqrikedoqcjopskzofxwcglxwtuqawaijxhjmlhu-994-106
isfile: 108 is a file
inum: 109, name: file -
-	-fngadlkewcwawwbkxguhypbrjkvbmnxrjdddneyg-994-107
isfile: 109 is a file
inum: 110, name: file -
-	-egvmcfbqjmusikmoswnvrhkvntxwvoefwpoyoobm-994-108
isfile: 110 is a file
inum: 111, name: file -
-	-pkpukznutpmimhkuuvkdabkuhsnfmrhxdrrrgbts-994-109
isfile: 111 is a file
inum: 112, name: file -
-	-rjgvifqqvsqwvzsdykswxohlmfmazdzsvexbmtdo-994-110
isfile: 112 is a file
inum: 113, name: file -
-	-nywzlzrlpnzbkorebporonjqeydptgljbnmapijn-994-111
isfile: 113 is a file
inum: 114, name: file -
-	-ulykryjwvdbswhqwrgkkgmafhzmhootiwefdsrif-994-112
isfile: 114 is a file
inum: 115, name: file -
-	-kkluksrswnfyjstogxlgkyhpxvtzndlaaiovoyqm-994-113
isfile: 115 is a file
inum: 116, name: file -
-	-tiqftvblanehzqszfxavaqetbwedmaubaiefxnak-994-114
isfile: 116 is a file
inum: 117, name: file -
-	-ubntkknmysgyahwluxexyigvvlzfioqnwwgdyhbw-994-115
isfile: 117 is a file
inum: 118, name: file -
-	-lefqykugagpwohejfmvdclqnjcwnpnshjeelaqyd-994-116
isfile: 118 is a file
inum: 119, name: file -
-	-lnjblisewlqaippoiiornnxvgzuedxdlqzikmuem-994-117
isfile: 119 is a file
inum: 120, name: file -
-	-yphnfvbfpuoamlslsbhmppuqfuqkzzkcnsmcqmic-994-118
isfile: 120 is a file
inum: 121, name: file -
-	-efpefepfxsdrqrhecfvlmsszrqtlebbwcpvrivbm-994-119
isfile: 121 is a file
inum: 122, name: file -
-	-nhysfxxqmyupxxulqukyjurygbxfzlwiipygpqvz-994-120
isfile: 122 is a file
inum: 123, name: file -
-	-areabynjafocwowfvhawxlhngjlayinawbqwksig-994-121
isfile: 123 is a file
inum: 124, name: file -
-	-nntfioagqhzyofyqlnmztotnjfmnkuxxabwzgozj-994-122
isfile: 124 is a file
inum: 125, name: file -
-	-enqnwrfejaijyqumptrqttothwvfpwastwedeslq-994-123
isfile: 125 is a file
inum: 126, name: file -
-	-bnxdnjlmrrzuauonigccxcfnidxxlqawyvxqushc-994-124
isfile: 126 is a file
inum: 127, name: file -
-	-mzbuzyvrmvfrigoourkasueuatapewzvngzdoqpk-994-125
isfile: 127 is a file
inum: 128, name: file -
-	-zpvzvnrhwbxgprlesojgymcrpmmutlsxrznomhpu-994-126
isfile: 128 is a file
inum: 129, name: file -
-	-rugftopbxxbvmtcptacaarvcloiiqpqipyylwevu-994-127
isfile: 129 is a file
inum: 130, name: file -
-	-guwgkjlumgdjtvleqtjhrkoudvuffrlpqjbbqtmj-994-128
isfile: 130 is a file
inum: 131, name: file -
-	-jeaswkmppjidtcuknhqhhwbhfqbbxnosonpjdexo-994-129
isfile: 131 is a file
inum: 132, name: file -
-	-mxnnjhdnwaujuwtfubjieernnffatqtvxxylewmg-994-130
isfile: 132 is a file
inum: 133, name: file -
-	-xakadkogpfoxicnvnckyasudkfcqjbxdutzkywgi-994-131
isfile: 133 is a file
inum: 134, name: file -
-	-wxgeemlktmxpfyyztlgclgsrtcswvcoeucilkvfg-994-132
isfile: 134 is a file
inum: 135, name: file -
-	-prwverqlwubntzyptvodhqixjvrzqjbomawdtmtu-994-133
isfile: 135 is a file
inum: 136, name: file -
-	-twtfaxyhezxthewqntuemyszzlcahkclkpfzcnob-994-134
isfile: 136 is a file
inum: 137, name: file -
-	-aoelhzstherdqqzlbvmudsopkzpvqvapuymaxdzn-994-135
isfile: 137 is a file
inum: 138, name: file -
-	-dehihnushfttgpzdsweppmwzlzfwlfailxmlfllh-994-136
isfile: 138 is a file
inum: 139, name: file -
-	-qylfawosskgwwfgdgmuvdkwzrityeondvrohqysn-994-137
isfile: 139 is a file
inum: 140, name: file -
-	-ynyncpbowjebuyisbofblcrynzxmevtihauqbmfy-994-138
isfile: 140 is a file
inum: 141, name: file -
-	-outzkinrcbsidcgqpeivjlfnrkheewybqbfdezgl-994-139
isfile: 141 is a file
inum: 142, name: file -
-	-exqltmthfqpqnpgyrhebvvxxsggyfeqkwssqgmer-994-140
isfile: 142 is a file
inum: 143, name: file -
-	-utnehwkeoerpqsobkmxbllviwhwgindpbqvbulul-994-141
isfile: 143 is a file
inum: 144, name: file -
-	-jbqxolwaltxatgmrcfnvhxesasfhsgbdfvtmmejn-994-142
isfile: 144 is a file
inum: 145, name: file -
-	-wvctscacaigcleusrltumnwrdgxqrsubcbnwvqsh-994-143
isfile: 145 is a file
inum: 146, name: file -
-	-zsxlsbgqusikpitdjjasubyjqnvekizozqwslurr-994-144
isfile: 146 is a file
inum: 147, name: file -
-	-ksmrckrqgeifkjsjvuzcajwtvbmnplzjpdfptkpc-994-145
isfile: 147 is a file
inum: 148, name: file -
-	-vjsdjxnzwzwhucnudehzoaqnwyhioowjpbyrwwdt-994-146
isfile: 148 is a file
inum: 149, name: file -
-	-mzcnxsmngocogddajcgneizyrriugbakfrhvjcmq-994-147
isfile: 149 is a file
inum: 150, name: file -
-	-ggwbatphtscwvhtdxqkhotvwqrqmxiumamccwfex-994-148
isfile: 150 is a file
inum: 151, name: file -
-	-nqwufnswhaoqjnnzuvykpxszxqbduzbccvbkkcta-994-149
isfile: 151 is a file
inum: 152, name: file -
-	-dsufpfopqzsadenicnbjfsqgnxdzuhlzawvmdpqz-994-150
isfile: 152 is a file
inum: 153, name: file -
-	-tuebxdhglocwawcggznkcnxdhsdaenejmumzjlrm-994-151
isfile: 153 is a file
inum: 154, name: file -
-	-eugiyebeftihfuxzxjsbxrairptjgqdwwomhloxt-994-152
isfile: 154 is a file
inum: 155, name: file -
-	-epgeqtqiacmhjpzxgphqagfkbtqnaxxavioskkiy-994-153
isfile: 155 is a file
inum: 156, name: file -
-	-wcpgszwfnlchyxekudjdyzafsutcutgssoeylsbb-994-154
isfile: 156 is a file
inum: 157, name: file -
-	-xcpmhihzgstsrlhmsgfcdxtxhleugsyhodyvsiut-994-155
isfile: 157 is a file
inum: 158, name: file -
-	-yirmwpfaydlppbzizzttyvrklwadbpiwwhmptsun-994-156
isfile: 158 is a file
inum: 159, name: file -
-	-xldylpluqutvhaeilyiwxdwhnpivksenetmtfqjl-994-157
isfile: 159 is a file
inum: 160, name: file -
-	-abunwgzexjqrkbcccvxnufzfocemibhelgossucp-994-158
isfile: 160 is a file
inum: 161, name: file -
-	-psfiykqtomgogmhkdarujmyjkavfgpaqrotqbzgj-994-159
isfile: 161 is a file
inum: 162, name: file -
-	-nibjibtvnolpcaluoxxdpfpdqbmcshedeqfoshkp-994-160
isfile: 162 is a file
inum: 163, name: file -
-	-gyochzzrnfzkzcjssbzpyxtmpvsfuuoynxjhfgfq-994-161
isfile: 163 is a file
inum: 164, name: file -
-	-wtjqtuqdbuojnbhaecwgguqleugsnwsnfldmikio-994-162
isfile: 164 is a file
inum: 165, name: file -
-	-lvrseurymavwgrlanhnjcofmwvhkvncinfrfmoqy-994-163
isfile: 165 is a file
inum: 166, name: file -
-	-ifobacppetwauwrahnumlyeyyjryhxcvgnnmdtpg-994-164
isfile: 166 is a file
inum: 167, name: file -
-	-ytquohinqqhddimdsonrzmspajwubcoshlkbezoz-994-165
isfile: 167 is a file
inum: 168, name: file -
-	-wnjcodifkogzgmucyjoxjkkclwowtvgenkjedqfy-994-166
isfile: 168 is a file
inum: 169, name: file -
-	-zggqvypheslhvhwgimghwppnjrcwspakqqtgvybk-994-167
isfile: 169 is a file
inum: 170, name: file -
-	-hrlcsjphevrpqafmrycdocgmudbeckqpexvgqfof-994-168
isfile: 170 is a file
inum: 171, name: file -
-	-xmeflhneerbwumwvdwbvtfogthsgqopprzbzipyv-994-169
isfile: 171 is a file
inum: 172, name: file -
-	-rukcoreafrhdpedftfgupilctksplpihfwfjgnvg-994-170
isfile: 172 is a file
inum: 173, name: file -
-	-tidobkfujpcgtclsxaihovbfvfrqxgdtovqebpcg-994-171
isfile: 173 is a file
inum: 174, name: file -
-	-qatyvgewprnoteuapschjvbjrywhwrmbsizbtmkj-994-172
isfile: 174 is a file
inum: 175, name: file -
-	-kjedpcderucreykkbxubiujghsxjcnbwqxjfknwx-994-173
isfile: 175 is a file
inum: 176, name: file -
-	-fbiaqlyyhnwliuhqjxbelvflcfhsijvmyudevzbl-994-174
isfile: 176 is a file
inum: 177, name: file -
-	-lebalkngcgfleaiaamwqqbfyfrdnslonrixnihvj-994-175
isfile: 177 is a file
inum: 178, name: file -
-	-gyvmppfyhqzszqrhojruffwoxlpumxsjzjxyqbfs-994-176
isfile: 178 is a file
inum: 179, name: file -
-	-hjcuxqcjawoipufjjmmvtwollikvayvwpioyvhpx-994-177
isfile: 179 is a file
inum: 180, name: file -
-	-cpzipsvjpxjyhtaurvtwmeyfwmgjcsmjqtpjbxhz-994-178
isfile: 180 is a file
inum: 181, name: file -
-	-sjredhemvpaxwpnspvxpyyhvfvjysottvhlhrbxi-994-179
isfile: 181 is a file
inum: 182, name: file -
-	-dmckvduvgtbozjfnibretwhuwndtrdkuootmhphd-994-180
isfile: 182 is a file
inum: 183, name: file -
-	-mhajffshznappnfuirxnaiozfmpxyhdjslafumoa-994-181
isfile: 183 is a file
inum: 184, name: file -
-	-bscqxtrnheytgtauhqvolrnmhefqrrbrciiwnmwb-994-182
isfile: 184 is a file
inum: 185, name: file -
-	-ceojdqgpgwmminevsazxsmuuxcetidzdoyimsyww-994-183
isfile: 185 is a file
inum: 186, name: file -
-	-cputfbtfmbqtlnikgalymwmfzmdibddrhpubyjof-994-184
isfile: 186 is a file
inum: 187, name: file -
-	-mcnortdrnzhukxsyixlhjwtdjjygvpyxxmsusmer-994-185
isfile: 187 is a file
inum: 188, name: file -
-	-vtjrlsosanvqnqnbxwybqxwnjjnstvjaxftzqmef-994-186
isfile: 188 is a file
inum: 189, name: file -
-	-elgqzqgxdcfimffyhiqweiklnzzrihhjdenrgwes-994-187
isfile: 189 is a file
inum: 190, name: file -
-	-lhgmlbsmktixjyvpibaqxledcymatwthxdxomxqq-994-188
isfile: 190 is a file
inum: 191, name: file -
-	-yyalbqnpejxgduhkdgesinrkwgzkaaqtsqtncbyu-994-189
isfile: 191 is a file
inum: 192, name: file -
-	-eywrrsdvbtwvmzrxdxrywagcfmavcfbuvnzuwhnn-994-190
isfile: 192 is a file
inum: 193, name: file -
-	-ajxutpqfxtoqsoqwyytkjncceviyvxqaabvgsnmz-994-191
isfile: 193 is a file
inum: 194, name: file -
-	-nyumsxwilyxpfrayutxresicsmudttgwbvuslwrq-994-192
isfile: 194 is a file
inum: 195, name: file -
-	-ztjmoqxfgohwsnliwfcnumruwoautfxclqhdjufb-994-193
isfile: 195 is a file
inum: 196, name: file -
-	-egtcifidqsubsxkaszevyykbusqlsditjretxqnv-994-194
isfile: 196 is a file
inum: 197, name: file -
-	-jpjobjgcynntrnwwrfyyodhirtgayzenqiboblhx-994-195
isfile: 197 is a file
inum: 198, name: file -
-	-frvwjafwxsujrvjiwnjfcdxjnklrhjrlxedysfab-994-196
isfile: 198 is a file
inum: 199, name: file -
-	-xenagvumzuaaymjnvhthljoyldyyybhgmivlrcsy-994-197
isfile: 199 is a file
inum: 200, name: file -
-	-brmyskosakeygnujwhntdngmkjthcawofygdxtcl-994-198
isfile: 200 is a file
inum: 201, name: file -
-	-enljumjoxrwgibfbygkbvaknwngmublqcrtnwlol-994-199
isfile: 201 is a file
inum: 202, name: file -
-	-ebsnrjgcknphokuuykneslwfkckdckficnwehjas-994-200
isfile: 202 is a file
inum: 203, name: file -
-	-abmfslhrxvpegrcihqojbyevdixzlndmlggayejk-994-201
isfile: 203 is a file
inum: 204, name: file -
-	-hnrcrzashcoieohbnofkowyetbtikcfovhehpmvk-994-202
isfile: 204 is a file
inum: 205, name: file -
-	-cqpfvtuhdwgurjbxdhefhhaybcdlbgeyrronzmuu-994-203
isfile: 205 is a file
inum: 206, name: file -
-	-mdipuwerceiekplamqrgslzpkafcncxgireyikcq-994-204
isfile: 206 is a file
inum: 207, name: file -
-	-dxlcleyzjffcqzvqormvunuetjysmtgmfzthswge-994-206
isfile: 207 is a file
inum: 208, name: file -
-	-sbfrnitvkbfntawxidjafyivcrtxellvdcfbrotw-994-207
isfile: 208 is a file
inum: 209, name: file -
-	-glvnerfpfkhomturtuzeopvrqtgsdqphevjhrbcc-994-208
isfile: 209 is a file
inum: 210, name: file -
-	-miwqexbomymocewduxylyqdmoscdeerjeiavlubw-994-209
isfile: 210 is a file
inum: 211, name: file -
-	-uarqhcxhtrpdxaboplcgzrqinefmmaznuilijifc-994-210
isfile: 211 is a file
inum: 212, name: file -
-	-bkbzodirlmkjqihxsfwyigwmzdmfjonxhgbylvvs-994-212
isfile: 212 is a file
inum: 213, name: file -
-	-jnolrktnhajduzpuwgwwlylvwfmvotzttjsuwpgv-994-213
isfile: 213 is a file
inum: 214, name: file -
-	-tnbiihpucpitabbqdsjyniavdruaoqmvlflvhnps-994-214
isfile: 214 is a file
inum: 215, name: file -
-	-wwlmwhmyyfujikvhuzxjgrnhsxjtnvjbhiplroir-994-215
isfile: 215 is a file
inum: 216, name: file -
-	-cifozuesfvjupffkstrfopzsshpeqkvdpxbigfex-994-216
isfile: 216 is a file
inum: 217, name: file -
-	-qtixbrazfqetvaqxkzcylmrxehcproqsuqpocqht-994-217
isfile: 217 is a file
inum: 218, name: file -
-	-bpditnqjdkgzfzilyqbzmkfuobioqzotdhumcjfn-994-218
isfile: 218 is a file
inum: 219, name: file -
-	-dzbiiesqzmzrjdmpruzmucrvlxyuatrpuigqxwnv-994-219
isfile: 219 is a file
inum: 220, name: file -
-	-hpugyklsrziugvkvfkbxssbthzfonjdvykssfgjn-994-220
isfile: 220 is a file
inum: 221, name: file -
-	-tcbqfnxycgpdtzmqtulizywedentpmllxrvbabpk-994-221
isfile: 221 is a file
inum: 222, name: file -
-	-xkpbhjvdgssjjdmbrddxpsiytofmxtmsaeotcqmk-994-222
isfile: 222 is a file
inum: 223, name: file -
-	-glczsobfxmkloxasgtfoxatgvcupmtvttdyxdvmh-994-223
isfile: 223 is a file
inum: 224, name: file -
-	-rueevleyjfexnjxqawyfxzkkoajnpsaegplhhhqk-994-224
isfile: 224 is a file
inum: 225, name: file -
-	-admfutkrjjzbmsybdygdvtskxxwayfczslarcyic-994-225
isfile: 225 is a file
inum: 226, name: file -
-	-hkqpjlmeouonngfgrcasfsvujncwizpgquookpws-994-226
isfile: 226 is a file
inum: 227, name: file -
-	-rrlvnbhllonrgywkwmnzwaulumxgdbmfgdrpgzjl-994-227
isfile: 227 is a file
inum: 228, name: file -
-	-tjnimkzzgjbgdjkpfcgosefxntmqaydtzekmbsxo-994-228
isfile: 228 is a file
inum: 229, name: file -
-	-ohjwjkiprkcigxvfkzpszngwmvvppeiyedfcirwp-994-229
isfile: 229 is a file
inum: 230, name: file -
-	-ocycqhiwsdutoqrutiaidthibvzwvkgdwtjftevl-994-230
isfile: 230 is a file
inum: 231, name: file -
-	-gbpweuwowgqjmhkpzdhppxqbfhropsjhkvdgehwl-994-231
isfile: 231 is a file
inum: 232, name: file -
-	-pbcyruirzuccselyydqjlswycpmshprforiwbnum-994-232
isfile: 232 is a file
inum: 233, name: file -
-	-lbwayuzgqluzxbuglwhsimoprmcovhvphssfqgus-994-235
isfile: 233 is a file
inum: 234, name: file -
-	-skkfkfnctntvcfldgmkhjtgmctkyrekibgkjdjsx-994-236
isfile: 234 is a file
inum: 235, name: file -
-	-qecnlcltqllyypsghpswqezmcdvmtazavatgomka-994-237
isfile: 235 is a file
inum: 236, name: file -
-	-wmzyxsrhsjzefitlwbkusqzqinxcjjbbocbejqzr-994-239
isfile: 236 is a file
inum: 237, name: file -
-	-gtdddrwzkppbcddgmjspsrqokbyvawrlwyasrfch-994-240
isfile: 237 is a file
inum: 238, name: file -
-	-tkepwsqsmecoupcopwwaqhlrbqcditzmyavneben-994-241
isfile: 238 is a file
inum: 239, name: file -
-	-witkxmtgjposkyzfrmzbpagdzxvvgiewtinjwbcg-994-243
isfile: 239 is a file
inum: 240, name: file -
-	-zihvziienbxouuutbvzpthxdcfpwpiftddiagasg-994-244
isfile: 240 is a file
inum: 241, name: file -
-	-omarnxsbmcviqrclkskawitszrjdlyiuipkxaxgh-994-245
isfile: 241 is a file
inum: 242, name: file -
-	-boumtjaqqogwibkyjfixdhokpgjrfklnjmemfama-994-246
isfile: 242 is a file
inum: 243, name: file -
-	-bowyqemqdqnngfpdrnqyscjmtpthtdcruqjagjbx-994-247
isfile: 243 is a file
inum: 244, name: file -
-	-rgnlztifxyjrebcyobqazcxumgofnvtwauxzyuec-994-248
isfile: 244 is a file
inum: 245, name: file -
-	-uqjfkgtyvdnkohsiqaunqghwhboyiijwwkriwudg-994-250
isfile: 245 is a file
inum: 246, name: file -
-	-ntqeghdsykxhfgqojcygwcxrvygperdujtiutpml-994-251
isfile: 246 is a file
inum: 247, name: file -
-	-qxnkhaurizyahgixznwdbmsabhsxsalubjbecric-994-253
isfile: 247 is a file
inum: 248, name: file -
-	-idwfwwskxgacdzgjcvkktojjdmnincpustrssqqa-994-254
isfile: 248 is a file
inum: 249, name: file -
-	-cuymkawejbqhdguqjohvoklhlphtehjnslobaogj-994-255
isfile: 249 is a file
inum: 250, name: file -
-	-lybbndowpkxeiwwjnqfopjxcrmsreeffivivpxqc-994-256
isfile: 250 is a file
inum: 251, name: a1008
isfile: 251 is a file
inum: 252, name: b1008
isfile: 252 is a file
inum: 253, name: d1022
isfile: 253 is a dir
inum: 254, name: hosts
isfile: 254 is a symlink
inum: 255, name: hosts_copy
isfile: 255 is a file
inum: 256, name: testhostslink
isfile: 256 is a symlink
readlink()
path: hosts_copy
end of symlink()
fuse.cc::symlink ok
isfile: 256 is a symlink
getattr 0000000000000100 0
isfile: 256 is a symlink
isfile: 256 is a symlink
getfile 0000000000000100
getfile 0000000000000100 -> sz 10
   getattr -> 10
   unique: 35, success, outsize: 144
unique: 36, opcode: LOOKUP (1), nodeid: 1, insize: 54, pid: 1052
========== yfs::readdir(dir: 1) ==========
end of yfs::readdir()

isfile: 256 is a symlink
getattr 0000000000000100 0
isfile: 256 is a symlink
isfile: 256 is a symlink
getfile 0000000000000100
getfile 0000000000000100 -> sz 10
   getattr -> 10
   unique: 36, success, outsize: 144
unique: 37, opcode: READLINK (5), nodeid: 256, insize: 40, pid: 1052
readlink()
path: hosts_copy
   unique: 37, success, outsize: 26
unique: 38, opcode: LOOKUP (1), nodeid: 1, insize: 51, pid: 1052
========== yfs::readdir(dir: 1) ==========
end of yfs::readdir()

isfile: 255 is a file
getattr 00000000000000ff 1
isfile: 255 is a file
getfile 00000000000000ff
getfile 00000000000000ff -> sz 174
   getattr -> 174
   unique: 38, success, outsize: 144
unique: 39, opcode: GETATTR (3), nodeid: 255, insize: 56, pid: 1052
isfile: 255 is a file
getattr 00000000000000ff 1
isfile: 255 is a file
getfile 00000000000000ff
getfile 00000000000000ff -> sz 174
   getattr -> 174
   unique: 39, success, outsize: 120
unique: 40, opcode: LOOKUP (1), nodeid: 1, insize: 51, pid: 1052
========== yfs::readdir(dir: 1) ==========
end of yfs::readdir()

isfile: 255 is a file
getattr 00000000000000ff 1
isfile: 255 is a file
getfile 00000000000000ff
getfile 00000000000000ff -> sz 174
   getattr -> 174
   unique: 40, success, outsize: 144
unique: 41, opcode: GETATTR (3), nodeid: 255, insize: 56, pid: 1052
isfile: 255 is a file
getattr 00000000000000ff 1
isfile: 255 is a file
getfile 00000000000000ff
getfile 00000000000000ff -> sz 174
   getattr -> 174
   unique: 41, success, outsize: 120
unique: 42, opcode: LOOKUP (1), nodeid: 1, insize: 51, pid: 1053
========== yfs::readdir(dir: 1) ==========
end of yfs::readdir()

isfile: 255 is a file
getattr 00000000000000ff 1
isfile: 255 is a file
getfile 00000000000000ff
getfile 00000000000000ff -> sz 174
   getattr -> 174
   unique: 42, success, outsize: 144
unique: 43, opcode: GETATTR (3), nodeid: 255, insize: 56, pid: 1053
isfile: 255 is a file
getattr 00000000000000ff 1
isfile: 255 is a file
getfile 00000000000000ff
getfile 00000000000000ff -> sz 174
   getattr -> 174
   unique: 43, success, outsize: 120
unique: 44, opcode: LOOKUP (1), nodeid: 1, insize: 51, pid: 1053
========== yfs::readdir(dir: 1) ==========
end of yfs::readdir()

isfile: 255 is a file
getattr 00000000000000ff 1
isfile: 255 is a file
getfile 00000000000000ff
getfile 00000000000000ff -> sz 174
   getattr -> 174
   unique: 44, success, outsize: 144
unique: 45, opcode: UNLINK (10), nodeid: 1, insize: 51, pid: 1053
========= yfs::unlink(parent: 1, name: hosts_copy ==========
========== yfs::readdir(dir: 1) ==========
end of yfs::readdir()

isdir: 255 is a file
   unique: 45, success, outsize: 16
unique: 46, opcode: FORGET (2), nodeid: 255, insize: 48, pid: 0
unique: 47, opcode: LOOKUP (1), nodeid: 1, insize: 51, pid: 1054
========== yfs::readdir(dir: 1) ==========
end of yfs::readdir()

   unique: 47, error: -2 (No such file or directory), outsize: 16
unique: 48, opcode: CREATE (35), nodeid: 1, insize: 67, pid: 1054
=============== fuseserver_create(parent: 1, name: hosts_copy) ===============
=============== fuseserver_createhelper(parent:	1, name:	hosts_copy ===============
create, parent:1, name:hosts_copy
========== yfs::readdir(dir: 1) ==========
end of yfs::readdir()

isfile: 255 is a file
getattr 00000000000000ff 1
isfile: 255 is a file
getfile 00000000000000ff
getfile 00000000000000ff -> sz 0
   getattr -> 0
end of fuseserver_createhelper()

   unique: 48, success, outsize: 160
OK: create returns.
unique: 49, opcode: SETATTR (4), nodeid: 255, insize: 128, pid: 1054
fuseserver_setattr 0x1b0
   unique: 49, error: -38 (Function not implemented), outsize: 16
unique: 50, opcode: SETATTR (4), nodeid: 255, insize: 128, pid: 1054
fuseserver_setattr 0x1b0
   unique: 50, error: -38 (Function not implemented), outsize: 16
unique: 51, opcode: LOOKUP (1), nodeid: 1, insize: 51, pid: 1054
========== yfs::readdir(dir: 1) ==========
end of yfs::readdir()

isfile: 255 is a file
getattr 00000000000000ff 1
isfile: 255 is a file
getfile 00000000000000ff
getfile 00000000000000ff -> sz 0
   getattr -> 0
   unique: 51, success, outsize: 144
unique: 52, opcode: SETATTR (4), nodeid: 255, insize: 128, pid: 1054
fuseserver_setattr 0x1b0
   unique: 52, error: -38 (Function not implemented), outsize: 16
unique: 53, opcode: LOOKUP (1), nodeid: 1, insize: 51, pid: 1054
========== yfs::readdir(dir: 1) ==========
end of yfs::readdir()

isfile: 255 is a file
getattr 00000000000000ff 1
isfile: 255 is a file
getfile 00000000000000ff
getfile 00000000000000ff -> sz 0
   getattr -> 0
   unique: 53, success, outsize: 144
unique: 54, opcode: SETATTR (4), nodeid: 255, insize: 128, pid: 1054
fuseserver_setattr 0x1b0
   unique: 54, error: -38 (Function not implemented), outsize: 16
unique: 55, opcode: RELEASE (18), nodeid: 255, insize: 64, pid: 0
   unique: 55, success, outsize: 16
unique: 56, opcode: LOOKUP (1), nodeid: 1, insize: 54, pid: 1055
========== yfs::readdir(dir: 1) ==========
end of yfs::readdir()

isfile: 256 is a symlink
getattr 0000000000000100 0
isfile: 256 is a symlink
isfile: 256 is a symlink
getfile 0000000000000100
getfile 0000000000000100 -> sz 10
   getattr -> 10
   unique: 56, success, outsize: 144
unique: 57, opcode: READLINK (5), nodeid: 256, insize: 40, pid: 1055
readlink()
path: hosts_copy
   unique: 57, success, outsize: 26
unique: 58, opcode: LOOKUP (1), nodeid: 1, insize: 51, pid: 1055
========== yfs::readdir(dir: 1) ==========
end of yfs::readdir()

isfile: 255 is a file
getattr 00000000000000ff 1
isfile: 255 is a file
getfile 00000000000000ff
getfile 00000000000000ff -> sz 0
   getattr -> 0
   unique: 58, success, outsize: 144
unique: 59, opcode: GETATTR (3), nodeid: 255, insize: 56, pid: 1055
isfile: 255 is a file
getattr 00000000000000ff 1
isfile: 255 is a file
getfile 00000000000000ff
getfile 00000000000000ff -> sz 0
   getattr -> 0
   unique: 59, success, outsize: 120
unique: 60, opcode: LOOKUP (1), nodeid: 1, insize: 51, pid: 1055
========== yfs::readdir(dir: 1) ==========
end of yfs::readdir()

isfile: 255 is a file
getattr 00000000000000ff 1
isfile: 255 is a file
getfile 00000000000000ff
getfile 00000000000000ff -> sz 0
   getattr -> 0
   unique: 60, success, outsize: 144
unique: 61, opcode: GETATTR (3), nodeid: 255, insize: 56, pid: 1055
isfile: 255 is a file
getattr 00000000000000ff 1
isfile: 255 is a file
getfile 00000000000000ff
getfile 00000000000000ff -> sz 0
   getattr -> 0
   unique: 61, success, outsize: 120
unique: 62, opcode: LOOKUP (1), nodeid: 1, insize: 53, pid: 1090
========== yfs::readdir(dir: 1) ==========
end of yfs::readdir()

   unique: 62, error: -2 (No such file or directory), outsize: 16
unique: 63, opcode: CREATE (35), nodeid: 1, insize: 69, pid: 1090
=============== fuseserver_create(parent: 1, name: foo.txt.yfs2) ===============
=============== fuseserver_createhelper(parent:	1, name:	foo.txt.yfs2 ===============
create, parent:1, name:foo.txt.yfs2
========== yfs::readdir(dir: 1) ==========
end of yfs::readdir()

isfile: 257 is a file
getattr 0000000000000101 1
isfile: 257 is a file
getfile 0000000000000101
getfile 0000000000000101 -> sz 0
   getattr -> 0
end of fuseserver_createhelper()

   unique: 63, success, outsize: 160
OK: create returns.
unique: 64, opcode: SETATTR (4), nodeid: 257, insize: 128, pid: 1090
fuseserver_setattr 0x8
   fuseserver_setattr set size to 3072
isfile: 257 is a file
getattr 0000000000000101 1
isfile: 257 is a file
getfile 0000000000000101
getfile 0000000000000101 -> sz 3072
   getattr -> 3072
   unique: 64, success, outsize: 120
unique: 65, opcode: IOCTL (39), nodeid: 257, insize: 72, pid: 1090
   unique: 65, error: -38 (Function not implemented), outsize: 16
unique: 66, opcode: WRITE (16), nodeid: 257, insize: 1104, pid: 1090
   unique: 66, success, outsize: 24
unique: 67, opcode: WRITE (16), nodeid: 257, insize: 1104, pid: 1090
   unique: 67, success, outsize: 24
unique: 68, opcode: WRITE (16), nodeid: 257, insize: 1104, pid: 1090
   unique: 68, success, outsize: 24
unique: 69, opcode: WRITE (16), nodeid: 257, insize: 1104, pid: 1090
   unique: 69, success, outsize: 24
unique: 70, opcode: WRITE (16), nodeid: 257, insize: 1104, pid: 1090
   unique: 70, success, outsize: 24
unique: 71, opcode: WRITE (16), nodeid: 257, insize: 1104, pid: 1090
   unique: 71, success, outsize: 24
unique: 72, opcode: WRITE (16), nodeid: 257, insize: 1104, pid: 1090
   unique: 72, success, outsize: 24
unique: 73, opcode: WRITE (16), nodeid: 257, insize: 1104, pid: 1090
   unique: 73, success, outsize: 24
unique: 74, opcode: WRITE (16), nodeid: 257, insize: 1104, pid: 1090
   unique: 74, success, outsize: 24
unique: 75, opcode: WRITE (16), nodeid: 257, insize: 1104, pid: 1090
   unique: 75, success, outsize: 24
unique: 76, opcode: WRITE (16), nodeid: 257, insize: 1104, pid: 1090
   unique: 76, success, outsize: 24
unique: 77, opcode: WRITE (16), nodeid: 257, insize: 1104, pid: 1090
   unique: 77, success, outsize: 24
unique: 78, opcode: WRITE (16), nodeid: 257, insize: 1104, pid: 1090
   unique: 78, success, outsize: 24
unique: 79, opcode: WRITE (16), nodeid: 257, insize: 1104, pid: 1090
   unique: 79, success, outsize: 24
unique: 80, opcode: WRITE (16), nodeid: 257, insize: 1104, pid: 1090
   unique: 80, success, outsize: 24
unique: 81, opcode: WRITE (16), nodeid: 257, insize: 1104, pid: 1090
   unique: 81, success, outsize: 24
unique: 82, opcode: WRITE (16), nodeid: 257, insize: 1104, pid: 1090
   unique: 82, success, outsize: 24
unique: 83, opcode: WRITE (16), nodeid: 257, insize: 1104, pid: 1090
   unique: 83, success, outsize: 24
unique: 84, opcode: WRITE (16), nodeid: 257, insize: 1104, pid: 1090
   unique: 84, success, outsize: 24
unique: 85, opcode: WRITE (16), nodeid: 257, insize: 1104, pid: 1090
   unique: 85, success, outsize: 24
unique: 86, opcode: WRITE (16), nodeid: 257, insize: 1104, pid: 1090
   unique: 86, success, outsize: 24
unique: 87, opcode: WRITE (16), nodeid: 257, insize: 1104, pid: 1090
   unique: 87, success, outsize: 24
unique: 88, opcode: WRITE (16), nodeid: 257, insize: 1104, pid: 1090
   unique: 88, success, outsize: 24
unique: 89, opcode: WRITE (16), nodeid: 257, insize: 1104, pid: 1090
   unique: 89, success, outsize: 24
unique: 90, opcode: WRITE (16), nodeid: 257, insize: 1104, pid: 1090
   unique: 90, success, outsize: 24
unique: 91, opcode: WRITE (16), nodeid: 257, insize: 1104, pid: 1090
   unique: 91, success, outsize: 24
unique: 92, opcode: WRITE (16), nodeid: 257, insize: 1104, pid: 1090
   unique: 92, success, outsize: 24
unique: 93, opcode: WRITE (16), nodeid: 257, insize: 1104, pid: 1090
   unique: 93, success, outsize: 24
unique: 94, opcode: WRITE (16), nodeid: 257, insize: 1104, pid: 1090
   unique: 94, success, outsize: 24
unique: 95, opcode: WRITE (16), nodeid: 257, insize: 1104, pid: 1090
   unique: 95, success, outsize: 24
unique: 96, opcode: RELEASE (18), nodeid: 257, insize: 64, pid: 0
   unique: 96, success, outsize: 16
unique: 97, opcode: LOOKUP (1), nodeid: 1, insize: 53, pid: 1091
========== yfs::readdir(dir: 1) ==========
end of yfs::readdir()

isfile: 257 is a file
getattr 0000000000000101 1
isfile: 257 is a file
getfile 0000000000000101
getfile 0000000000000101 -> sz 33792
   getattr -> 33792
   unique: 97, success, outsize: 144
unique: 98, opcode: GETATTR (3), nodeid: 257, insize: 56, pid: 1091
isfile: 257 is a file
getattr 0000000000000101 1
isfile: 257 is a file
getfile 0000000000000101
getfile 0000000000000101 -> sz 33792
   getattr -> 33792
   unique: 98, success, outsize: 120
unique: 99, opcode: LOOKUP (1), nodeid: 1, insize: 53, pid: 1091
========== yfs::readdir(dir: 1) ==========
end of yfs::readdir()

isfile: 257 is a file
getattr 0000000000000101 1
isfile: 257 is a file
getfile 0000000000000101
getfile 0000000000000101 -> sz 33792
   getattr -> 33792
   unique: 99, success, outsize: 144
unique: 100, opcode: OPEN (14), nodeid: 257, insize: 48, pid: 1091
   unique: 100, success, outsize: 32
unique: 101, opcode: READ (15), nodeid: 257, insize: 80, pid: 1091
   unique: 101, success, outsize: 16400
unique: 102, opcode: READ (15), nodeid: 257, insize: 80, pid: 1091
   unique: 102, success, outsize: 17424
unique: 103, opcode: GETATTR (3), nodeid: 257, insize: 56, pid: 1091
isfile: 257 is a file
getattr 0000000000000101 1
isfile: 257 is a file
getfile 0000000000000101
getfile 0000000000000101 -> sz 33792
   getattr -> 33792
   unique: 103, success, outsize: 120
unique: 104, opcode: GETATTR (3), nodeid: 257, insize: 56, pid: 1091
isfile: 257 is a file
getattr 0000000000000101 1
isfile: 257 is a file
getfile 0000000000000101
getfile 0000000000000101 -> sz 33792
   getattr -> 33792
   unique: 104, success, outsize: 120
unique: 105, opcode: RELEASE (18), nodeid: 257, insize: 64, pid: 0
   unique: 105, success, outsize: 16
unique: 106, opcode: LOOKUP (1), nodeid: 1, insize: 53, pid: 1092
========== yfs::readdir(dir: 1) ==========
end of yfs::readdir()

isfile: 257 is a file
getattr 0000000000000101 1
isfile: 257 is a file
getfile 0000000000000101
getfile 0000000000000101 -> sz 33792
   getattr -> 33792
   unique: 106, success, outsize: 144
unique: 107, opcode: GETATTR (3), nodeid: 257, insize: 56, pid: 1092
isfile: 257 is a file
getattr 0000000000000101 1
isfile: 257 is a file
getfile 0000000000000101
getfile 0000000000000101 -> sz 33792
   getattr -> 33792
   unique: 107, success, outsize: 120
unique: 108, opcode: LOOKUP (1), nodeid: 1, insize: 53, pid: 1092
========== yfs::readdir(dir: 1) ==========
end of yfs::readdir()

isfile: 257 is a file
getattr 0000000000000101 1
isfile: 257 is a file
getfile 0000000000000101
getfile 0000000000000101 -> sz 33792
   getattr -> 33792
   unique: 108, success, outsize: 144
unique: 109, opcode: UNLINK (10), nodeid: 1, insize: 53, pid: 1092
========= yfs::unlink(parent: 1, name: foo.txt.yfs2 ==========
========== yfs::readdir(dir: 1) ==========
end of yfs::readdir()

isdir: 257 is a file
   unique: 109, success, outsize: 16
unique: 110, opcode: FORGET (2), nodeid: 257, insize: 48, pid: 0
fuse: failed to unmount /home/stu/devlop/lab1/yfs2: Invalid argument
